Log file open, 03/15/15 23:11:47
LogInit:Display: Running engine for game: ProjectExplorer
LogInit: Version: 4.6.1-2386410+++depot+UE4-Releases+4.6
LogInit: API Version: 2369412
LogInit: Compiled (64-bit): Dec 11 2014 21:31:39
LogInit: Compiled with Visual C++: 18.00.21005.01
LogInit: Build Configuration: Development
LogInit: Branch Name: ++depot+UE4-Releases+4.6
LogInit: Command line:  
LogInit: Base directory: C:/Program Files/Epic Games/4.6/Engine/Binaries/Win64/
LogInit: Rocket: 1
[2015.03.15-22.11.47:160][  0]LogTaskGraph: Started task graph with 3 named threads and 6 total threads.
[2015.03.15-22.11.47:211][  0]LogOnline:Warning: No default platform service specified for OnlineSubsystem
[2015.03.15-22.11.47:758][  0]LogInit: Presizing for 0 objects not considered by GC, pre-allocating 0 bytes.
[2015.03.15-22.11.47:920][  0]LogInit: Object subsystem initialized
[2015.03.15-22.11.48:024][  0]LogConsoleResponse:Warning: Skipping Unknown console variable: 'UIScaleRule = ShortestSide'
[2015.03.15-22.11.48:024][  0]LogConsoleResponse:Warning:   Found in ini file 'C:/Users/Christoffer/Documents/ProjectExplorer/ProjectExplorer/Saved/Config/Windows/Engine.ini', in section '[/Script/Engine.RendererSettings]'
[2015.03.15-22.11.48:024][  0]LogConsoleResponse:Warning: Skipping Unknown console variable: 'UIScaleCurve = (EditorCurveData=(Keys=),ExternalCurve=None)'
[2015.03.15-22.11.48:024][  0]LogConsoleResponse:Warning:   Found in ini file 'C:/Users/Christoffer/Documents/ProjectExplorer/ProjectExplorer/Saved/Config/Windows/Engine.ini', in section '[/Script/Engine.RendererSettings]'
[2015.03.15-22.11.48:091][  0]LogConsoleManager:Warning: Console variable 'r.MSAA.CompositingSampleCount' wasn't set (Priority ProjectSetting < Scalability)
[2015.03.15-22.11.48:107][  0]LogInit: Selected Device Profile: [Windows]
[2015.03.15-22.11.48:107][  0]LogInit: Applying CVar settings loaded from the selected device profile: [Windows]
[2015.03.15-22.11.48:185][  0]LogInit: Computer: KUKRUNAR
[2015.03.15-22.11.48:185][  0]LogInit: User: Christoffer
[2015.03.15-22.11.48:185][  0]LogInit: CPU Page size=4096, Cores=4
[2015.03.15-22.11.48:185][  0]LogInit: High frequency timer resolution =3.222678 MHz
[2015.03.15-22.11.48:207][  0]LogMemory: Memory total: Physical=8.0GB (8GB approx) Virtual=131072.0GB
[2015.03.15-22.11.48:207][  0]LogMemory: Platform Memory Stats for Windows
[2015.03.15-22.11.48:207][  0]LogMemory: Process Physical Memory: 48.41 MB used, 48.41 MB peak
[2015.03.15-22.11.48:207][  0]LogMemory: Process Virtual Memory: 24.29 MB used, 26.64 MB peak
[2015.03.15-22.11.48:207][  0]LogMemory: Physical Memory: 4605.98 MB used, 8168.95 MB total
[2015.03.15-22.11.48:207][  0]LogMemory: Virtual Memory: 276.29 MB used, 134217728.00 MB total
[2015.03.15-22.11.48:565][  0]LogD3D11RHI: Found D3D11 adapter 0: NVIDIA GeForce GTX 770 (Feature Level 11_0)
[2015.03.15-22.11.48:565][  0]LogD3D11RHI: Adapter has 4011MB of dedicated video memory, 0MB of dedicated system memory, and 4084MB of shared system memory, 1 output[s]
[2015.03.15-22.11.48:590][  0]LogD3D11RHI: Found D3D11 adapter 1: Microsoft Basic Render Driver (Feature Level 11_0)
[2015.03.15-22.11.48:590][  0]LogD3D11RHI: Adapter has 0MB of dedicated video memory, 0MB of dedicated system memory, and 256MB of shared system memory, 0 output[s]
[2015.03.15-22.11.48:590][  0]LogD3D11RHI: Chosen D3D11 Adapter Id = 0
[2015.03.15-22.11.48:620][  0]LogRHI: Texture pool is 1361 MB (70% of 1945 MB)
[2015.03.15-22.11.48:634][  0]LogD3D11RHI: Async texture creation enabled
[2015.03.15-22.11.51:324][  0]LogTextLocalizationManager: The requested culture ('sv_SE') has no localization data; falling back to 'en' for localization and internationalization data.
[2015.03.15-22.11.51:581][  0]LogContentStreaming: Texture pool size is 0.000000MB
[2015.03.15-22.12.06:208][  0]LogTargetPlatformManager:Display: Building Assets For Windows
[2015.03.15-22.12.07:467][  0]LogTargetPlatformManager:Display: Building Assets For Windows
[2015.03.15-22.12.07:588][  0]LogDerivedDataCache:Display: Max Cache Size: 512 MB
[2015.03.15-22.12.08:420][  0]LogDerivedDataCache: Loaded boot cache 0.80s 39MB C:/Users/Christoffer/AppData/Local/UnrealEngine/4.6/DerivedDataCache/Boot.ddc.
[2015.03.15-22.12.08:420][  0]LogDerivedDataCache:Display: Loaded Boot cache: C:/Users/Christoffer/AppData/Local/UnrealEngine/4.6/DerivedDataCache/Boot.ddc
[2015.03.15-22.12.08:420][  0]LogDerivedDataCache: FDerivedDataBackendGraph:  Pak pak cache file ../../../../../../Users/Christoffer/Documents/ProjectExplorer/ProjectExplorer/DerivedDataCache/DDC.ddp not found, will not use a pak cache.
[2015.03.15-22.12.08:420][  0]LogDerivedDataCache: Unable to find inner node Pak for hierarchical cache Hierarchy.
[2015.03.15-22.12.08:650][  0]LogDerivedDataCache:Display: Pak cache opened for reading ../../../Engine/DerivedDataCache/DDC.ddp.
[2015.03.15-22.12.08:737][  0]LogDerivedDataCache: Using Local data cache path C:/Users/Christoffer/AppData/Local/UnrealEngine/Common/DerivedDataCache: Writable
[2015.03.15-22.12.15:181][  0]LogCollisionProfile:Warning: Profile (UI) - Custom Channel Name = 'Weapon' hasn't been found
[2015.03.15-22.12.16:957][  0]LogMeshUtilities: No automatic mesh reduction module available
[2015.03.15-22.12.16:957][  0]LogMeshUtilities: No automatic mesh merging module available
[2015.03.15-22.12.22:096][  0]LogInit: WinSock: version 1.1 (2.2), MaxSocks=32767, MaxUdp=65467
[2015.03.15-22.12.22:864][  0]LogSlate:Warning: Failed to load font data from '../../../Engine/Content/Slate/Fonts/Roboto-Italic.ttf'
[2015.03.15-22.12.50:431][  0]UdpMessaging: Initializing bridge on interface 0.0.0.0:0 to multicast group 230.0.0.1:6666.
[2015.03.15-22.12.53:610][  0]SourceControl: Info Source control is disabled
[2015.03.15-22.12.53:611][  0]SourceControl: Info Source control is disabled
[2015.03.15-22.12.53:616][  0]SourceControl: Info Source control is disabled
[2015.03.15-22.12.54:922][  0]LogObj: 23762 objects as part of root set at end of initial load.
[2015.03.15-22.12.54:922][  0]LogUObjectAllocator: 5176184 out of 0 bytes used by permanent object pool.
[2015.03.15-22.12.56:374][  0]LogEngine: Initializing Engine...
[2015.03.15-22.12.57:075][  0]LogInit: XAudio2 using 'SAMSUNG-4 (NVIDIA High Definition Audio)' : 2 channels at 48 kHz using 16 bits per sample (channel mask 0x3)
[2015.03.15-22.12.57:080][  0]LogInit: FAudioDevice initialized.
[2015.03.15-22.12.57:745][  0]LogAIModule: Creating AISystem for world NewWorld
[2015.03.15-22.12.57:978][  0]LogDerivedDataCache: Saved boot cache 0.05s 39MB C:/Users/Christoffer/AppData/Local/UnrealEngine/4.6/DerivedDataCache/Boot.ddc.
[2015.03.15-22.12.57:984][  0]LogInit: Texture streaming: Enabled
[2015.03.15-22.12.58:121][  0]LogAnalytics: Creating configured Analytics provider AnalyticsET
[2015.03.15-22.12.58:121][  0]LogAnalytics: ET APIKey = Rocket.Release. APIServer = http://et2.epicgames.com/ET2/. AppVersion = 4.6.1-2386410+++depot+UE4-Releases+4.6
[2015.03.15-22.12.58:122][  0]LogAnalytics: SetUserId e46223e1b84009ca22d653c003e667e2
[2015.03.15-22.12.58:122][  0]LogAnalytics: AnalyticsET::StartSession [Rocket.Release]
[2015.03.15-22.12.59:336][  0]LogInit: Transaction tracking system initialized
[2015.03.15-22.13.00:218][  0]BlueprintLog: New page: Editor Load
[2015.03.15-22.13.00:433][  0]LogAssetRegistry: FAssetRegistry took 0.0108 seconds to start up
[2015.03.15-22.13.00:433][  0]LogDirectoryWatcher:Warning: Failed to begin reading directory changes for ../../../Engine/Plugins/Experimental/CharacterAI/Content/. Error: 0
[2015.03.15-22.13.02:839][  0]LogTargetPlatformManager:Display: Building Assets For Windows
[2015.03.15-22.13.03:232][  0]LogTargetPlatformManager:Display: Building Assets For Windows
[2015.03.15-22.13.04:384][  0]LogConsoleResponse:Display: 
[2015.03.15-22.13.05:884][  0]LogLinker:Warning: Asset '../../../Engine/Content/Functions/Engine_MaterialFunctions03/Procedurals/ComputeFilterWidth.uasset' has been saved with empty engine version. The asset will be loaded but may be incompatible.
[2015.03.15-22.13.10:682][  0]SourceControl: Info Source control is disabled
[2015.03.15-22.13.10:732][  0]Cmd: MAP LOAD FILE="../../../../../../Users/Christoffer/Documents/ProjectExplorer/ProjectExplorer/Content/Maps/Example_Map.umap" TEMPLATE=0 SHOWPROGRESS=1
[2015.03.15-22.13.10:732][  0]LogEditorServer:Warning: Can't find file '../../../../../../Users/Christoffer/Documents/ProjectExplorer/ProjectExplorer/Content/Maps/Example_Map.umap'
[2015.03.15-22.13.10:740][  0]Cmd: MAP CHECKDEP
[2015.03.15-22.13.10:752][  0]MapCheck: New page: Untitled_0 - Mar 16, 2015, 12:13:10 AM
[2015.03.15-22.13.10:877][  0]MapCheck: Info Map check complete: 0 Error(s), 0 Warning(s), took 137.372ms to complete.
[2015.03.15-22.13.10:877][  0]LogFileHelpers: Loading map 'Example_Map' took 0.159
[2015.03.15-22.13.12:197][  0]LogCollectionManager: Loaded 0 collections in 0.000917 seconds
[2015.03.15-22.13.13:410][  0]LogCrashTracker: Crashtracker disabled due to settings.
[2015.03.15-22.13.13:512][  0]LogUObjectGlobals:Warning: Failed to find object 'Class None.'
[2015.03.15-22.13.13:571][  0]LogLoad: Full Startup: 96.32 seconds (BP compile: 0.21 seconds)
[2015.03.15-22.13.13:942][  0]LogContentBrowser:Verbose: The content browser source was changed by the sources view to '/Game/Maps'
[2015.03.15-22.13.15:644][  0]LogRenderer:Warning: Reallocating scene render targets to support 1072x904.
[2015.03.15-22.13.18:155][  3]LogAssetRegistry: Asset discovery search completed in 17.7339 seconds
[2015.03.15-22.13.45:175][341]Cmd: MAP LOAD FILE="../../../../../../Users/Christoffer/Documents/ProjectExplorer/ProjectExplorer/Content/Maps/House.umap" TEMPLATE=0 SHOWPROGRESS=1
[2015.03.15-22.13.45:176][341]LightingResults: New page: Lighting Build
[2015.03.15-22.13.45:451][341]LoadErrors: New page: Loading map: House.umap
[2015.03.15-22.13.45:590][341]MapCheck: New page: Map Check
[2015.03.15-22.13.45:590][341]LightingResults: New page: Lighting Build
[2015.03.15-22.13.45:596][341]LogParticles: Destroying 0 GPU particle simulations for FXSystem 0x000000CB67C31580
[2015.03.15-22.13.46:293][341]LogEditorServer: Finished looking for orphan Actors (0.000 secs)
[2015.03.15-22.13.46:293][341]LogAIModule: Creating AISystem for world House
[2015.03.15-22.13.46:377][341]Cmd: MAP CHECKDEP
[2015.03.15-22.13.46:377][341]MapCheck: New page: House - Mar 16, 2015, 12:13:46 AM
[2015.03.15-22.13.46:471][341]MapCheck: Info Map check complete: 0 Error(s), 0 Warning(s), took 93.701ms to complete.
[2015.03.15-22.13.46:471][341]LogFileHelpers: Loading map 'House' took 1.328
[2015.03.15-22.13.58:881][ 79]LogEditorViewport: Clicking on Actor (LMB): StaticMeshActor (Window_Window)
[2015.03.15-22.14.00:916][ 79]LogPropertyNode:Warning: UI Min (0.001) >= UI Max () for Ranged Numeric
[2015.03.15-22.14.18:756][523]LogMaterial: Missing cached shader map for material PreviewMaterial_0, compiling.
[2015.03.15-22.14.18:920][523]LogActorComponent: UnregisterComponent: (/Engine/Transient.SkeletalMeshComponent_0) Not registered. Aborting.
[2015.03.15-22.14.19:334][523]LogActorComponent: UnregisterComponent: (/Engine/Transient.SkeletalMeshComponent_0) Not registered. Aborting.
[2015.03.15-22.14.19:334][523]LogActorComponent: RegisterComponentWithWorld: (/Engine/Transient.MaterialEditorMeshComponent_0) Already registered. Aborting.
[2015.03.15-22.14.19:334][523]LogActorComponent: UnregisterComponent: (/Engine/Transient.SkeletalMeshComponent_0) Not registered. Aborting.
[2015.03.15-22.14.19:334][523]LogActorComponent: RegisterComponentWithWorld: (/Engine/Transient.MaterialEditorMeshComponent_0) Already registered. Aborting.
[2015.03.15-22.14.19:396][523]LogMaterial: Missing cached shader map for material PreviewMaterial_0, compiling.
[2015.03.15-22.14.19:486][523]LogMaterial: Missing cached shader map for material FMatExpressionPreview MaterialExpressionTextureSampleParameter2D_0, compiling.
[2015.03.15-22.14.19:660][523]LogMaterial: Missing cached shader map for material FMatExpressionPreview MaterialExpressionTextureSampleParameter2D_3, compiling.
[2015.03.15-22.14.19:740][523]LogMaterial: Missing cached shader map for material FMatExpressionPreview MaterialExpressionTextureSampleParameter2D_2, compiling.
[2015.03.15-22.14.19:876][523]LogMaterial: Missing cached shader map for material FMatExpressionPreview MaterialExpressionTextureSampleParameter2D_1, compiling.
[2015.03.15-22.14.20:029][523]LogMaterial: Missing cached shader map for material FMatExpressionPreview MaterialExpressionTextureSample_0, compiling.
[2015.03.15-22.14.21:456][524]LogSynthBenchmark:Display: FSynthBenchmark (V0.95):  requested WorkScale=1.00
[2015.03.15-22.14.21:456][524]LogSynthBenchmark:Display: ===============
[2015.03.15-22.14.21:456][524]LogSynthBenchmark:Display: Main Processor:
[2015.03.15-22.14.21:491][524]LogSynthBenchmark:Display:          ... 0.016587 s/Run 'RayIntersect'
[2015.03.15-22.14.21:491][524]LogSynthBenchmark:Display:          ... 0.018258 s/Run 'Fractal'
[2015.03.15-22.14.21:491][524]LogSynthBenchmark:Display: 
[2015.03.15-22.14.21:491][524]LogSynthBenchmark:Display:   CompiledTarget_x_Bits: 64
[2015.03.15-22.14.21:491][524]LogSynthBenchmark:Display:   UE_BUILD_SHIPPING: 0
[2015.03.15-22.14.21:491][524]LogSynthBenchmark:Display:   UE_BUILD_TEST: 0
[2015.03.15-22.14.21:491][524]LogSynthBenchmark:Display:   UE_BUILD_DEBUG: 0
[2015.03.15-22.14.21:491][524]LogSynthBenchmark:Display:   TotalPhysicalGBRam: 8
[2015.03.15-22.14.21:491][524]LogSynthBenchmark:Display:   NumberOfCores (physical): 4
[2015.03.15-22.14.21:491][524]LogSynthBenchmark:Display:   NumberOfCores (logical): 4
[2015.03.15-22.14.21:491][524]LogSynthBenchmark:Display:   CPU Perf Index 0: 154.4
[2015.03.15-22.14.21:491][524]LogSynthBenchmark:Display:   CPU Perf Index 1: 156.6
[2015.03.15-22.14.21:491][524]LogSynthBenchmark:Display:  
[2015.03.15-22.14.21:491][524]LogSynthBenchmark:Display: Graphics:
[2015.03.15-22.14.21:491][524]LogSynthBenchmark:Display:   Adapter Name: 'NVIDIA GeForce GTX 770'
[2015.03.15-22.14.21:491][524]LogSynthBenchmark:Display:   (On Optimus the name might be wrong, memory should be ok)
[2015.03.15-22.14.21:491][524]LogSynthBenchmark:Display:   Vendor Id: 0x10de
[2015.03.15-22.14.21:491][524]LogSynthBenchmark:Display:   GPU Memory: 4012/0/4085 MB
[2015.03.15-22.14.21:491][524]LogSynthBenchmark:Display:   CPUIndex: 154.4
[2015.03.15-22.14.21:491][524]LogSynthBenchmark:Display:   GPUIndex: -1.$
[2015.03.15-22.14.21:491][524]LogSynthBenchmark:Display: 
[2015.03.15-22.14.21:491][524]LogSynthBenchmark:Display:          ... Total Time: 0.035072 sec
[2015.03.15-22.14.21:882][525]LogContentBrowser:Verbose: The content browser source was changed by the sources view to '/Game'
[2015.03.15-22.14.25:279][757]MaterialEditorStats: Info Base pass shader with static lighting: 119 instructions
[2015.03.15-22.14.25:279][757]MaterialEditorStats: Info Base pass shader with only dynamic lighting: 88 instructions
[2015.03.15-22.14.25:279][757]MaterialEditorStats: Info Vertex shader: 33 instructions
[2015.03.15-22.14.25:279][757]MaterialEditorStats: Info Texture samplers: 6/16
[2015.03.15-22.14.29:387][121]LogContentBrowser:Verbose: The content browser source was changed by the sources view to '/Game/Textures'
[2015.03.15-22.14.31:939][390]LogContentBrowser:Verbose: The content browser source was changed by the sources view to '/Game'
[2015.03.15-22.14.32:925][497]LogContentBrowser:Verbose: The content browser source was changed by the sources view to '/Game/Meshes'
[2015.03.15-22.14.34:072][617]LogContentBrowser:Verbose: The content browser source was changed by the sources view to '/Game/Meshes/PocketWatch'
[2015.03.15-22.14.35:353][730]LogContentBrowser:Verbose: The content browser source was changed by the sources view to '/Game/Meshes'
[2015.03.15-22.14.37:581][966]LogContentBrowser:Verbose: The content browser source was changed by the sources view to '/Game'
[2015.03.15-22.14.38:467][ 62]LogContentBrowser:Verbose: The content browser source was changed by the sources view to '/Game/Textures'
[2015.03.15-22.14.40:370][259]LogContentBrowser:Verbose: The content browser source was changed by the sources view to '/Game/Textures/Window'
[2015.03.15-22.14.41:647][363]LogMaterial: Missing cached shader map for material PreviewMaterial_1, compiling.
[2015.03.15-22.14.41:665][363]LogActorComponent: UnregisterComponent: (/Engine/Transient.SkeletalMeshComponent_1) Not registered. Aborting.
[2015.03.15-22.14.41:712][363]LogActorComponent: UnregisterComponent: (/Engine/Transient.SkeletalMeshComponent_1) Not registered. Aborting.
[2015.03.15-22.14.41:712][363]LogActorComponent: RegisterComponentWithWorld: (/Engine/Transient.MaterialEditorMeshComponent_1) Already registered. Aborting.
[2015.03.15-22.14.41:712][363]LogActorComponent: UnregisterComponent: (/Engine/Transient.SkeletalMeshComponent_1) Not registered. Aborting.
[2015.03.15-22.14.41:712][363]LogActorComponent: RegisterComponentWithWorld: (/Engine/Transient.MaterialEditorMeshComponent_1) Already registered. Aborting.
[2015.03.15-22.14.41:722][363]LogMaterial: Missing cached shader map for material PreviewMaterial_1, compiling.
[2015.03.15-22.14.41:753][363]LogMaterial: Missing cached shader map for material FMatExpressionPreview MaterialExpressionTextureSampleParameter2D_11, compiling.
[2015.03.15-22.14.41:779][363]LogMaterial: Missing cached shader map for material FMatExpressionPreview MaterialExpressionConstant4Vector_0, compiling.
[2015.03.15-22.14.41:833][363]LogMaterial: Missing cached shader map for material FMatExpressionPreview MaterialExpressionTextureSampleParameter2D_12, compiling.
[2015.03.15-22.14.45:480][593]MaterialEditorStats: Info Base pass shader with static lighting: 105 instructions
[2015.03.15-22.14.45:480][593]MaterialEditorStats: Info Base pass shader with only dynamic lighting: 85 instructions
[2015.03.15-22.14.45:480][593]MaterialEditorStats: Info Base pass shader for self shadowed translucency: 122 instructions
[2015.03.15-22.14.45:480][593]MaterialEditorStats: Info Vertex shader: 70 instructions
[2015.03.15-22.14.45:480][593]MaterialEditorStats: Info Texture samplers: 9/16
[2015.03.15-22.15.40:706][621]LogMaterial: Missing cached shader map for material FMatExpressionPreview MaterialExpressionTextureSampleParameter2D_11, compiling.
[2015.03.15-22.15.40:728][621]LogMaterial: Missing cached shader map for material FMatExpressionPreview MaterialExpressionConstant4Vector_0, compiling.
[2015.03.15-22.15.40:769][621]LogMaterial: Missing cached shader map for material FMatExpressionPreview MaterialExpressionTextureSampleParameter2D_12, compiling.
[2015.03.15-22.15.51:586][336]LogMaterial: Missing cached shader map for material PreviewMaterial_1, compiling.
[2015.03.15-22.15.53:921][475]LogMaterial: Missing cached shader map for material PreviewMaterial_1, compiling.
[2015.03.15-22.15.56:669][524]MaterialEditorStats: Info Base pass shader with static lighting: 105 instructions
[2015.03.15-22.15.56:669][524]MaterialEditorStats: Info Base pass shader with only dynamic lighting: 85 instructions
[2015.03.15-22.15.56:669][524]MaterialEditorStats: Info Base pass shader for self shadowed translucency: 122 instructions
[2015.03.15-22.15.56:669][524]MaterialEditorStats: Info Vertex shader: 70 instructions
[2015.03.15-22.15.56:669][524]MaterialEditorStats: Info Texture samplers: 9/16
[2015.03.15-22.19.29:863][211]LogParticles: Destroying 0 GPU particle simulations for FXSystem 0x000000CB6FA81940
[2015.03.15-22.19.29:863][211]LogParticles: Destroying 0 GPU particle simulations for FXSystem 0x000000CB6E327240
[2015.03.15-22.19.30:555][212]Cmd: QUIT_EDITOR
[2015.03.15-22.19.31:245][212]LogExit: Preparing to exit.
[2015.03.15-22.19.32:176][212]LogExit: Editor shut down
[2015.03.15-22.19.32:176][212]LogExit: Transaction tracking system shut down
[2015.03.15-22.19.32:177][212]LogParticles: Destroying 0 GPU particle simulations for FXSystem 0x000000CB64C90540
[2015.03.15-22.19.32:183][212]LogParticles: Destroying 0 GPU particle simulations for FXSystem 0x000000CB64B414E0
[2015.03.15-22.19.32:183][212]LogParticles: Destroying 0 GPU particle simulations for FXSystem 0x000000CB60B5A0C0
[2015.03.15-22.19.32:814][212]LogExit: Object subsystem successfully closed.
[2015.03.15-22.19.33:660][212]LogModuleManager: Shutting down and abandoning module SynthBenchmark (174)
[2015.03.15-22.19.33:660][212]LogModuleManager: Shutting down and abandoning module MaterialEditor (173)
[2015.03.15-22.19.33:660][212]LogModuleManager: Shutting down and abandoning module StatsViewer (172)
[2015.03.15-22.19.33:752][212]LogModuleManager: Shutting down and abandoning module AndroidDeviceDetection (171)
[2015.03.15-22.19.33:752][212]LogModuleManager: Shutting down and abandoning module CrashTracker (170)
[2015.03.15-22.19.33:752][212]LogModuleManager: Shutting down and abandoning module SuperSearch (169)
[2015.03.15-22.19.33:752][212]LogModuleManager: Shutting down and abandoning module SceneOutliner (168)
[2015.03.15-22.19.33:752][212]LogModuleManager: Shutting down and abandoning module EditorWidgets (167)
[2015.03.15-22.19.33:752][212]LogModuleManager: Shutting down and abandoning module CollectionManager (166)
[2015.03.15-22.19.33:752][212]LogModuleManager: Shutting down and abandoning module FoliageEdit (165)
[2015.03.15-22.19.33:752][212]LogModuleManager: Shutting down and abandoning module LandscapeEditor (164)
[2015.03.15-22.19.33:923][212]LogModuleManager: Shutting down and abandoning module MeshPaint (163)
[2015.03.15-22.19.33:923][212]LogModuleManager: Shutting down and abandoning module ActorPickerMode (162)
[2015.03.15-22.19.33:923][212]LogModuleManager: Shutting down and abandoning module GeometryMode (161)
[2015.03.15-22.19.33:923][212]LogModuleManager: Shutting down and abandoning module TextureAlignMode (160)
[2015.03.15-22.19.33:923][212]LogModuleManager: Shutting down and abandoning module BspMode (159)
[2015.03.15-22.19.33:923][212]LogModuleManager: Shutting down and abandoning module PlacementMode (158)
[2015.03.15-22.19.33:923][212]LogModuleManager: Shutting down and abandoning module AutomationWorker (157)
[2015.03.15-22.19.33:923][212]LogModuleManager: Shutting down and abandoning module CharacterAI (156)
[2015.03.15-22.19.33:923][212]LogModuleManager: Shutting down and abandoning module GameProjectGeneration (155)
[2015.03.15-22.19.33:923][212]LogModuleManager: Shutting down and abandoning module IntroTutorials (154)
[2015.03.15-22.19.33:923][212]LogModuleManager: Shutting down and abandoning module EditorLiveStreaming (153)
[2015.03.15-22.19.33:923][212]LogModuleManager: Shutting down and abandoning module HardwareTargeting (152)
[2015.03.15-22.19.33:923][212]LogModuleManager: Shutting down and abandoning module DeviceProfileEditor (151)
[2015.03.15-22.19.33:923][212]LogModuleManager: Shutting down and abandoning module UndoHistory (150)
[2015.03.15-22.19.33:923][212]LogModuleManager: Shutting down and abandoning module GameplayTagsEditor (149)
[2015.03.15-22.19.33:923][212]LogModuleManager: Shutting down and abandoning module UserFeedback (148)
[2015.03.15-22.19.33:923][212]LogModuleManager: Shutting down and abandoning module XmlParser (147)
[2015.03.15-22.19.33:923][212]LogModuleManager: Shutting down and abandoning module Blutility (146)
[2015.03.15-22.19.33:923][212]LogModuleManager: Shutting down and abandoning module IOSPlatformEditor (145)
[2015.03.15-22.19.33:923][212]LogModuleManager: Shutting down and abandoning module IOSRuntimeSettings (144)
[2015.03.15-22.19.33:923][212]LogModuleManager: Shutting down and abandoning module AndroidPlatformEditor (143)
[2015.03.15-22.19.33:923][212]LogModuleManager: Shutting down and abandoning module AndroidRuntimeSettings (142)
[2015.03.15-22.19.33:923][212]LogModuleManager: Shutting down and abandoning module ProjectTargetPlatformEditor (141)
[2015.03.15-22.19.33:923][212]LogModuleManager: Shutting down and abandoning module ProjectSettingsViewer (140)
[2015.03.15-22.19.33:923][212]LogModuleManager: Shutting down and abandoning module InputBindingEditor (139)
[2015.03.15-22.19.33:923][212]LogModuleManager: Shutting down and abandoning module EditorSettingsViewer (138)
[2015.03.15-22.19.33:923][212]LogModuleManager: Shutting down and abandoning module SettingsEditor (137)
[2015.03.15-22.19.33:923][212]LogModuleManager: Shutting down and abandoning module ProjectLauncher (136)
[2015.03.15-22.19.33:923][212]LogModuleManager: Shutting down and abandoning module SessionFrontend (135)
[2015.03.15-22.19.33:923][212]LogModuleManager: Shutting down and abandoning module ProfilerClient (134)
[2015.03.15-22.19.33:923][212]LogModuleManager: Shutting down and abandoning module TargetDeviceServices (133)
[2015.03.15-22.19.33:923][212]LogModuleManager: Shutting down and abandoning module DeviceManager (132)
[2015.03.15-22.19.33:923][212]LogModuleManager: Shutting down and abandoning module AutomationController (131)
[2015.03.15-22.19.33:923][212]LogModuleManager: Shutting down and abandoning module AutomationWindow (130)
[2015.03.15-22.19.34:023][212]LogModuleManager: Shutting down and abandoning module Layers (129)
[2015.03.15-22.19.34:103][212]LogModuleManager: Shutting down and abandoning module ComponentVisualizers (128)
[2015.03.15-22.19.34:103][212]LogModuleManager: Shutting down and abandoning module DetailCustomizations (127)
[2015.03.15-22.19.34:103][212]LogModuleManager: Shutting down and abandoning module PackagesDialog (126)
[2015.03.15-22.19.34:103][212]LogModuleManager: Shutting down and abandoning module AssetRegistry (125)
[2015.03.15-22.19.34:125][212]LogModuleManager: Shutting down and abandoning module Persona (124)
[2015.03.15-22.19.34:182][212]LogModuleManager: Shutting down and abandoning module Kismet (123)
[2015.03.15-22.19.34:378][212]LogModuleManager: Shutting down and abandoning module GraphEditor (122)
[2015.03.15-22.19.34:378][212]LogModuleManager: Shutting down and abandoning module ClassViewer (121)
[2015.03.15-22.19.34:378][212]LogModuleManager: Shutting down and abandoning module Toolbox (120)
[2015.03.15-22.19.34:378][212]LogModuleManager: Shutting down and abandoning module ModuleUI (119)
[2015.03.15-22.19.34:378][212]LogModuleManager: Shutting down and abandoning module MovieSceneTools (118)
[2015.03.15-22.19.34:445][212]LogModuleManager: Shutting down and abandoning module OutputLog (117)
[2015.03.15-22.19.34:445][212]LogModuleManager: Shutting down and abandoning module GammaUI (116)
[2015.03.15-22.19.34:445][212]LogModuleManager: Shutting down and abandoning module Documentation (115)
[2015.03.15-22.19.34:445][212]LogModuleManager: Shutting down and abandoning module GameLiveStreaming (114)
[2015.03.15-22.19.34:445][212]LogModuleManager: Shutting down and abandoning module StreamingPauseRendering (113)
[2015.03.15-22.19.34:445][212]LogModuleManager: Shutting down and abandoning module HTTP (112)
[2015.03.15-22.19.34:445][212]LogModuleManager: Shutting down and abandoning module AnalyticsET (111)
[2015.03.15-22.19.34:445][212]LogModuleManager: Shutting down and abandoning module Analytics (110)
[2015.03.15-22.19.34:445][212]LogModuleManager: Shutting down and abandoning module AITestSuite (109)
[2015.03.15-22.19.34:445][212]LogModuleManager: Shutting down and abandoning module AIModule (108)
[2015.03.15-22.19.34:569][212]LogModuleManager: Shutting down and abandoning module ProfilerService (107)
[2015.03.15-22.19.34:600][212]LogModuleManager: Shutting down and abandoning module TaskGraph (106)
[2015.03.15-22.19.34:719][212]LogModuleManager: Shutting down and abandoning module GameplayDebugger (105)
[2015.03.15-22.19.34:719][212]LogModuleManager: Shutting down and abandoning module SlateRemote (104)
[2015.03.15-22.19.34:719][212]LogModuleManager: Shutting down and abandoning module ScriptEditorPlugin (103)
[2015.03.15-22.19.34:719][212]LogModuleManager: Shutting down and abandoning module CustomMeshComponent (102)
[2015.03.15-22.19.34:719][212]LogModuleManager: Shutting down and abandoning module CableComponent (101)
[2015.03.15-22.19.34:719][212]LogModuleManager: Shutting down and abandoning module MessagingDebugger (100)
[2015.03.15-22.19.34:783][212]LogModuleManager: Shutting down and abandoning module MediaPlayerEditor (99)
[2015.03.15-22.19.34:822][212]LogModuleManager: Shutting down and abandoning module SpeedTreeImporter (98)
[2015.03.15-22.19.34:822][212]LogModuleManager: Shutting down and abandoning module PluginsEditor (97)
[2015.03.15-22.19.34:822][212]LogModuleManager: Shutting down and abandoning module EpicSurvey (96)
[2015.03.15-22.19.34:822][212]LogModuleManager: Shutting down and abandoning module DesktopPlatform (95)
[2015.03.15-22.19.34:822][212]LogModuleManager: Shutting down and abandoning module VisualStudioSourceCodeAccess (94)
[2015.03.15-22.19.34:822][212]LogModuleManager: Shutting down and abandoning module UObjectPlugin (93)
[2015.03.15-22.19.34:822][212]LogModuleManager: Shutting down and abandoning module SubversionSourceControl (92)
[2015.03.15-22.19.34:822][212]LogModuleManager: Shutting down and abandoning module SourceControl (91)
[2015.03.15-22.19.34:822][212]LogModuleManager: Shutting down and abandoning module PerforceSourceControl (90)
[2015.03.15-22.19.34:858][212]LogModuleManager: Shutting down and abandoning module BlankPlugin (89)
[2015.03.15-22.19.34:858][212]LogModuleManager: Shutting down and abandoning module SlateReflector (88)
[2015.03.15-22.19.34:858][212]LogModuleManager: Shutting down and abandoning module DirectoryWatcher (87)
[2015.03.15-22.19.34:859][212]LogModuleManager: Shutting down and abandoning module HotReload (86)
[2015.03.15-22.19.34:859][212]LogModuleManager: Shutting down and abandoning module MainFrame (85)
[2015.03.15-22.19.34:859][212]LogModuleManager: Shutting down and abandoning module LevelEditor (84)
[2015.03.15-22.19.34:917][212]LogModuleManager: Shutting down and abandoning module ViewportSnapping (83)
[2015.03.15-22.19.34:917][212]LogModuleManager: Shutting down and abandoning module SmartSnapping (82)
[2015.03.15-22.19.34:918][212]LogModuleManager: Shutting down and abandoning module PaperTiledImporter (81)
[2015.03.15-22.19.34:918][212]LogModuleManager: Shutting down and abandoning module PaperJsonImporter (80)
[2015.03.15-22.19.34:918][212]LogModuleManager: Shutting down and abandoning module ContentBrowser (79)
[2015.03.15-22.19.34:918][212]LogModuleManager: Shutting down and abandoning module Paper2DEditor (78)
[2015.03.15-22.19.35:053][212]LogModuleManager: Shutting down and abandoning module ProjectExplorer (77)
[2015.03.15-22.19.35:053][212]LogModuleManager: Shutting down and abandoning module ScriptPlugin (76)
[2015.03.15-22.19.35:122][212]LogModuleManager: Shutting down and abandoning module UdpMessaging (75)
[2015.03.15-22.19.35:223][212]LogModuleManager: Shutting down and abandoning module Paper2D (74)
[2015.03.15-22.19.35:223][212]LogModuleManager: Shutting down and abandoning module WindowsMoviePlayer (73)
[2015.03.15-22.19.35:223][212]LogModuleManager: Shutting down and abandoning module Media (72)
[2015.03.15-22.19.35:223][212]LogModuleManager: Shutting down and abandoning module WmfMedia (71)
[2015.03.15-22.19.35:223][212]LogModuleManager: Shutting down and abandoning module OnlineBlueprintSupport (70)
[2015.03.15-22.19.35:223][212]LogModuleManager: Shutting down and abandoning module PropertyEditor (69)
[2015.03.15-22.19.35:223][212]LogModuleManager: Shutting down and abandoning module BehaviorTreeEditor (68)
[2015.03.15-22.19.35:251][212]LogModuleManager: Shutting down and abandoning module FunctionalTesting (67)
[2015.03.15-22.19.35:251][212]LogModuleManager: Shutting down and abandoning module CollisionAnalyzer (66)
[2015.03.15-22.19.35:259][212]LogModuleManager: Shutting down and abandoning module WorkspaceMenuStructure (65)
[2015.03.15-22.19.35:259][212]LogModuleManager: Shutting down and abandoning module MessageLog (64)
[2015.03.15-22.19.35:259][212]LogModuleManager: Shutting down and abandoning module Sequencer (63)
[2015.03.15-22.19.35:290][212]LogModuleManager: Shutting down and abandoning module AssetTools (62)
[2015.03.15-22.19.35:307][212]LogModuleManager: Shutting down and abandoning module UMGEditor (61)
[2015.03.15-22.19.35:307][212]LogModuleManager: Shutting down and abandoning module UMG (60)
[2015.03.15-22.19.35:335][212]LogModuleManager: Shutting down and abandoning module Slate (59)
[2015.03.15-22.19.35:335][212]LogModuleManager: Shutting down and abandoning module EditorStyle (58)
[2015.03.15-22.19.35:339][212]LogModuleManager: Shutting down and abandoning module SessionServices (57)
[2015.03.15-22.19.35:339][212]LogModuleManager: Shutting down and abandoning module SourceCodeAccess (56)
[2015.03.15-22.19.35:339][212]LogModuleManager: Shutting down and abandoning module HeadMountedDisplay (55)
[2015.03.15-22.19.35:339][212]LogModuleManager: Shutting down and abandoning module XAudio2 (54)
[2015.03.15-22.19.35:339][212]LogModuleManager: Shutting down and abandoning module Networking (52)
[2015.03.15-22.19.35:339][212]LogModuleManager: Shutting down and abandoning module Core (51)
[2015.03.15-22.19.35:339][212]LogModuleManager: Shutting down and abandoning module KismetCompiler (50)
[2015.03.15-22.19.35:339][212]LogModuleManager: Shutting down and abandoning module PhysXFormats (49)
[2015.03.15-22.19.35:339][212]LogModuleManager: Shutting down and abandoning module MeshUtilities (48)
[2015.03.15-22.19.35:366][212]LogModuleManager: Shutting down and abandoning module DerivedDataCache (47)
[2015.03.15-22.19.35:385][212]LogDerivedDataCache: Shutdown
[2015.03.15-22.19.35:385][212]LogModuleManager: Shutting down and abandoning module ShaderFormatOpenGL (46)
[2015.03.15-22.19.35:385][212]LogModuleManager: Shutting down and abandoning module ShaderFormatD3D (45)
[2015.03.15-22.19.35:385][212]LogModuleManager: Shutting down and abandoning module MetalShaderFormat (44)
[2015.03.15-22.19.35:400][212]LogModuleManager: Shutting down and abandoning module TextureFormatUncompressed (43)
[2015.03.15-22.19.35:400][212]LogModuleManager: Shutting down and abandoning module TextureFormatPVR (42)
[2015.03.15-22.19.35:400][212]LogModuleManager: Shutting down and abandoning module TextureFormatDXT (41)
[2015.03.15-22.19.35:400][212]LogModuleManager: Shutting down and abandoning module TextureFormatAndroid (40)
[2015.03.15-22.19.35:400][212]LogModuleManager: Shutting down and abandoning module AudioFormatOpus (39)
[2015.03.15-22.19.35:400][212]LogModuleManager: Shutting down and abandoning module AudioFormatOgg (38)
[2015.03.15-22.19.35:400][212]LogModuleManager: Shutting down and abandoning module AudioFormatADPCM (37)
[2015.03.15-22.19.35:400][212]LogModuleManager: Shutting down and abandoning module LinuxTargetPlatform (36)
[2015.03.15-22.19.35:400][212]LogModuleManager: Shutting down and abandoning module LinuxServerTargetPlatform (35)
[2015.03.15-22.19.35:400][212]LogModuleManager: Shutting down and abandoning module LinuxNoEditorTargetPlatform (34)
[2015.03.15-22.19.35:400][212]LogModuleManager: Shutting down and abandoning module Messaging (33)
[2015.03.15-22.19.35:400][212]LogModuleManager: Shutting down and abandoning module IOSTargetPlatform (32)
[2015.03.15-22.19.35:400][212]LogModuleManager: Shutting down and abandoning module Android_PVRTCTargetPlatform (31)
[2015.03.15-22.19.35:400][212]LogModuleManager: Shutting down and abandoning module Android_ETC2TargetPlatform (30)
[2015.03.15-22.19.35:400][212]LogModuleManager: Shutting down and abandoning module Android_ETC1TargetPlatform (29)
[2015.03.15-22.19.35:400][212]LogModuleManager: Shutting down and abandoning module Android_DXTTargetPlatform (28)
[2015.03.15-22.19.35:400][212]LogModuleManager: Shutting down and abandoning module Android_ATCTargetPlatform (27)
[2015.03.15-22.19.35:400][212]LogModuleManager: Shutting down and abandoning module AndroidTargetPlatform (26)
[2015.03.15-22.19.35:400][212]LogModuleManager: Shutting down and abandoning module WindowsTargetPlatform (25)
[2015.03.15-22.19.35:400][212]LogModuleManager: Shutting down and abandoning module WindowsServerTargetPlatform (24)
[2015.03.15-22.19.35:400][212]LogModuleManager: Shutting down and abandoning module WindowsNoEditorTargetPlatform (23)
[2015.03.15-22.19.35:400][212]LogModuleManager: Shutting down and abandoning module WindowsClientTargetPlatform (22)
[2015.03.15-22.19.35:400][212]LogModuleManager: Shutting down and abandoning module TargetPlatform (21)
[2015.03.15-22.19.35:400][212]LogModuleManager: Shutting down and abandoning module InputCore (20)
[2015.03.15-22.19.35:401][212]LogModuleManager: Shutting down and abandoning module Settings (19)
[2015.03.15-22.19.35:401][212]LogModuleManager: Shutting down and abandoning module ImageWrapper (18)
[2015.03.15-22.19.35:401][212]LogModuleManager: Shutting down and abandoning module OculusRift (15)
[2015.03.15-22.19.35:401][212]LogModuleManager: Shutting down and abandoning module ExampleDeviceProfileSelector (14)
[2015.03.15-22.19.35:401][212]LogModuleManager: Shutting down and abandoning module TextureCompressor (13)
[2015.03.15-22.19.35:401][212]LogModuleManager: Shutting down and abandoning module ShaderCore (12)
[2015.03.15-22.19.35:401][212]LogModuleManager: Shutting down and abandoning module Landscape (11)
[2015.03.15-22.19.35:401][212]LogModuleManager: Shutting down and abandoning module SlateRHIRenderer (10)
[2015.03.15-22.19.35:402][212]LogModuleManager: Shutting down and abandoning module OpenGLDrv (9)
[2015.03.15-22.19.35:402][212]LogModuleManager: Shutting down and abandoning module D3D11RHI (8)
[2015.03.15-22.19.35:402][212]LogModuleManager: Shutting down and abandoning module Renderer (7)
[2015.03.15-22.19.35:402][212]LogModuleManager: Shutting down and abandoning module Engine (6)
[2015.03.15-22.19.35:402][212]LogModuleManager: Shutting down and abandoning module CoreUObject (5)
[2015.03.15-22.19.35:402][212]LogModuleManager: Shutting down and abandoning module NetworkFile (4)
[2015.03.15-22.19.35:402][212]LogModuleManager: Shutting down and abandoning module StreamingFile (3)
[2015.03.15-22.19.35:402][212]LogModuleManager: Shutting down and abandoning module SandboxFile (2)
[2015.03.15-22.19.35:402][212]LogModuleManager: Shutting down and abandoning module PakFile (1)
[2015.03.15-22.19.35:403][212]LogExit: Exiting.
[2015.03.15-22.19.35:417][212]Log file closed, 03/15/15 23:19:35
