Log file open, 02/28/15 17:57:39
LogInit:Display: Running engine for game: ProjectExplorer
LogInit: Version: 4.6.1-2386410+++depot+UE4-Releases+4.6
LogInit: API Version: 2369412
LogInit: Compiled (64-bit): Dec 11 2014 21:31:39
LogInit: Compiled with Visual C++: 18.00.21005.01
LogInit: Build Configuration: Development
LogInit: Branch Name: ++depot+UE4-Releases+4.6
LogInit: Command line:  
LogInit: Base directory: C:/Program Files/Epic Games/4.6/Engine/Binaries/Win64/
LogInit: Rocket: 1
[2015.02.28-16.57.39:857][  0]LogTaskGraph: Started task graph with 3 named threads and 6 total threads.
[2015.02.28-16.57.39:907][  0]LogOnline:Warning: No default platform service specified for OnlineSubsystem
[2015.02.28-16.57.39:928][  0]LogInit: Presizing for 0 objects not considered by GC, pre-allocating 0 bytes.
[2015.02.28-16.57.39:935][  0]LogInit: Object subsystem initialized
[2015.02.28-16.57.39:936][  0]LogConsoleResponse:Warning: Skipping Unknown console variable: 'UIScaleRule = ShortestSide'
[2015.02.28-16.57.39:936][  0]LogConsoleResponse:Warning:   Found in ini file 'C:/Users/Christoffer/Documents/ProjectExplorer/ProjectExplorer/Saved/Config/Windows/Engine.ini', in section '[/Script/Engine.RendererSettings]'
[2015.02.28-16.57.39:936][  0]LogConsoleResponse:Warning: Skipping Unknown console variable: 'UIScaleCurve = (EditorCurveData=(Keys=),ExternalCurve=None)'
[2015.02.28-16.57.39:936][  0]LogConsoleResponse:Warning:   Found in ini file 'C:/Users/Christoffer/Documents/ProjectExplorer/ProjectExplorer/Saved/Config/Windows/Engine.ini', in section '[/Script/Engine.RendererSettings]'
[2015.02.28-16.57.39:936][  0]LogConsoleManager:Warning: Console variable 'r.MSAA.CompositingSampleCount' wasn't set (Priority ProjectSetting < Scalability)
[2015.02.28-16.57.39:936][  0]LogInit: Selected Device Profile: [Windows]
[2015.02.28-16.57.39:936][  0]LogInit: Applying CVar settings loaded from the selected device profile: [Windows]
[2015.02.28-16.57.39:941][  0]LogInit: Computer: KUKRUNAR
[2015.02.28-16.57.39:941][  0]LogInit: User: Christoffer
[2015.02.28-16.57.39:941][  0]LogInit: CPU Page size=4096, Cores=4
[2015.02.28-16.57.39:941][  0]LogInit: High frequency timer resolution =3.222686 MHz
[2015.02.28-16.57.39:941][  0]LogMemory: Memory total: Physical=8.0GB (8GB approx) Virtual=131072.0GB
[2015.02.28-16.57.39:942][  0]LogMemory: Platform Memory Stats for Windows
[2015.02.28-16.57.39:942][  0]LogMemory: Process Physical Memory: 49.05 MB used, 49.05 MB peak
[2015.02.28-16.57.39:942][  0]LogMemory: Process Virtual Memory: 25.16 MB used, 25.16 MB peak
[2015.02.28-16.57.39:942][  0]LogMemory: Physical Memory: 3128.66 MB used, 8168.95 MB total
[2015.02.28-16.57.39:942][  0]LogMemory: Virtual Memory: 274.63 MB used, 134217728.00 MB total
[2015.02.28-16.57.39:961][  0]LogD3D11RHI: Found D3D11 adapter 0: NVIDIA GeForce GTX 770 (Feature Level 11_0)
[2015.02.28-16.57.39:961][  0]LogD3D11RHI: Adapter has 4011MB of dedicated video memory, 0MB of dedicated system memory, and 4084MB of shared system memory, 1 output[s]
[2015.02.28-16.57.39:964][  0]LogD3D11RHI: Found D3D11 adapter 1: Microsoft Basic Render Driver (Feature Level 11_0)
[2015.02.28-16.57.39:964][  0]LogD3D11RHI: Adapter has 0MB of dedicated video memory, 0MB of dedicated system memory, and 256MB of shared system memory, 0 output[s]
[2015.02.28-16.57.39:964][  0]LogD3D11RHI: Chosen D3D11 Adapter Id = 0
[2015.02.28-16.57.39:967][  0]LogRHI: Texture pool is 1361 MB (70% of 1945 MB)
[2015.02.28-16.57.39:976][  0]LogD3D11RHI: Async texture creation enabled
[2015.02.28-16.57.40:058][  0]LogTextLocalizationManager: The requested culture ('sv_SE') has no localization data; falling back to 'en' for localization and internationalization data.
[2015.02.28-16.57.40:186][  0]LogContentStreaming: Texture pool size is 0.000000MB
[2015.02.28-16.57.47:461][  0]LogTargetPlatformManager:Display: Building Assets For Windows
[2015.02.28-16.57.47:975][  0]LogTargetPlatformManager:Display: Building Assets For Windows
[2015.02.28-16.57.48:035][  0]LogDerivedDataCache:Display: Max Cache Size: 512 MB
[2015.02.28-16.57.48:077][  0]LogDerivedDataCache: Loaded boot cache 0.04s 39MB C:/Users/Christoffer/AppData/Local/UnrealEngine/4.6/DerivedDataCache/Boot.ddc.
[2015.02.28-16.57.48:078][  0]LogDerivedDataCache:Display: Loaded Boot cache: C:/Users/Christoffer/AppData/Local/UnrealEngine/4.6/DerivedDataCache/Boot.ddc
[2015.02.28-16.57.48:078][  0]LogDerivedDataCache: FDerivedDataBackendGraph:  Pak pak cache file ../../../../../../Users/Christoffer/Documents/ProjectExplorer/ProjectExplorer/DerivedDataCache/DDC.ddp not found, will not use a pak cache.
[2015.02.28-16.57.48:078][  0]LogDerivedDataCache: Unable to find inner node Pak for hierarchical cache Hierarchy.
[2015.02.28-16.57.48:133][  0]LogDerivedDataCache:Display: Pak cache opened for reading ../../../Engine/DerivedDataCache/DDC.ddp.
[2015.02.28-16.57.48:145][  0]LogDerivedDataCache: Using Local data cache path C:/Users/Christoffer/AppData/Local/UnrealEngine/Common/DerivedDataCache: Writable
[2015.02.28-16.57.48:272][  0]LogCollisionProfile:Warning: Profile (UI) - Custom Channel Name = 'Weapon' hasn't been found
[2015.02.28-16.57.48:399][  0]LogMeshUtilities: No automatic mesh reduction module available
[2015.02.28-16.57.48:400][  0]LogMeshUtilities: No automatic mesh merging module available
[2015.02.28-16.57.48:727][  0]LogInit: WinSock: version 1.1 (2.2), MaxSocks=32767, MaxUdp=65467
[2015.02.28-16.57.48:786][  0]LogSlate:Warning: Failed to load font data from '../../../Engine/Content/Slate/Fonts/Roboto-Italic.ttf'
[2015.02.28-16.57.49:611][  0]UdpMessaging: Initializing bridge on interface 0.0.0.0:0 to multicast group 230.0.0.1:6666.
[2015.02.28-16.57.49:911][  0]SourceControl: Info Source control is disabled
[2015.02.28-16.57.49:911][  0]SourceControl: Info Source control is disabled
[2015.02.28-16.57.49:916][  0]SourceControl: Info Source control is disabled
[2015.02.28-16.57.50:039][  0]LogObj: 23762 objects as part of root set at end of initial load.
[2015.02.28-16.57.50:039][  0]LogUObjectAllocator: 5176184 out of 0 bytes used by permanent object pool.
[2015.02.28-16.57.50:090][  0]LogEngine: Initializing Engine...
[2015.02.28-16.57.50:215][  0]LogInit: XAudio2 using 'SAMSUNG-4 (NVIDIA High Definition Audio)' : 2 channels at 48 kHz using 16 bits per sample (channel mask 0x3)
[2015.02.28-16.57.50:224][  0]LogInit: FAudioDevice initialized.
[2015.02.28-16.57.50:241][  0]LogAIModule: Creating AISystem for world NewWorld
[2015.02.28-16.57.50:257][  0]LogDerivedDataCache: Saved boot cache 0.02s 39MB C:/Users/Christoffer/AppData/Local/UnrealEngine/4.6/DerivedDataCache/Boot.ddc.
[2015.02.28-16.57.50:261][  0]LogInit: Texture streaming: Enabled
[2015.02.28-16.57.50:286][  0]LogAnalytics: Creating configured Analytics provider AnalyticsET
[2015.02.28-16.57.50:286][  0]LogAnalytics: ET APIKey = Rocket.Release. APIServer = http://et2.epicgames.com/ET2/. AppVersion = 4.6.1-2386410+++depot+UE4-Releases+4.6
[2015.02.28-16.57.50:287][  0]LogAnalytics: SetUserId e46223e1b84009ca22d653c003e667e2
[2015.02.28-16.57.50:287][  0]LogAnalytics: AnalyticsET::StartSession [Rocket.Release]
[2015.02.28-16.57.50:382][  0]LogInit: Transaction tracking system initialized
[2015.02.28-16.57.50:471][  0]BlueprintLog: New page: Editor Load
[2015.02.28-16.57.50:502][  0]LogAssetRegistry: FAssetRegistry took 0.0108 seconds to start up
[2015.02.28-16.57.50:532][  0]LogDirectoryWatcher:Warning: Failed to begin reading directory changes for ../../../Engine/Plugins/Experimental/CharacterAI/Content/. Error: 0
[2015.02.28-16.57.50:971][  0]LogTargetPlatformManager:Display: Building Assets For Windows
[2015.02.28-16.57.51:288][  0]LogTargetPlatformManager:Display: Building Assets For Windows
[2015.02.28-16.57.51:451][  0]LogConsoleResponse:Display: 
[2015.02.28-16.57.51:489][  0]LogLinker:Warning: Asset '../../../Engine/Content/Functions/Engine_MaterialFunctions03/Procedurals/ComputeFilterWidth.uasset' has been saved with empty engine version. The asset will be loaded but may be incompatible.
[2015.02.28-16.57.51:660][  0]SourceControl: Info Source control is disabled
[2015.02.28-16.57.51:660][  0]Cmd: MAP LOAD FILE="../../../../../../Users/Christoffer/Documents/ProjectExplorer/ProjectExplorer/Content/Maps/Example_Map.umap" TEMPLATE=0 SHOWPROGRESS=1
[2015.02.28-16.57.51:660][  0]LogEditorServer:Warning: Can't find file '../../../../../../Users/Christoffer/Documents/ProjectExplorer/ProjectExplorer/Content/Maps/Example_Map.umap'
[2015.02.28-16.57.51:660][  0]Cmd: MAP CHECKDEP
[2015.02.28-16.57.51:660][  0]MapCheck: New page: Untitled_0 - Feb 28, 2015, 6:57:51 PM
[2015.02.28-16.57.51:739][  0]MapCheck: Info Map check complete: 0 Error(s), 0 Warning(s), took 78.81ms to complete.
[2015.02.28-16.57.51:739][  0]LogFileHelpers: Loading map 'Example_Map' took 0.079
[2015.02.28-16.57.51:811][  0]LogCollectionManager: Loaded 0 collections in 0.000842 seconds
[2015.02.28-16.57.51:895][  0]LogCrashTracker: Crashtracker disabled due to settings.
[2015.02.28-16.57.51:900][  0]LogUObjectGlobals:Warning: Failed to find object 'Class None.'
[2015.02.28-16.57.51:926][  0]LogLoad: Full Startup: 14.20 seconds (BP compile: 0.00 seconds)
[2015.02.28-16.57.52:269][  0]LogContentBrowser:Verbose: The content browser source was changed by the sources view to '/Game/Textures/WoodenPanel'
[2015.02.28-16.57.52:381][  0]LogRenderer:Warning: Reallocating scene render targets to support 1072x904.
[2015.02.28-16.57.52:610][  1]LogAssetRegistry: Asset discovery search completed in 2.1190 seconds
[2015.02.28-17.00.56:165][787]LogContentBrowser:Verbose: The content browser source was changed by the sources view to '/Game'
[2015.02.28-17.00.57:115][900]LogContentBrowser:Verbose: The content browser source was changed by the sources view to '/Game/Meshes'
[2015.02.28-17.00.59:124][140]LogContentBrowser:Verbose: The content browser source was changed by the sources view to '/Game'
[2015.02.28-17.01.00:362][288]LogContentBrowser:Verbose: The content browser source was changed by the sources view to '/Game/Maps'
[2015.02.28-17.01.01:838][393]Cmd: MAP LOAD FILE="../../../../../../Users/Christoffer/Documents/ProjectExplorer/ProjectExplorer/Content/Maps/House.umap" TEMPLATE=0 SHOWPROGRESS=1
[2015.02.28-17.01.01:838][393]LightingResults: New page: Lighting Build
[2015.02.28-17.01.01:865][393]LoadErrors: New page: Loading map: House.umap
[2015.02.28-17.01.01:865][393]MapCheck: New page: Map Check
[2015.02.28-17.01.01:865][393]LightingResults: New page: Lighting Build
[2015.02.28-17.01.01:871][393]LogParticles: Destroying 0 GPU particle simulations for FXSystem 0x00000099A36E1580
[2015.02.28-17.01.01:878][393]LogEditorServer: Finished looking for orphan Actors (0.000 secs)
[2015.02.28-17.01.01:878][393]LogAIModule: Creating AISystem for world House
[2015.02.28-17.01.01:902][393]Cmd: MAP CHECKDEP
[2015.02.28-17.01.01:902][393]MapCheck: New page: House - Feb 28, 2015, 7:01:01 PM
[2015.02.28-17.01.01:999][393]MapCheck: Info Map check complete: 0 Error(s), 0 Warning(s), took 96.206ms to complete.
[2015.02.28-17.01.01:999][393]LogFileHelpers: Loading map 'House' took 0.162
[2015.02.28-17.01.57:466][430]BlueprintLog: New page: Pre-PIE auto-recompile
[2015.02.28-17.01.57:466][430]LogPlayLevel: [PIE] Compiling House before PIE...
[2015.02.28-17.01.57:524][430]LogPlayLevel: PIE:  Blueprint regeneration took 58 ms (1 blueprints)
[2015.02.28-17.01.57:524][430]PIE: New page: PIE session: House (Feb 28, 2015, 7:01:57 PM)
[2015.02.28-17.01.57:542][430]LogPlayLevel: PIE: StaticDuplicateObject took: (0.017662s)
[2015.02.28-17.01.57:543][430]LogPlayLevel: PIE: World Init took: (0.000916s)
[2015.02.28-17.01.57:543][430]LogPlayLevel: PIE: Created PIE world by copying editor world from /Game/Maps/House.House to /Game/Maps/UEDPIE_0_House.House (0.018778s)
[2015.02.28-17.01.57:728][430]BlueprintLog:Warning: Warning Blueprint MyGame has been migrated and requires re-saving to avoid import errors
[2015.02.28-17.01.57:729][430]LogWorld: Game class is 'MyGame_C'
[2015.02.28-17.01.57:730][430]LogAIModule: Creating AISystem for world House
[2015.02.28-17.01.57:732][430]LogWorld: Bringing World /Game/Maps/UEDPIE_0_House.House up for play (max tick rate 0) at 2015.02.28-18.01.57
[2015.02.28-17.01.57:733][430]LogWorld: Bringing up level for play took: 0.002378
[2015.02.28-17.01.57:734][430]PIE: Info Play in editor start time for /Game/Maps/UEDPIE_0_House -0.441
[2015.02.28-17.02.04:437][214]LogParticles: Destroying 0 GPU particle simulations for FXSystem 0x000000999F7E32E0
[2015.02.28-17.02.05:877][358]LogEditorViewport: Clicking on Actor (LMB): SpotLight (SpotLight)
[2015.02.28-17.03.27:550][774]MapCheck: New page: Map Check
[2015.02.28-17.03.27:575][774]Cmd: MAP REBUILD ALLVISIBLE
[2015.02.28-17.03.27:575][774]LogEditorServer: Rebuildmap Clear paths rebuilt
[2015.02.28-17.03.27:575][774]LogInstancedFoliage: Map Rebuilt - Update all BSP painted foliage!
[2015.02.28-17.03.27:586][774]LightingResults: New page: Lighting Build - Feb 28, 2015, 7:03:27 PM
[2015.02.28-17.03.30:642][774]LogStaticLightingSystem: Running Lightmass w/ ImmediateImport mode ENABLED
[2015.02.28-17.03.30:642][774]LogStaticLightingSystem: Running Lightmass w/ ImmediateProcess mode ENABLED
[2015.02.28-17.03.30:642][774]LogStaticLightingSystem: Running Lightmass w/ Sorting mode ENABLED
[2015.02.28-17.03.30:642][774]LogStaticLightingSystem: Running Lightmass w/ Mapping paddings ENABLED
[2015.02.28-17.03.30:642][774]LogStaticLightingSystem: Running Lightmass w/ Mapping debug paddings DISABLED
[2015.02.28-17.03.30:698][774]LogEditorBuildUtils: Build time 0:00:03
[2015.02.28-17.03.30:707][774]LogMaterial: Missing cached shader map for material FLightmassMaterialRenderer WoodenPanelMAT, compiling.
[2015.02.28-17.03.30:725][774]LogMaterial: Missing cached shader map for material FLightmassMaterialRenderer WoodenPanelMAT, compiling.
[2015.02.28-17.03.37:503][192]Job is a success!
[2015.02.28-17.03.37:608][194]LogTexture:Display: Building textures: HQ_Lightmap0_1 (AutoDXT)
[2015.02.28-17.03.37:703][194]LogTexture:Display: Building textures: LQ_Lightmap_0_4 (DXT1)
[2015.02.28-17.03.37:706][194]LogTexture:Display: Building textures: HQ_Lightmap0_4 (AutoDXT)
[2015.02.28-17.03.37:709][194]LogTexture:Display: Building textures: LQ_Lightmap_0_3 (DXT1)
[2015.02.28-17.03.37:714][194]LogTexture:Display: Building textures: HQ_Lightmap0_3 (AutoDXT)
[2015.02.28-17.03.37:723][194]LogTexture:Display: Building textures: LQ_Lightmap_1_2 (DXT1)
[2015.02.28-17.03.37:731][194]LogTexture:Display: Building textures: HQ_Lightmap1_2 (AutoDXT)
[2015.02.28-17.03.37:745][194]LogTexture:Display: Building textures: LQ_Lightmap_0_1 (DXT1)
[2015.02.28-17.03.37:858][194]LogTexture:Display: Building textures: ShadowMapTexture2D_2 (BGRA8)
[2015.02.28-17.03.37:864][194]LogTexture:Display: Building textures: ShadowMapTexture2D_3 (BGRA8)
[2015.02.28-17.03.37:918][194]Lightmass on KUKRUNAR: 4.45 sec total, 191 ms importing, 7 ms setup, 975 ms photons, 3.20 sec processing, 0 ms extra exporting [23/23 mappings]. Threads: 12.7 sec total, 8.09 sec processing.
[2015.02.28-17.03.37:961][194]LogStaticLightingSystem:Warning: Illumination: 10.3 sec (302 ms encoding lightmaps)
[2015.02.28-17.03.37:961][194]LogStaticLightingSystem: Lightmap texture memory:  0.4 MB (0.4 MB streaming, 0.0 MB non-streaming), 8 textures
[2015.02.28-17.03.37:961][194]LogStaticLightingSystem: Shadowmap texture memory: 0.0 MB (0.0 MB streaming, 0.0 MB non-streaming), 2 textures
[2015.02.28-17.03.38:693][195]Cmd: MAP CHECK NOTIFYRESULTS
[2015.02.28-17.03.38:693][195]MapCheck: New page: House - Feb 28, 2015, 7:03:38 PM
[2015.02.28-17.03.38:803][195]MapCheck: Info Map check complete: 0 Error(s), 0 Warning(s), took 110.202ms to complete.
[2015.02.28-17.03.38:816][195]BlueprintLog: New page: Pre-PIE auto-recompile
[2015.02.28-17.03.38:816][195]LogPlayLevel: [PIE] Compiling House before PIE...
[2015.02.28-17.03.38:846][195]LogPlayLevel: PIE:  Blueprint regeneration took 29 ms (1 blueprints)
[2015.02.28-17.03.38:846][195]PIE: New page: PIE session: House (Feb 28, 2015, 7:03:38 PM)
[2015.02.28-17.03.38:872][195]LogPlayLevel: PIE: StaticDuplicateObject took: (0.026237s)
[2015.02.28-17.03.38:873][195]LogPlayLevel: PIE: World Init took: (0.000883s)
[2015.02.28-17.03.38:873][195]LogPlayLevel: PIE: Created PIE world by copying editor world from /Game/Maps/House.House to /Game/Maps/UEDPIE_0_House.House (0.027300s)
[2015.02.28-17.03.38:908][195]LogWorld: Game class is 'MyGame_C'
[2015.02.28-17.03.38:910][195]LogAIModule: Creating AISystem for world House
[2015.02.28-17.03.38:912][195]LogWorld: Bringing World /Game/Maps/UEDPIE_0_House.House up for play (max tick rate 0) at 2015.02.28-18.03.38
[2015.02.28-17.03.38:912][195]LogWorld: Bringing up level for play took: 0.002386
[2015.02.28-17.03.38:913][195]PIE: Info Play in editor start time for /Game/Maps/UEDPIE_0_House 0.737
[2015.02.28-17.05.27:491][107]LogParticles: Destroying 0 GPU particle simulations for FXSystem 0x000000999EC516C0
[2015.02.28-17.05.32:618][293]LogEditorViewport: Clicking on Actor (LMB): StaticMeshActor (StudyRoom_Floor)
[2015.02.28-17.05.32:626][293]LogPropertyNode:Warning: UI Min (0.001) >= UI Max () for Ranged Numeric
[2015.02.28-17.07.14:028][583]LogEditorViewport: Clicking on Actor (LMB): StaticMeshActor (StudyRoom_Inner)
[2015.02.28-17.07.14:036][583]LogPropertyNode:Warning: UI Min (0.001) >= UI Max () for Ranged Numeric
[2015.02.28-17.07.15:318][710]LogEditorViewport: Clicking on Actor (LMB): StaticMeshActor (Ceiling)
[2015.02.28-17.07.15:325][710]LogPropertyNode:Warning: UI Min (0.001) >= UI Max () for Ranged Numeric
[2015.02.28-17.07.16:089][785]LogEditorViewport: Clicking on Actor (LMB): SpotLight (SpotLight)
[2015.02.28-17.07.21:896][360]Cmd: TRANSACTION UNDO
[2015.02.28-17.07.21:896][360]LogEditorTransaction: Undo Edit Intensity
[2015.02.28-17.07.24:313][529]LogEditorViewport: Clicking on Actor (LMB): PointLight (PointLight)
[2015.02.28-17.08.29:674][750]Cmd: DELETE
[2015.02.28-17.08.29:675][750]Cmd: ACTOR DELETE
[2015.02.28-17.08.29:768][750]LogEditorActor: Deleted Actor: PointLight
[2015.02.28-17.08.29:780][750]LogEditorActor: Deleted 1 Actors (0.012 secs)
[2015.02.28-17.08.36:143][344]Cmd: OBJ SAVEPACKAGE PACKAGE="/Game/Maps/House" FILE="../../../../../../Users/Christoffer/Documents/ProjectExplorer/ProjectExplorer/Content/Maps/House.umap" SILENT=true AUTOSAVING=false KEEPDIRTY=false
[2015.02.28-17.08.36:280][344]LogSavePackage: Save=109.717171ms
[2015.02.28-17.08.36:280][344]LogSavePackage: Moving '../../../../../../Users/Christoffer/Documents/ProjectExplorer/ProjectExplorer/Saved/House18963C0941469E35BEDE9594E66161F3.tmp' to '../../../../../../Users/Christoffer/Documents/ProjectExplorer/ProjectExplorer/Content/Maps/House.umap'
[2015.02.28-17.08.36:328][344]LogFileHelpers: Saving map 'House' took 0.292
[2015.02.28-17.08.36:896][345]Cmd: QUIT_EDITOR
[2015.02.28-17.08.37:442][345]LogExit: Preparing to exit.
[2015.02.28-17.08.38:202][345]LogExit: Editor shut down
[2015.02.28-17.08.38:202][345]LogExit: Transaction tracking system shut down
[2015.02.28-17.08.38:203][345]LogParticles: Destroying 0 GPU particle simulations for FXSystem 0x000000999E5F0900
[2015.02.28-17.08.38:203][345]LogParticles: Destroying 0 GPU particle simulations for FXSystem 0x0000009998FDBC40
[2015.02.28-17.08.38:203][345]LogParticles: Destroying 0 GPU particle simulations for FXSystem 0x0000009998FD80E0
[2015.02.28-17.08.38:221][345]LogExit: Object subsystem successfully closed.
[2015.02.28-17.08.38:285][345]LogModuleManager: Shutting down and abandoning module StatsViewer (172)
[2015.02.28-17.08.38:285][345]LogModuleManager: Shutting down and abandoning module AndroidDeviceDetection (171)
[2015.02.28-17.08.38:285][345]LogModuleManager: Shutting down and abandoning module CrashTracker (170)
[2015.02.28-17.08.38:285][345]LogModuleManager: Shutting down and abandoning module SuperSearch (169)
[2015.02.28-17.08.38:285][345]LogModuleManager: Shutting down and abandoning module SceneOutliner (168)
[2015.02.28-17.08.38:285][345]LogModuleManager: Shutting down and abandoning module EditorWidgets (167)
[2015.02.28-17.08.38:285][345]LogModuleManager: Shutting down and abandoning module CollectionManager (166)
[2015.02.28-17.08.38:285][345]LogModuleManager: Shutting down and abandoning module FoliageEdit (165)
[2015.02.28-17.08.38:285][345]LogModuleManager: Shutting down and abandoning module LandscapeEditor (164)
[2015.02.28-17.08.38:285][345]LogModuleManager: Shutting down and abandoning module MeshPaint (163)
[2015.02.28-17.08.38:285][345]LogModuleManager: Shutting down and abandoning module ActorPickerMode (162)
[2015.02.28-17.08.38:285][345]LogModuleManager: Shutting down and abandoning module GeometryMode (161)
[2015.02.28-17.08.38:285][345]LogModuleManager: Shutting down and abandoning module TextureAlignMode (160)
[2015.02.28-17.08.38:285][345]LogModuleManager: Shutting down and abandoning module BspMode (159)
[2015.02.28-17.08.38:285][345]LogModuleManager: Shutting down and abandoning module PlacementMode (158)
[2015.02.28-17.08.38:285][345]LogModuleManager: Shutting down and abandoning module AutomationWorker (157)
[2015.02.28-17.08.38:285][345]LogModuleManager: Shutting down and abandoning module CharacterAI (156)
[2015.02.28-17.08.38:285][345]LogModuleManager: Shutting down and abandoning module GameProjectGeneration (155)
[2015.02.28-17.08.38:285][345]LogModuleManager: Shutting down and abandoning module IntroTutorials (154)
[2015.02.28-17.08.38:285][345]LogModuleManager: Shutting down and abandoning module EditorLiveStreaming (153)
[2015.02.28-17.08.38:285][345]LogModuleManager: Shutting down and abandoning module HardwareTargeting (152)
[2015.02.28-17.08.38:285][345]LogModuleManager: Shutting down and abandoning module DeviceProfileEditor (151)
[2015.02.28-17.08.38:285][345]LogModuleManager: Shutting down and abandoning module UndoHistory (150)
[2015.02.28-17.08.38:285][345]LogModuleManager: Shutting down and abandoning module GameplayTagsEditor (149)
[2015.02.28-17.08.38:285][345]LogModuleManager: Shutting down and abandoning module UserFeedback (148)
[2015.02.28-17.08.38:285][345]LogModuleManager: Shutting down and abandoning module XmlParser (147)
[2015.02.28-17.08.38:285][345]LogModuleManager: Shutting down and abandoning module Blutility (146)
[2015.02.28-17.08.38:285][345]LogModuleManager: Shutting down and abandoning module IOSPlatformEditor (145)
[2015.02.28-17.08.38:285][345]LogModuleManager: Shutting down and abandoning module IOSRuntimeSettings (144)
[2015.02.28-17.08.38:285][345]LogModuleManager: Shutting down and abandoning module AndroidPlatformEditor (143)
[2015.02.28-17.08.38:285][345]LogModuleManager: Shutting down and abandoning module AndroidRuntimeSettings (142)
[2015.02.28-17.08.38:285][345]LogModuleManager: Shutting down and abandoning module ProjectTargetPlatformEditor (141)
[2015.02.28-17.08.38:285][345]LogModuleManager: Shutting down and abandoning module ProjectSettingsViewer (140)
[2015.02.28-17.08.38:285][345]LogModuleManager: Shutting down and abandoning module InputBindingEditor (139)
[2015.02.28-17.08.38:285][345]LogModuleManager: Shutting down and abandoning module EditorSettingsViewer (138)
[2015.02.28-17.08.38:286][345]LogModuleManager: Shutting down and abandoning module SettingsEditor (137)
[2015.02.28-17.08.38:286][345]LogModuleManager: Shutting down and abandoning module ProjectLauncher (136)
[2015.02.28-17.08.38:286][345]LogModuleManager: Shutting down and abandoning module SessionFrontend (135)
[2015.02.28-17.08.38:286][345]LogModuleManager: Shutting down and abandoning module ProfilerClient (134)
[2015.02.28-17.08.38:286][345]LogModuleManager: Shutting down and abandoning module TargetDeviceServices (133)
[2015.02.28-17.08.38:286][345]LogModuleManager: Shutting down and abandoning module DeviceManager (132)
[2015.02.28-17.08.38:286][345]LogModuleManager: Shutting down and abandoning module AutomationController (131)
[2015.02.28-17.08.38:286][345]LogModuleManager: Shutting down and abandoning module AutomationWindow (130)
[2015.02.28-17.08.38:286][345]LogModuleManager: Shutting down and abandoning module Layers (129)
[2015.02.28-17.08.38:286][345]LogModuleManager: Shutting down and abandoning module ComponentVisualizers (128)
[2015.02.28-17.08.38:286][345]LogModuleManager: Shutting down and abandoning module DetailCustomizations (127)
[2015.02.28-17.08.38:286][345]LogModuleManager: Shutting down and abandoning module PackagesDialog (126)
[2015.02.28-17.08.38:286][345]LogModuleManager: Shutting down and abandoning module AssetRegistry (125)
[2015.02.28-17.08.38:312][345]LogModuleManager: Shutting down and abandoning module Persona (124)
[2015.02.28-17.08.38:312][345]LogModuleManager: Shutting down and abandoning module Kismet (123)
[2015.02.28-17.08.38:312][345]LogModuleManager: Shutting down and abandoning module GraphEditor (122)
[2015.02.28-17.08.38:312][345]LogModuleManager: Shutting down and abandoning module ClassViewer (121)
[2015.02.28-17.08.38:312][345]LogModuleManager: Shutting down and abandoning module Toolbox (120)
[2015.02.28-17.08.38:312][345]LogModuleManager: Shutting down and abandoning module ModuleUI (119)
[2015.02.28-17.08.38:312][345]LogModuleManager: Shutting down and abandoning module MovieSceneTools (118)
[2015.02.28-17.08.38:312][345]LogModuleManager: Shutting down and abandoning module OutputLog (117)
[2015.02.28-17.08.38:312][345]LogModuleManager: Shutting down and abandoning module GammaUI (116)
[2015.02.28-17.08.38:312][345]LogModuleManager: Shutting down and abandoning module Documentation (115)
[2015.02.28-17.08.38:312][345]LogModuleManager: Shutting down and abandoning module GameLiveStreaming (114)
[2015.02.28-17.08.38:312][345]LogModuleManager: Shutting down and abandoning module StreamingPauseRendering (113)
[2015.02.28-17.08.38:312][345]LogModuleManager: Shutting down and abandoning module HTTP (112)
[2015.02.28-17.08.38:312][345]LogModuleManager: Shutting down and abandoning module AnalyticsET (111)
[2015.02.28-17.08.38:312][345]LogModuleManager: Shutting down and abandoning module Analytics (110)
[2015.02.28-17.08.38:312][345]LogModuleManager: Shutting down and abandoning module AITestSuite (109)
[2015.02.28-17.08.38:312][345]LogModuleManager: Shutting down and abandoning module AIModule (108)
[2015.02.28-17.08.38:312][345]LogModuleManager: Shutting down and abandoning module ProfilerService (107)
[2015.02.28-17.08.38:442][345]LogModuleManager: Shutting down and abandoning module TaskGraph (106)
[2015.02.28-17.08.38:442][345]LogModuleManager: Shutting down and abandoning module GameplayDebugger (105)
[2015.02.28-17.08.38:442][345]LogModuleManager: Shutting down and abandoning module SlateRemote (104)
[2015.02.28-17.08.38:442][345]LogModuleManager: Shutting down and abandoning module ScriptEditorPlugin (103)
[2015.02.28-17.08.38:442][345]LogModuleManager: Shutting down and abandoning module CustomMeshComponent (102)
[2015.02.28-17.08.38:442][345]LogModuleManager: Shutting down and abandoning module CableComponent (101)
[2015.02.28-17.08.38:442][345]LogModuleManager: Shutting down and abandoning module MessagingDebugger (100)
[2015.02.28-17.08.38:442][345]LogModuleManager: Shutting down and abandoning module MediaPlayerEditor (99)
[2015.02.28-17.08.38:442][345]LogModuleManager: Shutting down and abandoning module SpeedTreeImporter (98)
[2015.02.28-17.08.38:442][345]LogModuleManager: Shutting down and abandoning module PluginsEditor (97)
[2015.02.28-17.08.38:442][345]LogModuleManager: Shutting down and abandoning module EpicSurvey (96)
[2015.02.28-17.08.38:442][345]LogModuleManager: Shutting down and abandoning module DesktopPlatform (95)
[2015.02.28-17.08.38:442][345]LogModuleManager: Shutting down and abandoning module VisualStudioSourceCodeAccess (94)
[2015.02.28-17.08.38:442][345]LogModuleManager: Shutting down and abandoning module UObjectPlugin (93)
[2015.02.28-17.08.38:442][345]LogModuleManager: Shutting down and abandoning module SubversionSourceControl (92)
[2015.02.28-17.08.38:442][345]LogModuleManager: Shutting down and abandoning module SourceControl (91)
[2015.02.28-17.08.38:442][345]LogModuleManager: Shutting down and abandoning module PerforceSourceControl (90)
[2015.02.28-17.08.38:442][345]LogModuleManager: Shutting down and abandoning module BlankPlugin (89)
[2015.02.28-17.08.38:442][345]LogModuleManager: Shutting down and abandoning module SlateReflector (88)
[2015.02.28-17.08.38:442][345]LogModuleManager: Shutting down and abandoning module DirectoryWatcher (87)
[2015.02.28-17.08.38:442][345]LogModuleManager: Shutting down and abandoning module HotReload (86)
[2015.02.28-17.08.38:442][345]LogModuleManager: Shutting down and abandoning module MainFrame (85)
[2015.02.28-17.08.38:442][345]LogModuleManager: Shutting down and abandoning module LevelEditor (84)
[2015.02.28-17.08.38:443][345]LogModuleManager: Shutting down and abandoning module ViewportSnapping (83)
[2015.02.28-17.08.38:443][345]LogModuleManager: Shutting down and abandoning module SmartSnapping (82)
[2015.02.28-17.08.38:443][345]LogModuleManager: Shutting down and abandoning module PaperTiledImporter (81)
[2015.02.28-17.08.38:443][345]LogModuleManager: Shutting down and abandoning module PaperJsonImporter (80)
[2015.02.28-17.08.38:443][345]LogModuleManager: Shutting down and abandoning module ContentBrowser (79)
[2015.02.28-17.08.38:443][345]LogModuleManager: Shutting down and abandoning module Paper2DEditor (78)
[2015.02.28-17.08.38:443][345]LogModuleManager: Shutting down and abandoning module ProjectExplorer (77)
[2015.02.28-17.08.38:443][345]LogModuleManager: Shutting down and abandoning module ScriptPlugin (76)
[2015.02.28-17.08.38:443][345]LogModuleManager: Shutting down and abandoning module UdpMessaging (75)
[2015.02.28-17.08.38:544][345]LogModuleManager: Shutting down and abandoning module Paper2D (74)
[2015.02.28-17.08.38:544][345]LogModuleManager: Shutting down and abandoning module WindowsMoviePlayer (73)
[2015.02.28-17.08.38:545][345]LogModuleManager: Shutting down and abandoning module Media (72)
[2015.02.28-17.08.38:545][345]LogModuleManager: Shutting down and abandoning module WmfMedia (71)
[2015.02.28-17.08.38:545][345]LogModuleManager: Shutting down and abandoning module OnlineBlueprintSupport (70)
[2015.02.28-17.08.38:545][345]LogModuleManager: Shutting down and abandoning module PropertyEditor (69)
[2015.02.28-17.08.38:545][345]LogModuleManager: Shutting down and abandoning module BehaviorTreeEditor (68)
[2015.02.28-17.08.38:545][345]LogModuleManager: Shutting down and abandoning module FunctionalTesting (67)
[2015.02.28-17.08.38:546][345]LogModuleManager: Shutting down and abandoning module CollisionAnalyzer (66)
[2015.02.28-17.08.38:546][345]LogModuleManager: Shutting down and abandoning module WorkspaceMenuStructure (65)
[2015.02.28-17.08.38:546][345]LogModuleManager: Shutting down and abandoning module MessageLog (64)
[2015.02.28-17.08.38:546][345]LogModuleManager: Shutting down and abandoning module Sequencer (63)
[2015.02.28-17.08.38:546][345]LogModuleManager: Shutting down and abandoning module AssetTools (62)
[2015.02.28-17.08.38:546][345]LogModuleManager: Shutting down and abandoning module UMGEditor (61)
[2015.02.28-17.08.38:546][345]LogModuleManager: Shutting down and abandoning module UMG (60)
[2015.02.28-17.08.38:546][345]LogModuleManager: Shutting down and abandoning module Slate (59)
[2015.02.28-17.08.38:546][345]LogModuleManager: Shutting down and abandoning module EditorStyle (58)
[2015.02.28-17.08.38:549][345]LogModuleManager: Shutting down and abandoning module SessionServices (57)
[2015.02.28-17.08.38:549][345]LogModuleManager: Shutting down and abandoning module SourceCodeAccess (56)
[2015.02.28-17.08.38:549][345]LogModuleManager: Shutting down and abandoning module HeadMountedDisplay (55)
[2015.02.28-17.08.38:549][345]LogModuleManager: Shutting down and abandoning module XAudio2 (54)
[2015.02.28-17.08.38:549][345]LogModuleManager: Shutting down and abandoning module Networking (52)
[2015.02.28-17.08.38:549][345]LogModuleManager: Shutting down and abandoning module Core (51)
[2015.02.28-17.08.38:549][345]LogModuleManager: Shutting down and abandoning module KismetCompiler (50)
[2015.02.28-17.08.38:549][345]LogModuleManager: Shutting down and abandoning module PhysXFormats (49)
[2015.02.28-17.08.38:549][345]LogModuleManager: Shutting down and abandoning module MeshUtilities (48)
[2015.02.28-17.08.38:549][345]LogModuleManager: Shutting down and abandoning module DerivedDataCache (47)
[2015.02.28-17.08.38:635][345]LogDerivedDataCache: Shutdown
[2015.02.28-17.08.38:635][345]LogModuleManager: Shutting down and abandoning module ShaderFormatOpenGL (46)
[2015.02.28-17.08.38:635][345]LogModuleManager: Shutting down and abandoning module ShaderFormatD3D (45)
[2015.02.28-17.08.38:635][345]LogModuleManager: Shutting down and abandoning module MetalShaderFormat (44)
[2015.02.28-17.08.38:635][345]LogModuleManager: Shutting down and abandoning module TextureFormatUncompressed (43)
[2015.02.28-17.08.38:635][345]LogModuleManager: Shutting down and abandoning module TextureFormatPVR (42)
[2015.02.28-17.08.38:635][345]LogModuleManager: Shutting down and abandoning module TextureFormatDXT (41)
[2015.02.28-17.08.38:635][345]LogModuleManager: Shutting down and abandoning module TextureFormatAndroid (40)
[2015.02.28-17.08.38:635][345]LogModuleManager: Shutting down and abandoning module AudioFormatOpus (39)
[2015.02.28-17.08.38:635][345]LogModuleManager: Shutting down and abandoning module AudioFormatOgg (38)
[2015.02.28-17.08.38:635][345]LogModuleManager: Shutting down and abandoning module AudioFormatADPCM (37)
[2015.02.28-17.08.38:635][345]LogModuleManager: Shutting down and abandoning module LinuxTargetPlatform (36)
[2015.02.28-17.08.38:635][345]LogModuleManager: Shutting down and abandoning module LinuxServerTargetPlatform (35)
[2015.02.28-17.08.38:635][345]LogModuleManager: Shutting down and abandoning module LinuxNoEditorTargetPlatform (34)
[2015.02.28-17.08.38:635][345]LogModuleManager: Shutting down and abandoning module Messaging (33)
[2015.02.28-17.08.38:635][345]LogModuleManager: Shutting down and abandoning module IOSTargetPlatform (32)
[2015.02.28-17.08.38:635][345]LogModuleManager: Shutting down and abandoning module Android_PVRTCTargetPlatform (31)
[2015.02.28-17.08.38:635][345]LogModuleManager: Shutting down and abandoning module Android_ETC2TargetPlatform (30)
[2015.02.28-17.08.38:635][345]LogModuleManager: Shutting down and abandoning module Android_ETC1TargetPlatform (29)
[2015.02.28-17.08.38:635][345]LogModuleManager: Shutting down and abandoning module Android_DXTTargetPlatform (28)
[2015.02.28-17.08.38:635][345]LogModuleManager: Shutting down and abandoning module Android_ATCTargetPlatform (27)
[2015.02.28-17.08.38:635][345]LogModuleManager: Shutting down and abandoning module AndroidTargetPlatform (26)
[2015.02.28-17.08.38:635][345]LogModuleManager: Shutting down and abandoning module WindowsTargetPlatform (25)
[2015.02.28-17.08.38:635][345]LogModuleManager: Shutting down and abandoning module WindowsServerTargetPlatform (24)
[2015.02.28-17.08.38:635][345]LogModuleManager: Shutting down and abandoning module WindowsNoEditorTargetPlatform (23)
[2015.02.28-17.08.38:635][345]LogModuleManager: Shutting down and abandoning module WindowsClientTargetPlatform (22)
[2015.02.28-17.08.38:635][345]LogModuleManager: Shutting down and abandoning module TargetPlatform (21)
[2015.02.28-17.08.38:635][345]LogModuleManager: Shutting down and abandoning module InputCore (20)
[2015.02.28-17.08.38:635][345]LogModuleManager: Shutting down and abandoning module Settings (19)
[2015.02.28-17.08.38:635][345]LogModuleManager: Shutting down and abandoning module ImageWrapper (18)
[2015.02.28-17.08.38:635][345]LogModuleManager: Shutting down and abandoning module OculusRift (15)
[2015.02.28-17.08.38:635][345]LogModuleManager: Shutting down and abandoning module ExampleDeviceProfileSelector (14)
[2015.02.28-17.08.38:635][345]LogModuleManager: Shutting down and abandoning module TextureCompressor (13)
[2015.02.28-17.08.38:635][345]LogModuleManager: Shutting down and abandoning module ShaderCore (12)
[2015.02.28-17.08.38:635][345]LogModuleManager: Shutting down and abandoning module Landscape (11)
[2015.02.28-17.08.38:635][345]LogModuleManager: Shutting down and abandoning module SlateRHIRenderer (10)
[2015.02.28-17.08.38:636][345]LogModuleManager: Shutting down and abandoning module OpenGLDrv (9)
[2015.02.28-17.08.38:636][345]LogModuleManager: Shutting down and abandoning module D3D11RHI (8)
[2015.02.28-17.08.38:636][345]LogModuleManager: Shutting down and abandoning module Renderer (7)
[2015.02.28-17.08.38:636][345]LogModuleManager: Shutting down and abandoning module Engine (6)
[2015.02.28-17.08.38:636][345]LogModuleManager: Shutting down and abandoning module CoreUObject (5)
[2015.02.28-17.08.38:636][345]LogModuleManager: Shutting down and abandoning module NetworkFile (4)
[2015.02.28-17.08.38:636][345]LogModuleManager: Shutting down and abandoning module StreamingFile (3)
[2015.02.28-17.08.38:636][345]LogModuleManager: Shutting down and abandoning module SandboxFile (2)
[2015.02.28-17.08.38:636][345]LogModuleManager: Shutting down and abandoning module PakFile (1)
[2015.02.28-17.08.38:637][345]LogExit: Exiting.
[2015.02.28-17.08.38:640][345]Log file closed, 02/28/15 18:08:38
