Log file open, 02/12/15 11:28:33
LogInit:Display: Running engine for game: ProjectExplorer
LogInit: Version: 4.6.1-2386410+++depot+UE4-Releases+4.6
LogInit: API Version: 2369412
LogInit: Compiled (64-bit): Dec 11 2014 21:31:39
LogInit: Compiled with Visual C++: 18.00.21005.01
LogInit: Build Configuration: Development
LogInit: Branch Name: ++depot+UE4-Releases+4.6
LogInit: Command line:  
LogInit: Base directory: C:/Program Files/Epic Games/4.6/Engine/Binaries/Win64/
LogInit: Rocket: 1
[2015.02.12-10.28.33:959][  0]LogTaskGraph: Started task graph with 3 named threads and 6 total threads.
[2015.02.12-10.28.34:011][  0]LogOnline:Warning: No default platform service specified for OnlineSubsystem
[2015.02.12-10.28.34:027][  0]LogInit: Presizing for 0 objects not considered by GC, pre-allocating 0 bytes.
[2015.02.12-10.28.34:035][  0]LogInit: Object subsystem initialized
[2015.02.12-10.28.34:037][  0]LogConsoleResponse:Warning: Skipping Unknown console variable: 'UIScaleRule = ShortestSide'
[2015.02.12-10.28.34:037][  0]LogConsoleResponse:Warning:   Found in ini file 'C:/Users/Christoffer/Documents/ProjectExplorer/ProjectExplorer/Saved/Config/Windows/Engine.ini', in section '[/Script/Engine.RendererSettings]'
[2015.02.12-10.28.34:037][  0]LogConsoleResponse:Warning: Skipping Unknown console variable: 'UIScaleCurve = (EditorCurveData=(Keys=),ExternalCurve=None)'
[2015.02.12-10.28.34:037][  0]LogConsoleResponse:Warning:   Found in ini file 'C:/Users/Christoffer/Documents/ProjectExplorer/ProjectExplorer/Saved/Config/Windows/Engine.ini', in section '[/Script/Engine.RendererSettings]'
[2015.02.12-10.28.34:037][  0]LogConsoleManager:Warning: Console variable 'r.MSAA.CompositingSampleCount' wasn't set (Priority ProjectSetting < Scalability)
[2015.02.12-10.28.34:037][  0]LogInit: Selected Device Profile: [Windows]
[2015.02.12-10.28.34:037][  0]LogInit: Applying CVar settings loaded from the selected device profile: [Windows]
[2015.02.12-10.28.34:043][  0]LogInit: Computer: KUKRUNAR
[2015.02.12-10.28.34:043][  0]LogInit: User: Christoffer
[2015.02.12-10.28.34:043][  0]LogInit: CPU Page size=4096, Cores=4
[2015.02.12-10.28.34:043][  0]LogInit: High frequency timer resolution =3.222681 MHz
[2015.02.12-10.28.34:043][  0]LogMemory: Memory total: Physical=8.0GB (8GB approx) Virtual=131072.0GB
[2015.02.12-10.28.34:043][  0]LogMemory: Platform Memory Stats for Windows
[2015.02.12-10.28.34:043][  0]LogMemory: Process Physical Memory: 48.25 MB used, 48.25 MB peak
[2015.02.12-10.28.34:043][  0]LogMemory: Process Virtual Memory: 24.14 MB used, 24.14 MB peak
[2015.02.12-10.28.34:043][  0]LogMemory: Physical Memory: 2981.22 MB used, 8168.95 MB total
[2015.02.12-10.28.34:043][  0]LogMemory: Virtual Memory: 269.83 MB used, 134217728.00 MB total
[2015.02.12-10.28.34:064][  0]LogD3D11RHI: Found D3D11 adapter 0: NVIDIA GeForce GTX 770 (Feature Level 11_0)
[2015.02.12-10.28.34:064][  0]LogD3D11RHI: Adapter has 4011MB of dedicated video memory, 0MB of dedicated system memory, and 4084MB of shared system memory, 1 output[s]
[2015.02.12-10.28.34:065][  0]LogD3D11RHI: Found D3D11 adapter 1: Microsoft Basic Render Driver (Feature Level 11_0)
[2015.02.12-10.28.34:065][  0]LogD3D11RHI: Adapter has 0MB of dedicated video memory, 0MB of dedicated system memory, and 256MB of shared system memory, 0 output[s]
[2015.02.12-10.28.34:065][  0]LogD3D11RHI: Chosen D3D11 Adapter Id = 0
[2015.02.12-10.28.34:068][  0]LogRHI: Texture pool is 1361 MB (70% of 1945 MB)
[2015.02.12-10.28.34:078][  0]LogD3D11RHI: Async texture creation enabled
[2015.02.12-10.28.34:140][  0]LogTextLocalizationManager: The requested culture ('sv_SE') has no localization data; falling back to 'en' for localization and internationalization data.
[2015.02.12-10.28.34:279][  0]LogContentStreaming: Texture pool size is 0.000000MB
[2015.02.12-10.28.38:727][  0]LogTargetPlatformManager:Display: Building Assets For Windows
[2015.02.12-10.28.39:118][  0]LogTargetPlatformManager:Display: Building Assets For Windows
[2015.02.12-10.28.39:159][  0]LogDerivedDataCache:Display: Max Cache Size: 512 MB
[2015.02.12-10.28.39:191][  0]LogDerivedDataCache: Loaded boot cache 0.03s 39MB C:/Users/Christoffer/AppData/Local/UnrealEngine/4.6/DerivedDataCache/Boot.ddc.
[2015.02.12-10.28.39:191][  0]LogDerivedDataCache:Display: Loaded Boot cache: C:/Users/Christoffer/AppData/Local/UnrealEngine/4.6/DerivedDataCache/Boot.ddc
[2015.02.12-10.28.39:191][  0]LogDerivedDataCache: FDerivedDataBackendGraph:  Pak pak cache file ../../../../../../Users/Christoffer/Documents/ProjectExplorer/ProjectExplorer/DerivedDataCache/DDC.ddp not found, will not use a pak cache.
[2015.02.12-10.28.39:191][  0]LogDerivedDataCache: Unable to find inner node Pak for hierarchical cache Hierarchy.
[2015.02.12-10.28.39:243][  0]LogDerivedDataCache:Display: Pak cache opened for reading ../../../Engine/DerivedDataCache/DDC.ddp.
[2015.02.12-10.28.39:255][  0]LogDerivedDataCache: Using Local data cache path C:/Users/Christoffer/AppData/Local/UnrealEngine/Common/DerivedDataCache: Writable
[2015.02.12-10.28.39:366][  0]LogCollisionProfile:Warning: Profile (UI) - Custom Channel Name = 'Weapon' hasn't been found
[2015.02.12-10.28.39:481][  0]LogMeshUtilities: No automatic mesh reduction module available
[2015.02.12-10.28.39:481][  0]LogMeshUtilities: No automatic mesh merging module available
[2015.02.12-10.28.39:791][  0]LogInit: WinSock: version 1.1 (2.2), MaxSocks=32767, MaxUdp=65467
[2015.02.12-10.28.39:837][  0]LogSlate:Warning: Failed to load font data from '../../../Engine/Content/Slate/Fonts/Roboto-Italic.ttf'
[2015.02.12-10.28.40:484][  0]UdpMessaging: Initializing bridge on interface 0.0.0.0:0 to multicast group 230.0.0.1:6666.
[2015.02.12-10.28.40:750][  0]SourceControl: Info Source control is disabled
[2015.02.12-10.28.40:750][  0]SourceControl: Info Source control is disabled
[2015.02.12-10.28.40:757][  0]SourceControl: Info Source control is disabled
[2015.02.12-10.28.40:856][  0]LogObj: 23762 objects as part of root set at end of initial load.
[2015.02.12-10.28.40:856][  0]LogUObjectAllocator: 5176184 out of 0 bytes used by permanent object pool.
[2015.02.12-10.28.40:903][  0]LogEngine: Initializing Engine...
[2015.02.12-10.28.41:087][  0]LogInit: XAudio2 using 'SAMSUNG-4 (NVIDIA High Definition Audio)' : 2 channels at 48 kHz using 16 bits per sample (channel mask 0x3)
[2015.02.12-10.28.41:143][  0]LogInit: FAudioDevice initialized.
[2015.02.12-10.28.41:162][  0]LogAIModule: Creating AISystem for world NewWorld
[2015.02.12-10.28.41:197][  0]LogDerivedDataCache: Saved boot cache 0.03s 39MB C:/Users/Christoffer/AppData/Local/UnrealEngine/4.6/DerivedDataCache/Boot.ddc.
[2015.02.12-10.28.41:203][  0]LogInit: Texture streaming: Enabled
[2015.02.12-10.28.41:243][  0]LogAnalytics: Creating configured Analytics provider AnalyticsET
[2015.02.12-10.28.41:243][  0]LogAnalytics: ET APIKey = Rocket.Release. APIServer = http://et2.epicgames.com/ET2/. AppVersion = 4.6.1-2386410+++depot+UE4-Releases+4.6
[2015.02.12-10.28.41:244][  0]LogAnalytics: SetUserId e46223e1b84009ca22d653c003e667e2
[2015.02.12-10.28.41:244][  0]LogAnalytics: AnalyticsET::StartSession [Rocket.Release]
[2015.02.12-10.28.41:293][  0]LogInit: Transaction tracking system initialized
[2015.02.12-10.28.41:426][  0]BlueprintLog: New page: Editor Load
[2015.02.12-10.28.41:507][  0]LogAssetRegistry: FAssetRegistry took 0.0247 seconds to start up
[2015.02.12-10.28.41:508][  0]LogDirectoryWatcher:Warning: Failed to begin reading directory changes for ../../../Engine/Plugins/Experimental/CharacterAI/Content/. Error: 0
[2015.02.12-10.28.42:250][  0]LogTargetPlatformManager:Display: Building Assets For Windows
[2015.02.12-10.28.42:813][  0]LogTargetPlatformManager:Display: Building Assets For Windows
[2015.02.12-10.28.42:963][  0]LogConsoleResponse:Display: 
[2015.02.12-10.28.43:001][  0]LogLinker:Warning: Asset '../../../Engine/Content/Functions/Engine_MaterialFunctions03/Procedurals/ComputeFilterWidth.uasset' has been saved with empty engine version. The asset will be loaded but may be incompatible.
[2015.02.12-10.28.43:164][  0]SourceControl: Info Source control is disabled
[2015.02.12-10.28.43:164][  0]Cmd: MAP LOAD FILE="../../../../../../Users/Christoffer/Documents/ProjectExplorer/ProjectExplorer/Content/Maps/Example_Map.umap" TEMPLATE=0 SHOWPROGRESS=1
[2015.02.12-10.28.43:164][  0]LogEditorServer:Warning: Can't find file '../../../../../../Users/Christoffer/Documents/ProjectExplorer/ProjectExplorer/Content/Maps/Example_Map.umap'
[2015.02.12-10.28.43:164][  0]Cmd: MAP CHECKDEP
[2015.02.12-10.28.43:164][  0]MapCheck: New page: Untitled_0 - Feb 12, 2015, 12:28:43 PM
[2015.02.12-10.28.43:231][  0]MapCheck: Info Map check complete: 0 Error(s), 0 Warning(s), took 66.7ms to complete.
[2015.02.12-10.28.43:231][  0]LogFileHelpers: Loading map 'Example_Map' took 0.067
[2015.02.12-10.28.43:304][  0]LogCollectionManager: Loaded 0 collections in 0.000743 seconds
[2015.02.12-10.28.43:383][  0]LogCrashTracker: Crashtracker disabled due to settings.
[2015.02.12-10.28.43:388][  0]LogUObjectGlobals:Warning: Failed to find object 'Class None.'
[2015.02.12-10.28.43:413][  0]LogLoad: Full Startup: 11.21 seconds (BP compile: 0.00 seconds)
[2015.02.12-10.28.43:756][  0]LogContentBrowser:Verbose: The content browser source was changed by the sources view to '/Game/Textures/InteriorDoor'
[2015.02.12-10.28.43:867][  0]LogRenderer:Warning: Reallocating scene render targets to support 1152x904.
[2015.02.12-10.28.44:421][  2]LogAssetRegistry: Asset discovery search completed in 2.9390 seconds
[2015.02.12-10.28.48:115][330]LogContentBrowser:Verbose: The content browser source was changed by the sources view to '/Game'
[2015.02.12-10.28.49:846][527]LogContentBrowser:Verbose: The content browser source was changed by the sources view to '/Game/StarterContent'
[2015.02.12-10.28.52:102][779]LogContentBrowser:Verbose: The content browser source was changed by the sources view to '/Game'
[2015.02.12-10.28.58:848][217]LogParticles:Warning: InitializeSystem called on an unregistered component. Template=/Game/StarterContent/Particles/P_Ambient_Dust.P_Ambient_Dust Component=/Game/StarterContent/StarterMap.StarterMap:PersistentLevel.P_Ambient_Dust_17.ParticleSystemComponent0
[2015.02.12-10.28.58:854][217]LogParticles:Warning: InitializeSystem called on an unregistered component. Template=/Game/StarterContent/Particles/P_Fire.P_Fire Component=/Game/StarterContent/StarterMap.StarterMap:PersistentLevel.Blueprint_Effect_Fire_C_1.P_Fire
[2015.02.12-10.28.58:854][217]LogParticles:Warning: InitializeSystem called on an unregistered component. Template=/Game/StarterContent/Particles/P_Smoke.P_Smoke Component=/Game/StarterContent/StarterMap.StarterMap:PersistentLevel.Blueprint_Effect_Smoke_C_1.P_Smoke
[2015.02.12-10.28.58:855][217]LogParticles:Warning: InitializeSystem called on an unregistered component. Template=/Game/StarterContent/Particles/P_Sparks.P_Sparks Component=/Game/StarterContent/StarterMap.StarterMap:PersistentLevel.Blueprint_Effect_Sparks_C_1.Sparks
[2015.02.12-10.28.58:855][217]LogParticles:Warning: InitializeSystem called on an unregistered component. Template=/Game/StarterContent/Particles/P_Steam_Lit.P_Steam_Lit Component=/Game/StarterContent/StarterMap.StarterMap:PersistentLevel.Blueprint_Effect_Steam_C_1.P_Steam_Lit
[2015.02.12-10.28.58:858][217]LogParticles:Warning: InitializeSystem called on an unregistered component. Template=/Game/StarterContent/Particles/P_Fire.P_Fire Component=/Game/StarterContent/StarterMap.StarterMap:PersistentLevel.Blueprint_Effect_Fire_C_1.P_Fire
[2015.02.12-10.28.58:866][217]LogParticles:Warning: InitializeSystem called on an unregistered component. Template=/Game/StarterContent/Particles/P_Smoke.P_Smoke Component=/Game/StarterContent/StarterMap.StarterMap:PersistentLevel.Blueprint_Effect_Smoke_C_1.P_Smoke
[2015.02.12-10.28.58:868][217]LogParticles:Warning: InitializeSystem called on an unregistered component. Template=/Game/StarterContent/Particles/P_Sparks.P_Sparks Component=/Game/StarterContent/StarterMap.StarterMap:PersistentLevel.Blueprint_Effect_Sparks_C_1.Sparks
[2015.02.12-10.28.58:868][217]LogParticles:Warning: InitializeSystem called on an unregistered component. Template=/Game/StarterContent/Particles/P_Steam_Lit.P_Steam_Lit Component=/Game/StarterContent/StarterMap.StarterMap:PersistentLevel.Blueprint_Effect_Steam_C_1.P_Steam_Lit
[2015.02.12-10.29.11:950][217]LogMaterial: 0.000056 seconds spent updating 1 materials, 1 interfaces, 2 instances, 0 with static permutations.
[2015.02.12-10.29.11:950][217]LogObjectTools:Warning: ForceReplaceReferences replaced references for a transient object 'DEADCLASS_BP_LightStudio_C_14' or package '/Engine/Transient'.
[2015.02.12-10.29.11:950][217]LogObjectTools:Warning: ForceReplaceReferences replaced references for a transient object 'StaticMeshComponent_13' or package '/Engine/Transient'.
[2015.02.12-10.29.11:950][217]LogObjectTools:Warning: ForceReplaceReferences replaced references for a transient object 'StaticMeshComponent_24' or package '/Engine/Transient'.
[2015.02.12-10.29.11:950][217]LogObjectTools:Warning: ForceReplaceReferences replaced references for a transient object 'DEADCLASS_BP_LightStudio_C_15' or package '/Engine/Transient'.
[2015.02.12-10.29.11:950][217]LogObjectTools:Warning: ForceReplaceReferences replaced references for a transient object 'UserConstructionScript' or package '/Engine/Transient'.
[2015.02.12-10.29.11:951][217]LogObjectTools:Warning: ForceReplaceReferences replaced references for a transient object 'Default__DEADCLASS_BP_LightStudio_C_14' or package '/Engine/Transient'.
[2015.02.12-10.29.11:965][217]LogWindows:Error: Windows GetLastError: Åtgärden har slutförts. (0)
[2015.02.12-10.29.11:965][217]LogCrashTracker: 


[2015.02.12-10.29.12:176][217]LogCrashTracker: 


[2015.02.12-10.29.12:177][217]LogWindows: === Critical error: ===
Assertion failed: GetWorld() [File:D:\BuildFarm\buildmachine_++depot+UE4-Releases+4.6\Engine\Source\Runtime\Engine\Private\Actor.cpp] [Line: 3083] 



KERNELBASE.dll!UnknownFunction (0x00007ffa7170606c) + 0 bytes [UnknownFile:0]
UE4Editor-Core.dll!UnknownFunction (0x00007ffa44c72f7d) + 0 bytes [UnknownFile:0]
UE4Editor-Core.dll!UnknownFunction (0x00007ffa44b060f8) + 0 bytes [UnknownFile:0]
UE4Editor-Core.dll!UnknownFunction (0x00007ffa44ae9192) + 0 bytes [UnknownFile:0]
UE4Editor-Engine.dll!UnknownFunction (0x00007ffa42072f21) + 0 bytes [UnknownFile:0]
UE4Editor-Engine.dll!UnknownFunction (0x00007ffa4208350b) + 0 bytes [UnknownFile:0]
UE4Editor-Engine.dll!UnknownFunction (0x00007ffa4207deba) + 0 bytes [UnknownFile:0]
UE4Editor-UnrealEd.dll!UnknownFunction (0x00007ffa407506da) + 0 bytes [UnknownFile:0]
UE4Editor-UnrealEd.dll!UnknownFunction (0x00007ffa4074f1c4) + 0 bytes [UnknownFile:0]
UE4Editor-UnrealEd.dll!UnknownFunction (0x00007ffa404b5e2a) + 0 bytes [UnknownFile:0]
UE4Editor-UnrealEd.dll!UnknownFunction (0x00007ffa40bfbd50) + 0 bytes [UnknownFile:0]
UE4Editor-UnrealEd.dll!UnknownFunction (0x00007ffa40b46417) + 0 bytes [UnknownFile:0]
UE4Editor-UnrealEd.dll!UnknownFunction (0x00007ffa40b48e09) + 0 bytes [UnknownFile:0]
UE4Editor-UnrealEd.dll!UnknownFunction (0x00007ffa40be6d39) + 0 bytes [UnknownFile:0]
UE4Editor-Slate.dll!UnknownFunction (0x00007ffa41c84b9a) + 0 bytes [UnknownFile:0]
UE4Editor-Slate.dll!UnknownFunction (0x00007ffa41cb0a73) + 0 bytes [UnknownFile:0]
UE4Editor-Slate.dll!UnknownFunction (0x00007ffa41ae97bc) + 0 bytes [UnknownFile:0]
UE4Editor-Slate.dll!UnknownFunction (0x00007ffa41aa7347) + 0 bytes [UnknownFile:0]
UE4Editor-Slate.dll!UnknownFunction (0x00007ffa41b4b2e0) + 0 bytes [UnknownFile:0]
UE4Editor-Slate.dll!UnknownFunction (0x00007ffa41b3c226) + 0 bytes [UnknownFile:0]
UE4Editor-Core.dll!UnknownFunction (0x00007ffa44bde9e9) + 0 bytes [UnknownFile:0]
UE4Editor-Core.dll!UnknownFunction (0x00007ffa44bca1fb) + 0 bytes [UnknownFile:0]
UE4Editor-Core.dll!UnknownFunction (0x00007ffa44bdfbbb) + 0 bytes [UnknownFile:0]
UE4Editor-Core.dll!UnknownFunction (0x00007ffa44bc6cf2) + 0 bytes [UnknownFile:0]
USER32.dll!UnknownFunction (0x00007ffa71a62434) + 0 bytes [UnknownFile:0]
USER32.dll!UnknownFunction (0x00007ffa71a62297) + 0 bytes [UnknownFile:0]
UE4Editor-Core.dll!UnknownFunction (0x00007ffa44bdffd9) + 0 bytes [UnknownFile:0]
UE4Editor-Slate.dll!UnknownFunction (0x00007ffa41b64b9a) + 0 bytes [UnknownFile:0]
UE4Editor-Slate.dll!UnknownFunction (0x00007ffa41af43b0) + 0 bytes [UnknownFile:0]
UE4Editor-UnrealEd.dll!UnknownFunction (0x00007ffa40569c6e) + 0 bytes [UnknownFile:0]
UE4Editor-UnrealEd.dll!UnknownFunction (0x00007ffa4074195e) + 0 bytes [UnknownFile:0]
UE4Editor-ContentBrowser.dll!UnknownFunction (0x00007ffa2d99a40a) + 0 bytes [UnknownFile:0]
UE4Editor-ContentBrowser.dll!UnknownFunction (0x00007ffa2d9ab942) + 0 bytes [UnknownFile:0]
UE4Editor-ContentBrowser.dll!UnknownFunction (0x00007ffa2d874213) + 0 bytes [UnknownFile:0]
UE4Editor-ContentBrowser.dll!UnknownFunction (0x00007ffa2d87d799) + 0 bytes [UnknownFile:0]
UE4Editor-ContentBrowser.dll!UnknownFunction (0x00007ffa2d9a4759) + 0 bytes [UnknownFile:0]
UE4Editor-ContentBrowser.dll!UnknownFunction (0x00007ffa2d9a025a) + 0 bytes [UnknownFile:0]
UE4Editor-ContentBrowser.dll!UnknownFunction (0x00007ffa2da705e3) + 0 bytes [UnknownFile:0]
UE4Editor-ContentBrowser.dll!UnknownFunction (0x00007ffa2d875807) + 0 bytes [UnknownFile:0]
UE4Editor-ContentBrowser.dll!UnknownFunction (0x00007ffa2d87d9a9) + 0 bytes [UnknownFile:0]
UE4Editor-ContentBrowser.dll!UnknownFunction (0x00007ffa2d9a84d9) + 0 bytes [UnknownFile:0]
UE4Editor-Slate.dll!UnknownFunction (0x00007ffa41c84b9a) + 0 bytes [UnknownFile:0]
UE4Editor-Slate.dll!UnknownFunction (0x00007ffa41cb0a73) + 0 bytes [UnknownFile:0]
UE4Editor-Slate.dll!UnknownFunction (0x00007ffa41ae97bc) + 0 bytes [UnknownFile:0]
UE4Editor-Slate.dll!UnknownFunction (0x00007ffa41aa7347) + 0 bytes [UnknownFile:0]
UE4Editor-Slate.dll!UnknownFunction (0x00007ffa41b4b2e0) + 0 bytes [UnknownFile:0]
UE4Editor-Slate.dll!UnknownFunction (0x00007ffa41b3c226) + 0 bytes [UnknownFile:0]
UE4Editor-Core.dll!UnknownFunction (0x00007ffa44bde9e9) + 0 bytes [UnknownFile:0]
UE4Editor-Core.dll!UnknownFunction (0x00007ffa44bca1fb) + 0 bytes [UnknownFile:0]
UE4Editor-Core.dll!UnknownFunction (0x00007ffa44bdfbbb) + 0 bytes [UnknownFile:0]
UE4Editor-Core.dll!UnknownFunction (0x00007ffa44bc6cf2) + 0 bytes [UnknownFile:0]
USER32.dll!UnknownFunction (0x00007ffa71a62434) + 0 bytes [UnknownFile:0]
USER32.dll!UnknownFunction (0x00007ffa71a62297) + 0 bytes [UnknownFile:0]
UE4Editor-Core.dll!UnknownFunction (0x00007ffa44be0076) + 0 bytes [UnknownFile:0]
UE4Editor.exe!FEngineLoop::Tick() (0x00007ff71708cbda) + 8 bytes [d:\buildfarm\buildmachine_++depot+ue4-releases+4.6\engine\source\runtime\launch\private\launchengineloop.cpp:2193]
UE4Editor.exe!GuardedMain() (0x00007ff71708089f) + 0 bytes [d:\buildfarm\buildmachine_++depot+ue4-releases+4.6\engine\source\runtime\launch\private\launch.cpp:131]
UE4Editor.exe!GuardedMainWrapper() (0x00007ff71708090a) + 5 bytes [d:\buildfarm\buildmachine_++depot+ue4-releases+4.6\engine\source\runtime\launch\private\windows\launchwindows.cpp:126]
UE4Editor.exe!WinMain() (0x00007ff71708e3d9) + 17 bytes [d:\buildfarm\buildmachine_++depot+ue4-releases+4.6\engine\source\runtime\launch\private\windows\launchwindows.cpp:202]
UE4Editor.exe!__tmainCRTStartup() (0x00007ff71708f319) + 21 bytes [f:\dd\vctools\crt\crtw32\dllstuff\crtexe.c:618]
KERNEL32.DLL!UnknownFunction (0x00007ffa72ff16ad) + 0 bytes [UnknownFile:0]
ntdll.dll!UnknownFunction (0x00007ffa73ffeb64) + 0 bytes [UnknownFile:0]
ntdll.dll!UnknownFunction (0x00007ffa73ffeb64) + 0 bytes [UnknownFile:0]


[2015.02.12-10.29.12:304][217]LogExit: Executing StaticShutdownAfterError
[2015.02.12-10.29.12:306][217]LogWindows: FPlatformMisc::RequestExit(1)
[2015.02.12-10.29.12:306][217]Log file closed, 02/12/15 11:29:12
