Log file open, 02/12/15 16:01:30
LogInit:Display: Running engine for game: ProjectExplorer
LogInit: Version: 4.6.1-2386410+++depot+UE4-Releases+4.6
LogInit: API Version: 2369412
LogInit: Compiled (64-bit): Dec 11 2014 21:31:39
LogInit: Compiled with Visual C++: 18.00.21005.01
LogInit: Build Configuration: Development
LogInit: Branch Name: ++depot+UE4-Releases+4.6
LogInit: Command line:  
LogInit: Base directory: E:/Program Files/Epic Games/4.6/Engine/Binaries/Win64/
LogInit: Rocket: 1
[2015.02.12-15.01.30:988][  0]LogTaskGraph: Started task graph with 3 named threads and 6 total threads.
[2015.02.12-15.01.31:038][  0]LogOnline:Warning: No default platform service specified for OnlineSubsystem
[2015.02.12-15.01.31:058][  0]LogInit: Presizing for 0 objects not considered by GC, pre-allocating 0 bytes.
[2015.02.12-15.01.31:067][  0]LogInit: Object subsystem initialized
[2015.02.12-15.01.31:068][  0]LogConsoleResponse:Warning: Skipping Unknown console variable: 'UIScaleRule = ShortestSide'
[2015.02.12-15.01.31:068][  0]LogConsoleResponse:Warning:   Found in ini file 'C:/Users/Johan/Documents/SourceTree/ProjectExplorer/ProjectExplorer/Saved/Config/Windows/Engine.ini', in section '[/Script/Engine.RendererSettings]'
[2015.02.12-15.01.31:069][  0]LogConsoleResponse:Warning: Skipping Unknown console variable: 'UIScaleCurve = (EditorCurveData=(Keys=),ExternalCurve=None)'
[2015.02.12-15.01.31:069][  0]LogConsoleResponse:Warning:   Found in ini file 'C:/Users/Johan/Documents/SourceTree/ProjectExplorer/ProjectExplorer/Saved/Config/Windows/Engine.ini', in section '[/Script/Engine.RendererSettings]'
[2015.02.12-15.01.31:069][  0]LogConsoleManager:Warning: Console variable 'r.MSAA.CompositingSampleCount' wasn't set (Priority ProjectSetting < Scalability)
[2015.02.12-15.01.31:069][  0]LogInit: Selected Device Profile: [Windows]
[2015.02.12-15.01.31:069][  0]LogInit: Applying CVar settings loaded from the selected device profile: [Windows]
[2015.02.12-15.01.31:074][  0]LogInit: Computer: JOHAN-PC
[2015.02.12-15.01.31:074][  0]LogInit: User: Johan
[2015.02.12-15.01.31:074][  0]LogInit: CPU Page size=4096, Cores=4
[2015.02.12-15.01.31:074][  0]LogInit: High frequency timer resolution =3.312841 MHz
[2015.02.12-15.01.31:075][  0]LogMemory: Memory total: Physical=8.0GB (8GB approx) Virtual=8192.0GB
[2015.02.12-15.01.31:076][  0]LogMemory: Platform Memory Stats for Windows
[2015.02.12-15.01.31:076][  0]LogMemory: Process Physical Memory: 51.36 MB used, 51.36 MB peak
[2015.02.12-15.01.31:076][  0]LogMemory: Process Virtual Memory: 27.19 MB used, 27.20 MB peak
[2015.02.12-15.01.31:076][  0]LogMemory: Physical Memory: 5541.07 MB used, 8162.25 MB total
[2015.02.12-15.01.31:076][  0]LogMemory: Virtual Memory: 262.34 MB used, 8388608.00 MB total
[2015.02.12-15.01.31:115][  0]LogD3D11RHI: Found D3D11 adapter 0: NVIDIA GeForce GTX 580 (Feature Level 11_0)
[2015.02.12-15.01.31:115][  0]LogD3D11RHI: Adapter has 1503MB of dedicated video memory, 0MB of dedicated system memory, and 2559MB of shared system memory, 2 output[s]
[2015.02.12-15.01.31:115][  0]LogD3D11RHI: Chosen D3D11 Adapter Id = 0
[2015.02.12-15.01.31:121][  0]LogRHI: Texture pool is 1052 MB (70% of 1503 MB)
[2015.02.12-15.01.31:133][  0]LogD3D11RHI: Async texture creation enabled
[2015.02.12-15.01.31:185][  0]LogTextLocalizationManager: The requested culture ('en_US') has no localization data; parent culture's ('en') localization data will be used.
[2015.02.12-15.01.31:354][  0]LogContentStreaming: Texture pool size is 0.000000MB
[2015.02.12-15.01.37:333][  0]LogTargetPlatformManager:Display: Building Assets For Windows
[2015.02.12-15.01.37:776][  0]LogTargetPlatformManager:Display: Building Assets For Windows
[2015.02.12-15.01.37:825][  0]LogDerivedDataCache:Display: Max Cache Size: 512 MB
[2015.02.12-15.01.37:867][  0]LogDerivedDataCache: Loaded boot cache 0.04s 39MB C:/Users/Johan/AppData/Local/UnrealEngine/4.6/DerivedDataCache/Boot.ddc.
[2015.02.12-15.01.37:867][  0]LogDerivedDataCache:Display: Loaded Boot cache: C:/Users/Johan/AppData/Local/UnrealEngine/4.6/DerivedDataCache/Boot.ddc
[2015.02.12-15.01.37:867][  0]LogDerivedDataCache: FDerivedDataBackendGraph:  Pak pak cache file C:/Users/Johan/Documents/SourceTree/ProjectExplorer/ProjectExplorer/DerivedDataCache/DDC.ddp not found, will not use a pak cache.
[2015.02.12-15.01.37:867][  0]LogDerivedDataCache: Unable to find inner node Pak for hierarchical cache Hierarchy.
[2015.02.12-15.01.37:936][  0]LogDerivedDataCache:Display: Pak cache opened for reading ../../../Engine/DerivedDataCache/DDC.ddp.
[2015.02.12-15.01.37:947][  0]LogDerivedDataCache: Using Local data cache path C:/Users/Johan/AppData/Local/UnrealEngine/Common/DerivedDataCache: Writable
[2015.02.12-15.01.38:070][  0]LogCollisionProfile:Warning: Profile (UI) - Custom Channel Name = 'Weapon' hasn't been found
[2015.02.12-15.01.38:210][  0]LogMeshUtilities: No automatic mesh reduction module available
[2015.02.12-15.01.38:210][  0]LogMeshUtilities: No automatic mesh merging module available
[2015.02.12-15.01.38:584][  0]LogInit: WinSock: version 1.1 (2.2), MaxSocks=32767, MaxUdp=65467
[2015.02.12-15.01.38:631][  0]LogSlate:Warning: Failed to load font data from '../../../Engine/Content/Slate/Fonts/Roboto-Italic.ttf'
[2015.02.12-15.01.39:336][  0]UdpMessaging: Initializing bridge on interface 0.0.0.0:0 to multicast group 230.0.0.1:6666.
[2015.02.12-15.01.39:617][  0]SourceControl: Info Source control is disabled
[2015.02.12-15.01.39:617][  0]SourceControl: Info Source control is disabled
[2015.02.12-15.01.39:623][  0]SourceControl: Info Source control is disabled
[2015.02.12-15.01.39:728][  0]LogObj: 23762 objects as part of root set at end of initial load.
[2015.02.12-15.01.39:728][  0]LogUObjectAllocator: 5176184 out of 0 bytes used by permanent object pool.
[2015.02.12-15.01.39:780][  0]LogEngine: Initializing Engine...
[2015.02.12-15.01.39:933][  0]LogInit: XAudio2 using 'Speakers (Realtek High Definition Audio)' : 6 channels at 48 kHz using 32 bits per sample (channel mask 0x3f)
[2015.02.12-15.01.39:942][  0]LogInit: FAudioDevice initialized.
[2015.02.12-15.01.39:959][  0]LogAIModule: Creating AISystem for world NewWorld
[2015.02.12-15.01.39:979][  0]LogDerivedDataCache: Saved boot cache 0.02s 39MB C:/Users/Johan/AppData/Local/UnrealEngine/4.6/DerivedDataCache/Boot.ddc.
[2015.02.12-15.01.39:985][  0]LogInit: Texture streaming: Enabled
[2015.02.12-15.01.40:010][  0]LogAnalytics: Creating configured Analytics provider AnalyticsET
[2015.02.12-15.01.40:010][  0]LogAnalytics: ET APIKey = Rocket.Release. APIServer = http://et2.epicgames.com/ET2/. AppVersion = 4.6.1-2386410+++depot+UE4-Releases+4.6
[2015.02.12-15.01.40:011][  0]LogAnalytics: SetUserId 5eec75a4e7a25c248d076ef2acad8104
[2015.02.12-15.01.40:011][  0]LogAnalytics: AnalyticsET::StartSession [Rocket.Release]
[2015.02.12-15.01.40:024][  0]LogInit: Transaction tracking system initialized
[2015.02.12-15.01.40:107][  0]BlueprintLog: New page: Editor Load
[2015.02.12-15.01.40:134][  0]LogAssetRegistry: FAssetRegistry took 0.0101 seconds to start up
[2015.02.12-15.01.40:134][  0]LogDirectoryWatcher:Warning: Failed to begin reading directory changes for ../../../Engine/Plugins/Experimental/CharacterAI/Content/. Error: 0
[2015.02.12-15.01.40:645][  0]LogTargetPlatformManager:Display: Building Assets For Windows
[2015.02.12-15.01.41:035][  0]LogTargetPlatformManager:Display: Building Assets For Windows
[2015.02.12-15.01.41:214][  0]LogConsoleResponse:Display: 
[2015.02.12-15.01.41:281][  0]LogLinker:Warning: Asset '../../../Engine/Content/Functions/Engine_MaterialFunctions03/Procedurals/ComputeFilterWidth.uasset' has been saved with empty engine version. The asset will be loaded but may be incompatible.
[2015.02.12-15.01.41:481][  0]SourceControl: Info Source control is disabled
[2015.02.12-15.01.41:481][  0]Cmd: MAP LOAD FILE="C:/Users/Johan/Documents/SourceTree/ProjectExplorer/ProjectExplorer/Content/Maps/Example_Map.umap" TEMPLATE=0 SHOWPROGRESS=1
[2015.02.12-15.01.41:481][  0]LogEditorServer:Warning: Can't find file 'C:/Users/Johan/Documents/SourceTree/ProjectExplorer/ProjectExplorer/Content/Maps/Example_Map.umap'
[2015.02.12-15.01.41:481][  0]Cmd: MAP CHECKDEP
[2015.02.12-15.01.41:481][  0]MapCheck: New page: Untitled_0 - Feb 12, 2015, 5:01:41 PM
[2015.02.12-15.01.41:544][  0]MapCheck: Info Map check complete: 0 Error(s), 0 Warning(s), took 62.915ms to complete.
[2015.02.12-15.01.41:544][  0]LogFileHelpers: Loading map 'Example_Map' took 0.063
[2015.02.12-15.01.41:621][  0]LogCollectionManager: Loaded 0 collections in 0.001423 seconds
[2015.02.12-15.01.41:720][  0]LogCrashTracker: Crashtracker disabled due to settings.
[2015.02.12-15.01.41:727][  0]LogUObjectGlobals:Warning: Failed to find object 'Class None.'
[2015.02.12-15.01.41:751][  0]LogLoad: Full Startup: 12.64 seconds (BP compile: 0.00 seconds)
[2015.02.12-15.01.42:089][  0]LogContentBrowser:Verbose: The content browser source was changed by the sources view to '/Game/Blueprints'
[2015.02.12-15.01.42:212][  0]LogRenderer:Warning: Reallocating scene render targets to support 1152x904.
[2015.02.12-15.01.42:571][  2]LogAssetRegistry: Asset discovery search completed in 2.4480 seconds
[2015.02.12-15.08.16:221][786]LogContentBrowser:Verbose: The content browser source was changed by the sources view to '/Game/Maps'
[2015.02.12-15.08.18:164][930]LogTexture:Display: Building textures: InteriorDoor_D (AutoDXT)
[2015.02.12-15.08.20:907][930]LogMaterial: Missing cached shader map for material InteriorDoorMAT, compiling.
[2015.02.12-15.08.21:050][930]Cmd: MAP LOAD FILE="C:/Users/Johan/Documents/SourceTree/ProjectExplorer/ProjectExplorer/Content/Maps/House.umap" TEMPLATE=0 SHOWPROGRESS=1
[2015.02.12-15.08.21:050][930]LightingResults: New page: Lighting Build
[2015.02.12-15.08.21:087][930]LoadErrors: New page: Loading map: House.umap
[2015.02.12-15.08.21:087][930]MapCheck: New page: Map Check
[2015.02.12-15.08.21:087][930]LightingResults: New page: Lighting Build
[2015.02.12-15.08.21:096][930]LogParticles: Destroying 0 GPU particle simulations for FXSystem 0x000000001479D580
[2015.02.12-15.08.21:105][930]LogEditorServer: Finished looking for orphan Actors (0.000 secs)
[2015.02.12-15.08.21:105][930]LogAIModule: Creating AISystem for world House
[2015.02.12-15.08.21:120][930]Cmd: MAP CHECKDEP
[2015.02.12-15.08.21:121][930]MapCheck: New page: House - Feb 12, 2015, 5:08:21 PM
[2015.02.12-15.08.21:197][930]MapCheck: Info Map check complete: 0 Error(s), 0 Warning(s), took 76.788ms to complete.
[2015.02.12-15.08.21:197][930]LogFileHelpers: Loading map 'House' took 0.148
[2015.02.12-15.08.26:686][110]LogPlayLevel: PIE:  No blueprints needed recompiling
[2015.02.12-15.08.26:686][110]PIE: New page: PIE session: House (Feb 12, 2015, 5:08:26 PM)
[2015.02.12-15.08.26:730][110]LogPlayLevel: PIE: StaticDuplicateObject took: (0.042604s)
[2015.02.12-15.08.26:731][110]LogPlayLevel: PIE: World Init took: (0.001153s)
[2015.02.12-15.08.26:731][110]LogPlayLevel: PIE: Created PIE world by copying editor world from /Game/Maps/House.House to /Game/Maps/UEDPIE_0_House.House (0.044806s)
[2015.02.12-15.08.26:967][110]BlueprintLog:Warning: Warning Blueprint MyGame has been migrated and requires re-saving to avoid import errors
[2015.02.12-15.08.26:969][110]LogWorld: Game class is 'MyGame_C'
[2015.02.12-15.08.26:971][110]LogAIModule: Creating AISystem for world House
[2015.02.12-15.08.26:973][110]LogWorld: Bringing World /Game/Maps/UEDPIE_0_House.House up for play (max tick rate 0) at 2015.02.12-16.08.26
[2015.02.12-15.08.26:974][110]LogWorld: Bringing up level for play took: 0.002964
[2015.02.12-15.08.26:976][110]PIE: Info Play in editor start time for /Game/Maps/UEDPIE_0_House 1.163
[2015.02.12-15.08.27:852][185]LogScript:Warning: Accessed None 'CallFunc_GetAnimInstance_ReturnValue'
	MyCharacter_C /Game/Maps/UEDPIE_0_House.House:PersistentLevel.MyCharacter_C_0
	Function /Game/Blueprints/MyCharacter.MyCharacter_C:ExecuteUbergraph_MyCharacter:03E9
[2015.02.12-15.08.27:852][185]PIE:Error: Error Accessed None 'CallFunc_GetAnimInstance_ReturnValue' from node Construction Script in blueprint MyCharacter
[2015.02.12-15.08.45:683][832]LogParticles: Destroying 0 GPU particle simulations for FXSystem 0x000000000D2511C0
[2015.02.12-16.11.49:831][ 91]LogPlayLevel: PIE:  No blueprints needed recompiling
[2015.02.12-16.11.49:831][ 91]PIE: New page: PIE session: House (Feb 12, 2015, 6:11:49 PM)
[2015.02.12-16.11.49:853][ 91]LogPlayLevel: PIE: StaticDuplicateObject took: (0.022060s)
[2015.02.12-16.11.49:854][ 91]LogPlayLevel: PIE: World Init took: (0.001105s)
[2015.02.12-16.11.49:854][ 91]LogPlayLevel: PIE: Created PIE world by copying editor world from /Game/Maps/House.House to /Game/Maps/UEDPIE_0_House.House (0.023421s)
[2015.02.12-16.11.49:888][ 91]LogWorld: Game class is 'MyGame_C'
[2015.02.12-16.11.49:889][ 91]LogAIModule: Creating AISystem for world House
[2015.02.12-16.11.49:891][ 91]LogWorld: Bringing World /Game/Maps/UEDPIE_0_House.House up for play (max tick rate 0) at 2015.02.12-17.11.49
[2015.02.12-16.11.49:892][ 91]LogWorld: Bringing up level for play took: 0.002418
[2015.02.12-16.11.49:893][ 91]PIE: Info Play in editor start time for /Game/Maps/UEDPIE_0_House 0.019
[2015.02.12-16.11.50:439][140]LogScript:Warning: Accessed None 'CallFunc_GetAnimInstance_ReturnValue'
	MyCharacter_C /Game/Maps/UEDPIE_0_House.House:PersistentLevel.MyCharacter_C_1
	Function /Game/Blueprints/MyCharacter.MyCharacter_C:ExecuteUbergraph_MyCharacter:03E9
[2015.02.12-16.11.50:440][140]PIE:Error: Error Accessed None 'CallFunc_GetAnimInstance_ReturnValue' from node Construction Script in blueprint MyCharacter
[2015.02.12-16.12.02:094][249]LogParticles: Destroying 0 GPU particle simulations for FXSystem 0x0000000010F3A160
[2015.02.12-16.21.05:748][107]LogPlayLevel: PIE:  No blueprints needed recompiling
[2015.02.12-16.21.05:748][107]PIE: New page: PIE session: House (Feb 12, 2015, 6:21:05 PM)
[2015.02.12-16.21.05:770][107]LogPlayLevel: PIE: StaticDuplicateObject took: (0.021751s)
[2015.02.12-16.21.05:772][107]LogPlayLevel: PIE: World Init took: (0.001016s)
[2015.02.12-16.21.05:772][107]LogPlayLevel: PIE: Created PIE world by copying editor world from /Game/Maps/House.House to /Game/Maps/UEDPIE_0_House.House (0.023031s)
[2015.02.12-16.21.05:805][107]LogWorld: Game class is 'MyGame_C'
[2015.02.12-16.21.05:807][107]LogAIModule: Creating AISystem for world House
[2015.02.12-16.21.05:809][107]LogWorld: Bringing World /Game/Maps/UEDPIE_0_House.House up for play (max tick rate 0) at 2015.02.12-17.21.05
[2015.02.12-16.21.05:809][107]LogWorld: Bringing up level for play took: 0.002377
[2015.02.12-16.21.05:810][107]PIE: Info Play in editor start time for /Game/Maps/UEDPIE_0_House -0.072
[2015.02.12-16.21.06:709][199]LogScript:Warning: Accessed None 'CallFunc_GetAnimInstance_ReturnValue'
	MyCharacter_C /Game/Maps/UEDPIE_0_House.House:PersistentLevel.MyCharacter_C_2
	Function /Game/Blueprints/MyCharacter.MyCharacter_C:ExecuteUbergraph_MyCharacter:03E9
[2015.02.12-16.21.06:709][199]PIE:Error: Error Accessed None 'CallFunc_GetAnimInstance_ReturnValue' from node Construction Script in blueprint MyCharacter
[2015.02.12-16.22.09:881][722]LogParticles: Destroying 0 GPU particle simulations for FXSystem 0x0000000010FD3D80
[2015.02.12-16.22.11:698][848]LogEditorViewport: Clicking on Actor (LMB): Door_C (Door)
[2015.02.12-16.22.12:522][906]LogEditorViewport: Clicking on Actor (LMB): Door_C (Door)
[2015.02.12-16.22.13:032][945]LogEditorViewport: Clicking on Actor (LMB): Door_C (Door)
[2015.02.12-16.23.44:263][462]LogContentBrowser:Verbose: The content browser source was changed by the sources view to '/Game/Meshes'
[2015.02.12-16.23.46:719][674]LogContentBrowser:Verbose: The content browser source was changed by the sources view to '/Game/Blueprints'
[2015.02.12-16.26.51:313][714]BlueprintLog: New page: Pre-PIE auto-recompile
[2015.02.12-16.26.51:316][714]LogPlayLevel: [PIE] Compiling Tutorial_BP_MacroLib before PIE...
[2015.02.12-16.26.51:350][714]LogActorComponent: UnregisterComponent: (/Engine/Transient.ProjectileMovementComponent_0) Not registered. Aborting.
[2015.02.12-16.26.51:350][714]LogActorComponent: UnregisterComponent: (/Engine/Transient.CharacterMovementComponent_0) Not registered. Aborting.
[2015.02.12-16.26.51:367][714]LogPlayLevel: PIE:  Blueprint regeneration took 54 ms (1 blueprints)
[2015.02.12-16.26.51:367][714]PIE: New page: PIE session: House (Feb 12, 2015, 6:26:51 PM)
[2015.02.12-16.26.51:397][714]LogPlayLevel: PIE: StaticDuplicateObject took: (0.029484s)
[2015.02.12-16.26.51:398][714]LogPlayLevel: PIE: World Init took: (0.001055s)
[2015.02.12-16.26.51:398][714]LogPlayLevel: PIE: Created PIE world by copying editor world from /Game/Maps/House.House to /Game/Maps/UEDPIE_0_House.House (0.030737s)
[2015.02.12-16.26.51:430][714]LogWorld: Game class is 'MyGame_C'
[2015.02.12-16.26.51:431][714]LogAIModule: Creating AISystem for world House
[2015.02.12-16.26.51:433][714]LogWorld: Bringing World /Game/Maps/UEDPIE_0_House.House up for play (max tick rate 0) at 2015.02.12-17.26.51
[2015.02.12-16.26.51:434][714]LogWorld: Bringing up level for play took: 0.002487
[2015.02.12-16.26.51:435][714]PIE: Info Play in editor start time for /Game/Maps/UEDPIE_0_House -0.453
[2015.02.12-16.26.52:208][755]LogScript:Warning: Accessed None 'CallFunc_GetAnimInstance_ReturnValue'
	MyCharacter_C /Game/Maps/UEDPIE_0_House.House:PersistentLevel.MyCharacter_C_3
	Function /Game/Blueprints/MyCharacter.MyCharacter_C:ExecuteUbergraph_MyCharacter:03E9
[2015.02.12-16.26.52:208][755]PIE:Error: Error Accessed None 'CallFunc_GetAnimInstance_ReturnValue' from node Construction Script in blueprint MyCharacter
[2015.02.12-16.27.12:770][891]LogParticles: Destroying 0 GPU particle simulations for FXSystem 0x000000000DC8C220
[2015.02.12-16.27.17:118][102]LogPlayLevel: PIE:  No blueprints needed recompiling
[2015.02.12-16.27.17:118][102]PIE: New page: PIE session: House (Feb 12, 2015, 6:27:17 PM)
[2015.02.12-16.27.17:139][102]LogPlayLevel: PIE: StaticDuplicateObject took: (0.020855s)
[2015.02.12-16.27.17:141][102]LogPlayLevel: PIE: World Init took: (0.001765s)
[2015.02.12-16.27.17:141][102]LogPlayLevel: PIE: Created PIE world by copying editor world from /Game/Maps/House.House to /Game/Maps/UEDPIE_0_House.House (0.022875s)
[2015.02.12-16.27.17:172][102]LogWorld: Game class is 'MyGame_C'
[2015.02.12-16.27.17:173][102]LogAIModule: Creating AISystem for world House
[2015.02.12-16.27.17:175][102]LogWorld: Bringing World /Game/Maps/UEDPIE_0_House.House up for play (max tick rate 0) at 2015.02.12-17.27.17
[2015.02.12-16.27.17:176][102]LogWorld: Bringing up level for play took: 0.002466
[2015.02.12-16.27.17:177][102]PIE: Info Play in editor start time for /Game/Maps/UEDPIE_0_House -0.711
[2015.02.12-16.27.18:171][160]LogScript:Warning: Accessed None 'CallFunc_GetAnimInstance_ReturnValue'
	MyCharacter_C /Game/Maps/UEDPIE_0_House.House:PersistentLevel.MyCharacter_C_4
	Function /Game/Blueprints/MyCharacter.MyCharacter_C:ExecuteUbergraph_MyCharacter:03E9
[2015.02.12-16.27.18:171][160]PIE:Error: Error Accessed None 'CallFunc_GetAnimInstance_ReturnValue' from node Construction Script in blueprint MyCharacter
[2015.02.12-16.27.32:161][991]LogParticles: Destroying 0 GPU particle simulations for FXSystem 0x0000000009412200
[2015.02.12-16.32.06:328][503]LogActorComponent: UnregisterComponent: (/Engine/Transient.ProjectileMovementComponent_1) Not registered. Aborting.
[2015.02.12-16.32.06:329][503]LogActorComponent: UnregisterComponent: (/Engine/Transient.CharacterMovementComponent_1) Not registered. Aborting.
[2015.02.12-16.32.06:407][503]Cmd: OBJ SAVEPACKAGE PACKAGE="/Game/Blueprints/Door" FILE="C:/Users/Johan/Documents/SourceTree/ProjectExplorer/ProjectExplorer/Content/Blueprints/Door.uasset" SILENT=true
[2015.02.12-16.32.06:739][503]LogSavePackage: Save=328.675598ms
[2015.02.12-16.32.06:739][503]LogSavePackage: Moving 'C:/Users/Johan/Documents/SourceTree/ProjectExplorer/ProjectExplorer/Saved/Door60EB59FC4F3EE4AEDB32F18BAB23ABC2.tmp' to 'C:/Users/Johan/Documents/SourceTree/ProjectExplorer/ProjectExplorer/Content/Blueprints/Door.uasset'
[2015.02.12-16.32.10:972][668]BlueprintLog: New page: Pre-PIE auto-recompile
[2015.02.12-16.32.10:990][668]LogPlayLevel: [PIE] Compiling Door before PIE...
[2015.02.12-16.32.11:082][668]LogPlayLevel: PIE:  Blueprint regeneration took 110 ms (1 blueprints)
[2015.02.12-16.32.11:082][668]PIE: New page: PIE session: House (Feb 12, 2015, 6:32:11 PM)
[2015.02.12-16.32.11:107][668]LogPlayLevel: PIE: StaticDuplicateObject took: (0.024311s)
[2015.02.12-16.32.11:108][668]LogPlayLevel: PIE: World Init took: (0.000854s)
[2015.02.12-16.32.11:108][668]LogPlayLevel: PIE: Created PIE world by copying editor world from /Game/Maps/House.House to /Game/Maps/UEDPIE_0_House.House (0.025403s)
[2015.02.12-16.32.11:140][668]LogWorld: Game class is 'MyGame_C'
[2015.02.12-16.32.11:142][668]LogAIModule: Creating AISystem for world House
[2015.02.12-16.32.11:143][668]LogWorld: Bringing World /Game/Maps/UEDPIE_0_House.House up for play (max tick rate 0) at 2015.02.12-17.32.11
[2015.02.12-16.32.11:144][668]LogWorld: Bringing up level for play took: 0.002371
[2015.02.12-16.32.11:145][668]PIE: Info Play in editor start time for /Game/Maps/UEDPIE_0_House -0.748
[2015.02.12-16.32.11:711][698]LogScript:Warning: Accessed None 'CallFunc_GetAnimInstance_ReturnValue'
	MyCharacter_C /Game/Maps/UEDPIE_0_House.House:PersistentLevel.MyCharacter_C_5
	Function /Game/Blueprints/MyCharacter.MyCharacter_C:ExecuteUbergraph_MyCharacter:03E9
[2015.02.12-16.32.11:711][698]PIE:Error: Error Accessed None 'CallFunc_GetAnimInstance_ReturnValue' from node Construction Script in blueprint MyCharacter
[2015.02.12-16.32.42:483][573]LogParticles: Destroying 0 GPU particle simulations for FXSystem 0x00000000201E74C0
[2015.02.12-16.32.57:470][580]Cmd: OBJ SAVEPACKAGE PACKAGE="/Game/Maps/House" FILE="C:/Users/Johan/Documents/SourceTree/ProjectExplorer/ProjectExplorer/Content/Maps/House.umap" SILENT=true AUTOSAVING=false KEEPDIRTY=false
[2015.02.12-16.32.57:567][580]LogSavePackage: Save=73.101006ms
[2015.02.12-16.32.57:567][580]LogSavePackage: Moving 'C:/Users/Johan/Documents/SourceTree/ProjectExplorer/ProjectExplorer/Saved/House3AF0179E48F378A2AC647AB50B2FDCAD.tmp' to 'C:/Users/Johan/Documents/SourceTree/ProjectExplorer/ProjectExplorer/Content/Maps/House.umap'
[2015.02.12-16.32.57:587][580]LogFileHelpers: Saving map 'House' took 0.196
[2015.02.12-16.33.03:439][871]Cmd: OBJ SAVEPACKAGE PACKAGE="/Game/Blueprints/Door" FILE="C:/Users/Johan/Documents/SourceTree/ProjectExplorer/ProjectExplorer/Content/Blueprints/Door.uasset" SILENT=true
[2015.02.12-16.33.03:778][871]LogSavePackage: Save=335.079468ms
[2015.02.12-16.33.03:778][871]LogSavePackage: Moving 'C:/Users/Johan/Documents/SourceTree/ProjectExplorer/ProjectExplorer/Saved/Door48CA565E48A9F6D0EADDF683E43072C2.tmp' to 'C:/Users/Johan/Documents/SourceTree/ProjectExplorer/ProjectExplorer/Content/Blueprints/Door.uasset'
[2015.02.12-16.33.04:630][918]BlueprintLog: New page: Pre-PIE auto-recompile
[2015.02.12-16.33.04:647][918]LogPlayLevel: [PIE] Compiling Door before PIE...
[2015.02.12-16.33.04:739][918]LogPlayLevel: PIE:  Blueprint regeneration took 109 ms (1 blueprints)
[2015.02.12-16.33.04:740][918]PIE: New page: PIE session: House (Feb 12, 2015, 6:33:04 PM)
[2015.02.12-16.33.04:768][918]LogPlayLevel: PIE: StaticDuplicateObject took: (0.027890s)
[2015.02.12-16.33.04:769][918]LogPlayLevel: PIE: World Init took: (0.000922s)
[2015.02.12-16.33.04:769][918]LogPlayLevel: PIE: Created PIE world by copying editor world from /Game/Maps/House.House to /Game/Maps/UEDPIE_0_House.House (0.029043s)
[2015.02.12-16.33.04:799][918]LogWorld: Game class is 'MyGame_C'
[2015.02.12-16.33.04:801][918]LogAIModule: Creating AISystem for world House
[2015.02.12-16.33.04:803][918]LogWorld: Bringing World /Game/Maps/UEDPIE_0_House.House up for play (max tick rate 0) at 2015.02.12-17.33.04
[2015.02.12-16.33.04:803][918]LogWorld: Bringing up level for play took: 0.002397
[2015.02.12-16.33.04:804][918]PIE: Info Play in editor start time for /Game/Maps/UEDPIE_0_House 0.91
[2015.02.12-16.33.05:456][945]LogScript:Warning: Accessed None 'CallFunc_GetAnimInstance_ReturnValue'
	MyCharacter_C /Game/Maps/UEDPIE_0_House.House:PersistentLevel.MyCharacter_C_6
	Function /Game/Blueprints/MyCharacter.MyCharacter_C:ExecuteUbergraph_MyCharacter:03E9
[2015.02.12-16.33.05:456][945]PIE:Error: Error Accessed None 'CallFunc_GetAnimInstance_ReturnValue' from node Construction Script in blueprint MyCharacter
[2015.02.12-16.33.30:051][416]LogParticles: Destroying 0 GPU particle simulations for FXSystem 0x000000001ED35800
[2015.02.12-16.33.38:420][524]LogActorComponent: UnregisterComponent: (/Engine/Transient.ProjectileMovementComponent_2) Not registered. Aborting.
[2015.02.12-16.33.38:420][524]LogActorComponent: UnregisterComponent: (/Engine/Transient.CharacterMovementComponent_2) Not registered. Aborting.
[2015.02.12-16.33.38:546][524]Cmd: OBJ SAVEPACKAGE PACKAGE="/Game/Maps/House" FILE="C:/Users/Johan/Documents/SourceTree/ProjectExplorer/ProjectExplorer/Content/Maps/House.umap" SILENT=true AUTOSAVING=false KEEPDIRTY=false
[2015.02.12-16.33.38:630][524]LogSavePackage: Save=65.081001ms
[2015.02.12-16.33.38:630][524]LogSavePackage: Moving 'C:/Users/Johan/Documents/SourceTree/ProjectExplorer/ProjectExplorer/Saved/House7E4D558147C9727EB1910A890DC43B8D.tmp' to 'C:/Users/Johan/Documents/SourceTree/ProjectExplorer/ProjectExplorer/Content/Maps/House.umap'
[2015.02.12-16.33.38:649][524]LogFileHelpers: Saving map 'House' took 0.181
[2015.02.12-16.33.41:677][701]LogParticles: Destroying 0 GPU particle simulations for FXSystem 0x0000000014A08A40
[2015.02.12-16.33.42:178][702]Cmd: QUIT_EDITOR
[2015.02.12-16.33.42:519][702]LogExit: Preparing to exit.
[2015.02.12-16.33.42:791][702]LogExit: Editor shut down
[2015.02.12-16.33.42:791][702]LogExit: Transaction tracking system shut down
[2015.02.12-16.33.42:792][702]LogParticles: Destroying 0 GPU particle simulations for FXSystem 0x000000001EB11080
[2015.02.12-16.33.42:792][702]LogParticles: Destroying 0 GPU particle simulations for FXSystem 0x000000001EB10CC0
[2015.02.12-16.33.42:792][702]LogParticles: Destroying 0 GPU particle simulations for FXSystem 0x000000000DC8E340
[2015.02.12-16.33.42:792][702]LogParticles: Destroying 0 GPU particle simulations for FXSystem 0x000000001ED37060
[2015.02.12-16.33.42:833][702]LogExit: Object subsystem successfully closed.
[2015.02.12-16.33.42:884][702]LogModuleManager: Shutting down and abandoning module StatsViewer (172)
[2015.02.12-16.33.42:884][702]LogModuleManager: Shutting down and abandoning module AndroidDeviceDetection (171)
[2015.02.12-16.33.42:884][702]LogModuleManager: Shutting down and abandoning module CrashTracker (170)
[2015.02.12-16.33.42:884][702]LogModuleManager: Shutting down and abandoning module SuperSearch (169)
[2015.02.12-16.33.42:884][702]LogModuleManager: Shutting down and abandoning module SceneOutliner (168)
[2015.02.12-16.33.42:884][702]LogModuleManager: Shutting down and abandoning module EditorWidgets (167)
[2015.02.12-16.33.42:884][702]LogModuleManager: Shutting down and abandoning module CollectionManager (166)
[2015.02.12-16.33.42:884][702]LogModuleManager: Shutting down and abandoning module FoliageEdit (165)
[2015.02.12-16.33.42:884][702]LogModuleManager: Shutting down and abandoning module LandscapeEditor (164)
[2015.02.12-16.33.42:884][702]LogModuleManager: Shutting down and abandoning module MeshPaint (163)
[2015.02.12-16.33.42:884][702]LogModuleManager: Shutting down and abandoning module ActorPickerMode (162)
[2015.02.12-16.33.42:884][702]LogModuleManager: Shutting down and abandoning module GeometryMode (161)
[2015.02.12-16.33.42:884][702]LogModuleManager: Shutting down and abandoning module TextureAlignMode (160)
[2015.02.12-16.33.42:884][702]LogModuleManager: Shutting down and abandoning module BspMode (159)
[2015.02.12-16.33.42:884][702]LogModuleManager: Shutting down and abandoning module PlacementMode (158)
[2015.02.12-16.33.42:884][702]LogModuleManager: Shutting down and abandoning module AutomationWorker (157)
[2015.02.12-16.33.42:884][702]LogModuleManager: Shutting down and abandoning module CharacterAI (156)
[2015.02.12-16.33.42:884][702]LogModuleManager: Shutting down and abandoning module GameProjectGeneration (155)
[2015.02.12-16.33.42:884][702]LogModuleManager: Shutting down and abandoning module IntroTutorials (154)
[2015.02.12-16.33.42:884][702]LogModuleManager: Shutting down and abandoning module EditorLiveStreaming (153)
[2015.02.12-16.33.42:884][702]LogModuleManager: Shutting down and abandoning module HardwareTargeting (152)
[2015.02.12-16.33.42:884][702]LogModuleManager: Shutting down and abandoning module DeviceProfileEditor (151)
[2015.02.12-16.33.42:884][702]LogModuleManager: Shutting down and abandoning module UndoHistory (150)
[2015.02.12-16.33.42:884][702]LogModuleManager: Shutting down and abandoning module GameplayTagsEditor (149)
[2015.02.12-16.33.42:884][702]LogModuleManager: Shutting down and abandoning module UserFeedback (148)
[2015.02.12-16.33.42:884][702]LogModuleManager: Shutting down and abandoning module XmlParser (147)
[2015.02.12-16.33.42:884][702]LogModuleManager: Shutting down and abandoning module Blutility (146)
[2015.02.12-16.33.42:884][702]LogModuleManager: Shutting down and abandoning module IOSPlatformEditor (145)
[2015.02.12-16.33.42:884][702]LogModuleManager: Shutting down and abandoning module IOSRuntimeSettings (144)
[2015.02.12-16.33.42:884][702]LogModuleManager: Shutting down and abandoning module AndroidPlatformEditor (143)
[2015.02.12-16.33.42:884][702]LogModuleManager: Shutting down and abandoning module AndroidRuntimeSettings (142)
[2015.02.12-16.33.42:884][702]LogModuleManager: Shutting down and abandoning module ProjectTargetPlatformEditor (141)
[2015.02.12-16.33.42:884][702]LogModuleManager: Shutting down and abandoning module ProjectSettingsViewer (140)
[2015.02.12-16.33.42:884][702]LogModuleManager: Shutting down and abandoning module InputBindingEditor (139)
[2015.02.12-16.33.42:885][702]LogModuleManager: Shutting down and abandoning module EditorSettingsViewer (138)
[2015.02.12-16.33.42:885][702]LogModuleManager: Shutting down and abandoning module SettingsEditor (137)
[2015.02.12-16.33.42:885][702]LogModuleManager: Shutting down and abandoning module ProjectLauncher (136)
[2015.02.12-16.33.42:885][702]LogModuleManager: Shutting down and abandoning module SessionFrontend (135)
[2015.02.12-16.33.42:885][702]LogModuleManager: Shutting down and abandoning module ProfilerClient (134)
[2015.02.12-16.33.42:885][702]LogModuleManager: Shutting down and abandoning module TargetDeviceServices (133)
[2015.02.12-16.33.42:885][702]LogModuleManager: Shutting down and abandoning module DeviceManager (132)
[2015.02.12-16.33.42:885][702]LogModuleManager: Shutting down and abandoning module AutomationController (131)
[2015.02.12-16.33.42:885][702]LogModuleManager: Shutting down and abandoning module AutomationWindow (130)
[2015.02.12-16.33.42:885][702]LogModuleManager: Shutting down and abandoning module Layers (129)
[2015.02.12-16.33.42:885][702]LogModuleManager: Shutting down and abandoning module ComponentVisualizers (128)
[2015.02.12-16.33.42:885][702]LogModuleManager: Shutting down and abandoning module DetailCustomizations (127)
[2015.02.12-16.33.42:885][702]LogModuleManager: Shutting down and abandoning module PackagesDialog (126)
[2015.02.12-16.33.42:885][702]LogModuleManager: Shutting down and abandoning module AssetRegistry (125)
[2015.02.12-16.33.42:950][702]LogModuleManager: Shutting down and abandoning module Persona (124)
[2015.02.12-16.33.42:950][702]LogModuleManager: Shutting down and abandoning module Kismet (123)
[2015.02.12-16.33.42:950][702]LogModuleManager: Shutting down and abandoning module GraphEditor (122)
[2015.02.12-16.33.42:950][702]LogModuleManager: Shutting down and abandoning module ClassViewer (121)
[2015.02.12-16.33.42:950][702]LogModuleManager: Shutting down and abandoning module Toolbox (120)
[2015.02.12-16.33.42:950][702]LogModuleManager: Shutting down and abandoning module ModuleUI (119)
[2015.02.12-16.33.42:950][702]LogModuleManager: Shutting down and abandoning module MovieSceneTools (118)
[2015.02.12-16.33.42:950][702]LogModuleManager: Shutting down and abandoning module OutputLog (117)
[2015.02.12-16.33.42:950][702]LogModuleManager: Shutting down and abandoning module GammaUI (116)
[2015.02.12-16.33.42:950][702]LogModuleManager: Shutting down and abandoning module Documentation (115)
[2015.02.12-16.33.42:950][702]LogModuleManager: Shutting down and abandoning module GameLiveStreaming (114)
[2015.02.12-16.33.42:950][702]LogModuleManager: Shutting down and abandoning module StreamingPauseRendering (113)
[2015.02.12-16.33.42:950][702]LogModuleManager: Shutting down and abandoning module HTTP (112)
[2015.02.12-16.33.42:951][702]LogModuleManager: Shutting down and abandoning module AnalyticsET (111)
[2015.02.12-16.33.42:951][702]LogModuleManager: Shutting down and abandoning module Analytics (110)
[2015.02.12-16.33.42:951][702]LogModuleManager: Shutting down and abandoning module AITestSuite (109)
[2015.02.12-16.33.42:951][702]LogModuleManager: Shutting down and abandoning module AIModule (108)
[2015.02.12-16.33.42:951][702]LogModuleManager: Shutting down and abandoning module ProfilerService (107)
[2015.02.12-16.33.43:110][702]LogModuleManager: Shutting down and abandoning module TaskGraph (106)
[2015.02.12-16.33.43:110][702]LogModuleManager: Shutting down and abandoning module GameplayDebugger (105)
[2015.02.12-16.33.43:110][702]LogModuleManager: Shutting down and abandoning module SlateRemote (104)
[2015.02.12-16.33.43:110][702]LogModuleManager: Shutting down and abandoning module ScriptEditorPlugin (103)
[2015.02.12-16.33.43:110][702]LogModuleManager: Shutting down and abandoning module CustomMeshComponent (102)
[2015.02.12-16.33.43:110][702]LogModuleManager: Shutting down and abandoning module CableComponent (101)
[2015.02.12-16.33.43:110][702]LogModuleManager: Shutting down and abandoning module MessagingDebugger (100)
[2015.02.12-16.33.43:110][702]LogModuleManager: Shutting down and abandoning module MediaPlayerEditor (99)
[2015.02.12-16.33.43:110][702]LogModuleManager: Shutting down and abandoning module SpeedTreeImporter (98)
[2015.02.12-16.33.43:110][702]LogModuleManager: Shutting down and abandoning module PluginsEditor (97)
[2015.02.12-16.33.43:110][702]LogModuleManager: Shutting down and abandoning module EpicSurvey (96)
[2015.02.12-16.33.43:110][702]LogModuleManager: Shutting down and abandoning module DesktopPlatform (95)
[2015.02.12-16.33.43:110][702]LogModuleManager: Shutting down and abandoning module VisualStudioSourceCodeAccess (94)
[2015.02.12-16.33.43:110][702]LogModuleManager: Shutting down and abandoning module UObjectPlugin (93)
[2015.02.12-16.33.43:110][702]LogModuleManager: Shutting down and abandoning module SubversionSourceControl (92)
[2015.02.12-16.33.43:110][702]LogModuleManager: Shutting down and abandoning module SourceControl (91)
[2015.02.12-16.33.43:110][702]LogModuleManager: Shutting down and abandoning module PerforceSourceControl (90)
[2015.02.12-16.33.43:110][702]LogModuleManager: Shutting down and abandoning module BlankPlugin (89)
[2015.02.12-16.33.43:110][702]LogModuleManager: Shutting down and abandoning module SlateReflector (88)
[2015.02.12-16.33.43:110][702]LogModuleManager: Shutting down and abandoning module DirectoryWatcher (87)
[2015.02.12-16.33.43:110][702]LogModuleManager: Shutting down and abandoning module HotReload (86)
[2015.02.12-16.33.43:110][702]LogModuleManager: Shutting down and abandoning module MainFrame (85)
[2015.02.12-16.33.43:111][702]LogModuleManager: Shutting down and abandoning module LevelEditor (84)
[2015.02.12-16.33.43:111][702]LogModuleManager: Shutting down and abandoning module ViewportSnapping (83)
[2015.02.12-16.33.43:111][702]LogModuleManager: Shutting down and abandoning module SmartSnapping (82)
[2015.02.12-16.33.43:111][702]LogModuleManager: Shutting down and abandoning module PaperTiledImporter (81)
[2015.02.12-16.33.43:111][702]LogModuleManager: Shutting down and abandoning module PaperJsonImporter (80)
[2015.02.12-16.33.43:111][702]LogModuleManager: Shutting down and abandoning module ContentBrowser (79)
[2015.02.12-16.33.43:111][702]LogModuleManager: Shutting down and abandoning module Paper2DEditor (78)
[2015.02.12-16.33.43:111][702]LogModuleManager: Shutting down and abandoning module ProjectExplorer (77)
[2015.02.12-16.33.43:111][702]LogModuleManager: Shutting down and abandoning module ScriptPlugin (76)
[2015.02.12-16.33.43:112][702]LogModuleManager: Shutting down and abandoning module UdpMessaging (75)
[2015.02.12-16.33.43:212][702]LogModuleManager: Shutting down and abandoning module Paper2D (74)
[2015.02.12-16.33.43:212][702]LogModuleManager: Shutting down and abandoning module WindowsMoviePlayer (73)
[2015.02.12-16.33.43:215][702]LogModuleManager: Shutting down and abandoning module Media (72)
[2015.02.12-16.33.43:215][702]LogModuleManager: Shutting down and abandoning module WmfMedia (71)
[2015.02.12-16.33.43:215][702]LogModuleManager: Shutting down and abandoning module OnlineBlueprintSupport (70)
[2015.02.12-16.33.43:215][702]LogModuleManager: Shutting down and abandoning module PropertyEditor (69)
[2015.02.12-16.33.43:215][702]LogModuleManager: Shutting down and abandoning module BehaviorTreeEditor (68)
[2015.02.12-16.33.43:215][702]LogModuleManager: Shutting down and abandoning module FunctionalTesting (67)
[2015.02.12-16.33.43:215][702]LogModuleManager: Shutting down and abandoning module CollisionAnalyzer (66)
[2015.02.12-16.33.43:215][702]LogModuleManager: Shutting down and abandoning module WorkspaceMenuStructure (65)
[2015.02.12-16.33.43:215][702]LogModuleManager: Shutting down and abandoning module MessageLog (64)
[2015.02.12-16.33.43:215][702]LogModuleManager: Shutting down and abandoning module Sequencer (63)
[2015.02.12-16.33.43:215][702]LogModuleManager: Shutting down and abandoning module AssetTools (62)
[2015.02.12-16.33.43:215][702]LogModuleManager: Shutting down and abandoning module UMGEditor (61)
[2015.02.12-16.33.43:215][702]LogModuleManager: Shutting down and abandoning module UMG (60)
[2015.02.12-16.33.43:215][702]LogModuleManager: Shutting down and abandoning module Slate (59)
[2015.02.12-16.33.43:215][702]LogModuleManager: Shutting down and abandoning module EditorStyle (58)
[2015.02.12-16.33.43:218][702]LogModuleManager: Shutting down and abandoning module SessionServices (57)
[2015.02.12-16.33.43:218][702]LogModuleManager: Shutting down and abandoning module SourceCodeAccess (56)
[2015.02.12-16.33.43:218][702]LogModuleManager: Shutting down and abandoning module HeadMountedDisplay (55)
[2015.02.12-16.33.43:218][702]LogModuleManager: Shutting down and abandoning module XAudio2 (54)
[2015.02.12-16.33.43:218][702]LogModuleManager: Shutting down and abandoning module Networking (52)
[2015.02.12-16.33.43:218][702]LogModuleManager: Shutting down and abandoning module Core (51)
[2015.02.12-16.33.43:218][702]LogModuleManager: Shutting down and abandoning module KismetCompiler (50)
[2015.02.12-16.33.43:218][702]LogModuleManager: Shutting down and abandoning module PhysXFormats (49)
[2015.02.12-16.33.43:218][702]LogModuleManager: Shutting down and abandoning module MeshUtilities (48)
[2015.02.12-16.33.43:218][702]LogModuleManager: Shutting down and abandoning module DerivedDataCache (47)
[2015.02.12-16.33.43:298][702]LogDerivedDataCache: Shutdown
[2015.02.12-16.33.43:298][702]LogModuleManager: Shutting down and abandoning module ShaderFormatOpenGL (46)
[2015.02.12-16.33.43:298][702]LogModuleManager: Shutting down and abandoning module ShaderFormatD3D (45)
[2015.02.12-16.33.43:298][702]LogModuleManager: Shutting down and abandoning module MetalShaderFormat (44)
[2015.02.12-16.33.43:298][702]LogModuleManager: Shutting down and abandoning module TextureFormatUncompressed (43)
[2015.02.12-16.33.43:298][702]LogModuleManager: Shutting down and abandoning module TextureFormatPVR (42)
[2015.02.12-16.33.43:298][702]LogModuleManager: Shutting down and abandoning module TextureFormatDXT (41)
[2015.02.12-16.33.43:298][702]LogModuleManager: Shutting down and abandoning module TextureFormatAndroid (40)
[2015.02.12-16.33.43:298][702]LogModuleManager: Shutting down and abandoning module AudioFormatOpus (39)
[2015.02.12-16.33.43:298][702]LogModuleManager: Shutting down and abandoning module AudioFormatOgg (38)
[2015.02.12-16.33.43:298][702]LogModuleManager: Shutting down and abandoning module AudioFormatADPCM (37)
[2015.02.12-16.33.43:298][702]LogModuleManager: Shutting down and abandoning module LinuxTargetPlatform (36)
[2015.02.12-16.33.43:298][702]LogModuleManager: Shutting down and abandoning module LinuxServerTargetPlatform (35)
[2015.02.12-16.33.43:298][702]LogModuleManager: Shutting down and abandoning module LinuxNoEditorTargetPlatform (34)
[2015.02.12-16.33.43:298][702]LogModuleManager: Shutting down and abandoning module Messaging (33)
[2015.02.12-16.33.43:298][702]LogModuleManager: Shutting down and abandoning module IOSTargetPlatform (32)
[2015.02.12-16.33.43:298][702]LogModuleManager: Shutting down and abandoning module Android_PVRTCTargetPlatform (31)
[2015.02.12-16.33.43:298][702]LogModuleManager: Shutting down and abandoning module Android_ETC2TargetPlatform (30)
[2015.02.12-16.33.43:298][702]LogModuleManager: Shutting down and abandoning module Android_ETC1TargetPlatform (29)
[2015.02.12-16.33.43:298][702]LogModuleManager: Shutting down and abandoning module Android_DXTTargetPlatform (28)
[2015.02.12-16.33.43:298][702]LogModuleManager: Shutting down and abandoning module Android_ATCTargetPlatform (27)
[2015.02.12-16.33.43:298][702]LogModuleManager: Shutting down and abandoning module AndroidTargetPlatform (26)
[2015.02.12-16.33.43:298][702]LogModuleManager: Shutting down and abandoning module WindowsTargetPlatform (25)
[2015.02.12-16.33.43:298][702]LogModuleManager: Shutting down and abandoning module WindowsServerTargetPlatform (24)
[2015.02.12-16.33.43:298][702]LogModuleManager: Shutting down and abandoning module WindowsNoEditorTargetPlatform (23)
[2015.02.12-16.33.43:298][702]LogModuleManager: Shutting down and abandoning module WindowsClientTargetPlatform (22)
[2015.02.12-16.33.43:298][702]LogModuleManager: Shutting down and abandoning module TargetPlatform (21)
[2015.02.12-16.33.43:298][702]LogModuleManager: Shutting down and abandoning module InputCore (20)
[2015.02.12-16.33.43:298][702]LogModuleManager: Shutting down and abandoning module Settings (19)
[2015.02.12-16.33.43:298][702]LogModuleManager: Shutting down and abandoning module ImageWrapper (18)
[2015.02.12-16.33.43:298][702]LogModuleManager: Shutting down and abandoning module OculusRift (15)
[2015.02.12-16.33.43:298][702]LogModuleManager: Shutting down and abandoning module ExampleDeviceProfileSelector (14)
[2015.02.12-16.33.43:298][702]LogModuleManager: Shutting down and abandoning module TextureCompressor (13)
[2015.02.12-16.33.43:298][702]LogModuleManager: Shutting down and abandoning module ShaderCore (12)
[2015.02.12-16.33.43:298][702]LogModuleManager: Shutting down and abandoning module Landscape (11)
[2015.02.12-16.33.43:298][702]LogModuleManager: Shutting down and abandoning module SlateRHIRenderer (10)
[2015.02.12-16.33.43:300][702]LogModuleManager: Shutting down and abandoning module OpenGLDrv (9)
[2015.02.12-16.33.43:300][702]LogModuleManager: Shutting down and abandoning module D3D11RHI (8)
[2015.02.12-16.33.43:300][702]LogModuleManager: Shutting down and abandoning module Renderer (7)
[2015.02.12-16.33.43:300][702]LogModuleManager: Shutting down and abandoning module Engine (6)
[2015.02.12-16.33.43:300][702]LogModuleManager: Shutting down and abandoning module CoreUObject (5)
[2015.02.12-16.33.43:300][702]LogModuleManager: Shutting down and abandoning module NetworkFile (4)
[2015.02.12-16.33.43:300][702]LogModuleManager: Shutting down and abandoning module StreamingFile (3)
[2015.02.12-16.33.43:300][702]LogModuleManager: Shutting down and abandoning module SandboxFile (2)
[2015.02.12-16.33.43:300][702]LogModuleManager: Shutting down and abandoning module PakFile (1)
[2015.02.12-16.33.43:301][702]LogExit: Exiting.
[2015.02.12-16.33.43:305][702]Log file closed, 02/12/15 17:33:43
