Log file open, 02/18/15 19:52:23
LogInit:Display: Running engine for game: ProjectExplorer
LogInit: Version: 4.6.1-2386410+++depot+UE4-Releases+4.6
LogInit: API Version: 2369412
LogInit: Compiled (64-bit): Dec 11 2014 21:31:39
LogInit: Compiled with Visual C++: 18.00.21005.01
LogInit: Build Configuration: Development
LogInit: Branch Name: ++depot+UE4-Releases+4.6
LogInit: Command line:  
LogInit: Base directory: E:/Program Files/Epic Games/4.6/Engine/Binaries/Win64/
LogInit: Rocket: 1
[2015.02.18-18.52.23:945][  0]LogTaskGraph: Started task graph with 3 named threads and 6 total threads.
[2015.02.18-18.52.24:008][  0]LogOnline:Warning: No default platform service specified for OnlineSubsystem
[2015.02.18-18.52.24:132][  0]LogInit: Presizing for 0 objects not considered by GC, pre-allocating 0 bytes.
[2015.02.18-18.52.24:259][  0]LogInit: Object subsystem initialized
[2015.02.18-18.52.24:365][  0]LogConsoleResponse:Warning: Skipping Unknown console variable: 'UIScaleRule = ShortestSide'
[2015.02.18-18.52.24:365][  0]LogConsoleResponse:Warning:   Found in ini file 'C:/Users/Johan/Documents/SourceTree/ProjectExplorer/ProjectExplorer/Saved/Config/Windows/Engine.ini', in section '[/Script/Engine.RendererSettings]'
[2015.02.18-18.52.24:365][  0]LogConsoleResponse:Warning: Skipping Unknown console variable: 'UIScaleCurve = (EditorCurveData=(Keys=),ExternalCurve=None)'
[2015.02.18-18.52.24:365][  0]LogConsoleResponse:Warning:   Found in ini file 'C:/Users/Johan/Documents/SourceTree/ProjectExplorer/ProjectExplorer/Saved/Config/Windows/Engine.ini', in section '[/Script/Engine.RendererSettings]'
[2015.02.18-18.52.24:391][  0]LogConsoleManager:Warning: Console variable 'r.MSAA.CompositingSampleCount' wasn't set (Priority ProjectSetting < Scalability)
[2015.02.18-18.52.24:401][  0]LogInit: Selected Device Profile: [Windows]
[2015.02.18-18.52.24:401][  0]LogInit: Applying CVar settings loaded from the selected device profile: [Windows]
[2015.02.18-18.52.24:458][  0]LogInit: Computer: JOHAN-PC
[2015.02.18-18.52.24:458][  0]LogInit: User: Johan
[2015.02.18-18.52.24:458][  0]LogInit: CPU Page size=4096, Cores=4
[2015.02.18-18.52.24:458][  0]LogInit: High frequency timer resolution =3.312841 MHz
[2015.02.18-18.52.24:466][  0]LogMemory: Memory total: Physical=8.0GB (8GB approx) Virtual=8192.0GB
[2015.02.18-18.52.24:466][  0]LogMemory: Platform Memory Stats for Windows
[2015.02.18-18.52.24:466][  0]LogMemory: Process Physical Memory: 50.43 MB used, 50.43 MB peak
[2015.02.18-18.52.24:466][  0]LogMemory: Process Virtual Memory: 26.15 MB used, 28.55 MB peak
[2015.02.18-18.52.24:466][  0]LogMemory: Physical Memory: 5073.21 MB used, 8162.25 MB total
[2015.02.18-18.52.24:466][  0]LogMemory: Virtual Memory: 265.39 MB used, 8388608.00 MB total
[2015.02.18-18.52.24:553][  0]LogD3D11RHI: Found D3D11 adapter 0: NVIDIA GeForce GTX 580 (Feature Level 11_0)
[2015.02.18-18.52.24:553][  0]LogD3D11RHI: Adapter has 1503MB of dedicated video memory, 0MB of dedicated system memory, and 2559MB of shared system memory, 2 output[s]
[2015.02.18-18.52.24:553][  0]LogD3D11RHI: Chosen D3D11 Adapter Id = 0
[2015.02.18-18.52.24:571][  0]LogRHI: Texture pool is 1052 MB (70% of 1503 MB)
[2015.02.18-18.52.24:578][  0]LogD3D11RHI: Async texture creation enabled
[2015.02.18-18.52.25:648][  0]LogTextLocalizationManager: The requested culture ('en_US') has no localization data; parent culture's ('en') localization data will be used.
[2015.02.18-18.52.25:848][  0]LogContentStreaming: Texture pool size is 0.000000MB
[2015.02.18-18.52.36:619][  0]LogTargetPlatformManager:Display: Building Assets For Windows
[2015.02.18-18.52.37:291][  0]LogTargetPlatformManager:Display: Building Assets For Windows
[2015.02.18-18.52.37:372][  0]LogDerivedDataCache:Display: Max Cache Size: 512 MB
[2015.02.18-18.52.37:546][  0]LogDerivedDataCache: Loaded boot cache 0.17s 39MB C:/Users/Johan/AppData/Local/UnrealEngine/4.6/DerivedDataCache/Boot.ddc.
[2015.02.18-18.52.37:546][  0]LogDerivedDataCache:Display: Loaded Boot cache: C:/Users/Johan/AppData/Local/UnrealEngine/4.6/DerivedDataCache/Boot.ddc
[2015.02.18-18.52.37:546][  0]LogDerivedDataCache: FDerivedDataBackendGraph:  Pak pak cache file C:/Users/Johan/Documents/SourceTree/ProjectExplorer/ProjectExplorer/DerivedDataCache/DDC.ddp not found, will not use a pak cache.
[2015.02.18-18.52.37:546][  0]LogDerivedDataCache: Unable to find inner node Pak for hierarchical cache Hierarchy.
[2015.02.18-18.52.37:665][  0]LogDerivedDataCache:Display: Pak cache opened for reading ../../../Engine/DerivedDataCache/DDC.ddp.
[2015.02.18-18.52.37:679][  0]LogDerivedDataCache: Using Local data cache path C:/Users/Johan/AppData/Local/UnrealEngine/Common/DerivedDataCache: Writable
[2015.02.18-18.52.41:499][  0]LogCollisionProfile:Warning: Profile (UI) - Custom Channel Name = 'Weapon' hasn't been found
[2015.02.18-18.52.42:411][  0]LogMeshUtilities: No automatic mesh reduction module available
[2015.02.18-18.52.42:411][  0]LogMeshUtilities: No automatic mesh merging module available
[2015.02.18-18.52.45:107][  0]LogInit: WinSock: version 1.1 (2.2), MaxSocks=32767, MaxUdp=65467
[2015.02.18-18.52.45:351][  0]LogSlate:Warning: Failed to load font data from '../../../Engine/Content/Slate/Fonts/Roboto-Italic.ttf'
[2015.02.18-18.52.51:547][  0]UdpMessaging: Initializing bridge on interface 0.0.0.0:0 to multicast group 230.0.0.1:6666.
[2015.02.18-18.52.52:815][  0]SourceControl: Info Source control is disabled
[2015.02.18-18.52.52:815][  0]SourceControl: Info Source control is disabled
[2015.02.18-18.52.52:821][  0]SourceControl: Info Source control is disabled
[2015.02.18-18.52.53:331][  0]LogObj: 23762 objects as part of root set at end of initial load.
[2015.02.18-18.52.53:331][  0]LogUObjectAllocator: 5176184 out of 0 bytes used by permanent object pool.
[2015.02.18-18.52.53:706][  0]LogEngine: Initializing Engine...
[2015.02.18-18.52.54:233][  0]LogInit: XAudio2 using 'Speakers (Realtek High Definition Audio)' : 6 channels at 48 kHz using 32 bits per sample (channel mask 0x3f)
[2015.02.18-18.52.54:244][  0]LogInit: FAudioDevice initialized.
[2015.02.18-18.52.54:630][  0]LogAIModule: Creating AISystem for world NewWorld
[2015.02.18-18.52.54:757][  0]LogDerivedDataCache: Saved boot cache 0.02s 39MB C:/Users/Johan/AppData/Local/UnrealEngine/4.6/DerivedDataCache/Boot.ddc.
[2015.02.18-18.52.54:763][  0]LogInit: Texture streaming: Enabled
[2015.02.18-18.52.54:792][  0]LogAnalytics: Creating configured Analytics provider AnalyticsET
[2015.02.18-18.52.54:792][  0]LogAnalytics: ET APIKey = Rocket.Release. APIServer = http://et2.epicgames.com/ET2/. AppVersion = 4.6.1-2386410+++depot+UE4-Releases+4.6
[2015.02.18-18.52.54:792][  0]LogAnalytics: SetUserId 5eec75a4e7a25c248d076ef2acad8104
[2015.02.18-18.52.54:792][  0]LogAnalytics: AnalyticsET::StartSession [Rocket.Release]
[2015.02.18-18.52.54:905][  0]LogInit: Transaction tracking system initialized
[2015.02.18-18.52.55:309][  0]BlueprintLog: New page: Editor Load
[2015.02.18-18.52.55:460][  0]LogAssetRegistry: FAssetRegistry took 0.0110 seconds to start up
[2015.02.18-18.52.55:460][  0]LogDirectoryWatcher:Warning: Failed to begin reading directory changes for ../../../Engine/Plugins/Experimental/CharacterAI/Content/. Error: 0
[2015.02.18-18.52.57:473][  0]LogTargetPlatformManager:Display: Building Assets For Windows
[2015.02.18-18.52.57:848][  0]LogTargetPlatformManager:Display: Building Assets For Windows
[2015.02.18-18.52.58:720][  0]LogConsoleResponse:Display: 
[2015.02.18-18.52.59:113][  0]LogLinker:Warning: Asset '../../../Engine/Content/Functions/Engine_MaterialFunctions03/Procedurals/ComputeFilterWidth.uasset' has been saved with empty engine version. The asset will be loaded but may be incompatible.
[2015.02.18-18.53.00:306][  0]SourceControl: Info Source control is disabled
[2015.02.18-18.53.00:328][  0]Cmd: MAP LOAD FILE="C:/Users/Johan/Documents/SourceTree/ProjectExplorer/ProjectExplorer/Content/Maps/Example_Map.umap" TEMPLATE=0 SHOWPROGRESS=1
[2015.02.18-18.53.00:328][  0]LogEditorServer:Warning: Can't find file 'C:/Users/Johan/Documents/SourceTree/ProjectExplorer/ProjectExplorer/Content/Maps/Example_Map.umap'
[2015.02.18-18.53.00:345][  0]Cmd: MAP CHECKDEP
[2015.02.18-18.53.00:358][  0]MapCheck: New page: Untitled_0 - Feb 18, 2015, 8:53:00 PM
[2015.02.18-18.53.00:446][  0]MapCheck: Info Map check complete: 0 Error(s), 0 Warning(s), took 99.869ms to complete.
[2015.02.18-18.53.00:446][  0]LogFileHelpers: Loading map 'Example_Map' took 0.123
[2015.02.18-18.53.01:212][  0]LogCollectionManager: Loaded 0 collections in 0.000887 seconds
[2015.02.18-18.53.01:786][  0]LogCrashTracker: Crashtracker disabled due to settings.
[2015.02.18-18.53.01:894][  0]LogUObjectGlobals:Warning: Failed to find object 'Class None.'
[2015.02.18-18.53.01:971][  0]LogLoad: Full Startup: 44.89 seconds (BP compile: 0.22 seconds)
[2015.02.18-18.53.02:320][  0]LogContentBrowser:Verbose: The content browser source was changed by the sources view to '/Game/Blueprints'
[2015.02.18-18.53.02:741][  0]LogRenderer:Warning: Reallocating scene render targets to support 1152x904.
[2015.02.18-18.53.03:513][  2]LogAssetRegistry: Asset discovery search completed in 8.0644 seconds
[2015.02.18-19.32.58:141][273]LogContentBrowser:Verbose: The content browser source was changed by the sources view to '/Game/Maps'
[2015.02.18-19.33.02:012][556]Cmd: MAP LOAD FILE="C:/Users/Johan/Documents/SourceTree/ProjectExplorer/ProjectExplorer/Content/Maps/House.umap" TEMPLATE=0 SHOWPROGRESS=1
[2015.02.18-19.33.02:012][556]LightingResults: New page: Lighting Build
[2015.02.18-19.33.02:061][556]LoadErrors: New page: Loading map: House.umap
[2015.02.18-19.33.02:099][556]MapCheck: New page: Map Check
[2015.02.18-19.33.02:099][556]LightingResults: New page: Lighting Build
[2015.02.18-19.33.02:106][556]LogParticles: Destroying 0 GPU particle simulations for FXSystem 0x0000000014A99580
[2015.02.18-19.33.02:300][556]LogEditorServer: Finished looking for orphan Actors (0.000 secs)
[2015.02.18-19.33.02:300][556]LogAIModule: Creating AISystem for world House
[2015.02.18-19.33.02:323][556]Cmd: MAP CHECKDEP
[2015.02.18-19.33.02:323][556]MapCheck: New page: House - Feb 18, 2015, 9:33:02 PM
[2015.02.18-19.33.02:394][556]MapCheck: Info Map check complete: 0 Error(s), 0 Warning(s), took 70.552ms to complete.
[2015.02.18-19.33.02:395][556]LogFileHelpers: Loading map 'House' took 0.396
[2015.02.18-19.34.31:021][ 91]LogEditorViewport: Clicking on Actor (LMB): SphereReflectionCapture (SphereReflectionCapture)
[2015.02.18-19.34.51:774][128]LogEditorViewport: Clicking on Actor (LMB): BP_Sky_Sphere_C (SkySphereBlueprint)
[2015.02.18-19.35.53:336][970]MapCheck: New page: Map Check
[2015.02.18-19.35.53:377][970]LightingResults: New page: Lighting Build - Feb 18, 2015, 9:35:53 PM
[2015.02.18-19.35.58:205][970]LogStaticLightingSystem: Running Lightmass w/ ImmediateImport mode ENABLED
[2015.02.18-19.35.58:205][970]LogStaticLightingSystem: Running Lightmass w/ ImmediateProcess mode ENABLED
[2015.02.18-19.35.58:205][970]LogStaticLightingSystem: Running Lightmass w/ Sorting mode ENABLED
[2015.02.18-19.35.58:205][970]LogStaticLightingSystem: Running Lightmass w/ Mapping paddings ENABLED
[2015.02.18-19.35.58:205][970]LogStaticLightingSystem: Running Lightmass w/ Mapping debug paddings DISABLED
[2015.02.18-19.35.58:278][970]LogEditorBuildUtils: Build time 0:00:04
[2015.02.18-19.35.58:284][970]LogMaterial: Missing cached shader map for material FLightmassMaterialRenderer WoodenFloorMAT, compiling.
[2015.02.18-19.35.58:300][970]LogMaterial: Missing cached shader map for material FLightmassMaterialRenderer WoodenFloorMAT, compiling.
[2015.02.18-19.35.58:347][971]LogMaterial: Missing cached shader map for material FLightmassMaterialRenderer StudyWoodenFloorMAT, compiling.
[2015.02.18-19.35.58:349][971]LogMaterial: Missing cached shader map for material FLightmassMaterialRenderer StudyWoodenFloorMAT, compiling.
[2015.02.18-19.35.58:351][971]LogMaterial: Missing cached shader map for material FLightmassMaterialRenderer WindowMAT, compiling.
[2015.02.18-19.35.58:354][971]LogMaterial: Missing cached shader map for material FLightmassMaterialRenderer WindowMAT, compiling.
[2015.02.18-19.35.58:356][971]LogMaterial: Missing cached shader map for material FLightmassMaterialRenderer GlassMAT, compiling.
[2015.02.18-19.35.58:358][971]LogMaterial: Missing cached shader map for material FLightmassMaterialRenderer GlassMAT, compiling.
[2015.02.18-19.35.58:378][972]LogMaterial: Missing cached shader map for material FLightmassMaterialRenderer CeilingMAT, compiling.
[2015.02.18-19.35.58:381][972]LogMaterial: Missing cached shader map for material FLightmassMaterialRenderer CeilingMAT, compiling.
[2015.02.18-19.35.58:383][972]LogMaterial: Missing cached shader map for material FLightmassMaterialRenderer StudyWall, compiling.
[2015.02.18-19.35.58:385][972]LogMaterial: Missing cached shader map for material FLightmassMaterialRenderer StudyWall, compiling.
[2015.02.18-19.36.02:257][ 66]Job is a success!
[2015.02.18-19.36.02:382][ 67]LogTexture:Display: Building textures: HQ_Lightmap1_1 (AutoDXT)
[2015.02.18-19.36.02:465][ 67]LogTexture:Display: Building textures: LQ_Lightmap_1_4 (DXT1)
[2015.02.18-19.36.02:468][ 67]LogTexture:Display: Building textures: HQ_Lightmap1_4 (AutoDXT)
[2015.02.18-19.36.02:471][ 67]LogTexture:Display: Building textures: LQ_Lightmap_1_3 (DXT1)
[2015.02.18-19.36.02:472][ 67]LogTexture:Display: Building textures: HQ_Lightmap1_3 (AutoDXT)
[2015.02.18-19.36.02:475][ 67]LogTexture:Display: Building textures: LQ_Lightmap_1_2 (DXT1)
[2015.02.18-19.36.02:481][ 67]LogTexture:Display: Building textures: HQ_Lightmap1_2 (AutoDXT)
[2015.02.18-19.36.02:490][ 67]LogTexture:Display: Building textures: LQ_Lightmap_1_1 (DXT1)
[2015.02.18-19.36.02:600][ 67]Lightmass on JOHAN-PC: 1.43 sec total, 264 ms importing, 6 ms setup, 258 ms photons, 892 ms processing, 0 ms extra exporting [18/18 mappings]. Threads: 6.06 sec total, 2.61 sec processing.
[2015.02.18-19.36.02:729][ 67]LogStaticLightingSystem:Warning: Illumination: 9.31 sec (189 ms encoding lightmaps)
[2015.02.18-19.36.02:729][ 67]LogStaticLightingSystem: Lightmap texture memory:  0.4 MB (0.4 MB streaming, 0.0 MB non-streaming), 8 textures
[2015.02.18-19.36.02:729][ 67]LogStaticLightingSystem: Shadowmap texture memory: 0.0 MB (0.0 MB streaming, 0.0 MB non-streaming), 0 textures
[2015.02.18-19.36.03:221][ 68]Cmd: MAP CHECK NOTIFYRESULTS
[2015.02.18-19.36.03:221][ 68]MapCheck: New page: House - Feb 18, 2015, 9:36:03 PM
[2015.02.18-19.36.03:312][ 68]MapCheck: Info Map check complete: 0 Error(s), 0 Warning(s), took 90.274ms to complete.
[2015.02.18-19.36.05:970][265]BlueprintLog:Warning: Warning Blueprint MyGame has been migrated and requires re-saving to avoid import errors
[2015.02.18-19.37.34:705][ 20]Cmd: OBJ SAVEPACKAGE PACKAGE="/Game/Maps/House" FILE="C:/Users/Johan/Documents/SourceTree/ProjectExplorer/ProjectExplorer/Content/Maps/House.umap" SILENT=true AUTOSAVING=false KEEPDIRTY=false
[2015.02.18-19.37.34:924][ 20]LogSavePackage: Save=174.479248ms
[2015.02.18-19.37.34:924][ 20]LogSavePackage: Moving 'C:/Users/Johan/Documents/SourceTree/ProjectExplorer/ProjectExplorer/Saved/House655B01D341D478C0B474E88138280130.tmp' to 'C:/Users/Johan/Documents/SourceTree/ProjectExplorer/ProjectExplorer/Content/Maps/House.umap'
[2015.02.18-19.37.35:063][ 20]LogFileHelpers: Saving map 'House' took 0.450
[2015.02.18-19.39.25:587][755]Cmd: OBJ SAVEPACKAGE PACKAGE="/Game/Maps/House" FILE="C:/Users/Johan/Documents/SourceTree/ProjectExplorer/ProjectExplorer/Content/Maps/House.umap" SILENT=true AUTOSAVING=false KEEPDIRTY=false
[2015.02.18-19.39.25:776][755]LogSavePackage: Save=163.544830ms
[2015.02.18-19.39.25:776][755]LogSavePackage: Moving 'C:/Users/Johan/Documents/SourceTree/ProjectExplorer/ProjectExplorer/Saved/House5C597380430840E5B8446782AA02E485.tmp' to 'C:/Users/Johan/Documents/SourceTree/ProjectExplorer/ProjectExplorer/Content/Maps/House.umap'
[2015.02.18-19.39.25:831][755]LogFileHelpers: Saving map 'House' took 0.327
[2015.02.18-19.40.13:335][940]BlueprintLog: New page: Pre-PIE auto-recompile
[2015.02.18-19.40.13:338][940]LogPlayLevel: [PIE] Compiling Tutorial_BP_MacroLib before PIE...
[2015.02.18-19.40.13:415][940]LogPlayLevel: [PIE] Compiling House before PIE...
[2015.02.18-19.40.13:471][940]LogPlayLevel: PIE:  Blueprint regeneration took 136 ms (2 blueprints)
[2015.02.18-19.40.13:471][940]PIE: New page: PIE session: House (Feb 18, 2015, 9:40:13 PM)
[2015.02.18-19.40.13:500][940]LogPlayLevel: PIE: StaticDuplicateObject took: (0.028202s)
[2015.02.18-19.40.13:501][940]LogPlayLevel: PIE: World Init took: (0.001128s)
[2015.02.18-19.40.13:501][940]LogPlayLevel: PIE: Created PIE world by copying editor world from /Game/Maps/House.House to /Game/Maps/UEDPIE_0_House.House (0.029626s)
[2015.02.18-19.40.13:578][940]LogWorld: Game class is 'MyGame_C'
[2015.02.18-19.40.13:660][940]LogAIModule: Creating AISystem for world House
[2015.02.18-19.40.13:662][940]LogWorld: Bringing World /Game/Maps/UEDPIE_0_House.House up for play (max tick rate 0) at 2015.02.18-20.40.13
[2015.02.18-19.40.13:679][940]LogWorld: Bringing up level for play took: 0.018921
[2015.02.18-19.40.13:761][940]PIE: Info Play in editor start time for /Game/Maps/UEDPIE_0_House 0.673
[2015.02.18-19.40.14:738][ 24]LogScript:Warning: Accessed None 'CallFunc_GetAnimInstance_ReturnValue'
	MyCharacter_C /Game/Maps/UEDPIE_0_House.House:PersistentLevel.MyCharacter_C_0
	Function /Game/Blueprints/MyCharacter.MyCharacter_C:ExecuteUbergraph_MyCharacter:03E9
[2015.02.18-19.40.14:738][ 24]PIE:Error: Error Accessed None 'CallFunc_GetAnimInstance_ReturnValue' from node Construction Script in blueprint MyCharacter
[2015.02.18-19.40.30:081][491]LogParticles: Destroying 0 GPU particle simulations for FXSystem 0x0000000017BCC0E0
[2015.02.18-19.42.40:851][473]MapCheck: New page: Map Check
[2015.02.18-19.42.40:884][473]Cmd: MAP REBUILD ALLVISIBLE
[2015.02.18-19.42.40:884][473]LogEditorServer: Rebuildmap Clear paths rebuilt
[2015.02.18-19.42.40:900][473]LogInstancedFoliage: Map Rebuilt - Update all BSP painted foliage!
[2015.02.18-19.42.40:925][473]LightingResults: New page: Lighting Build - Feb 18, 2015, 9:42:40 PM
[2015.02.18-19.42.45:456][473]LogStaticLightingSystem: Running Lightmass w/ ImmediateImport mode ENABLED
[2015.02.18-19.42.45:456][473]LogStaticLightingSystem: Running Lightmass w/ ImmediateProcess mode ENABLED
[2015.02.18-19.42.45:456][473]LogStaticLightingSystem: Running Lightmass w/ Sorting mode ENABLED
[2015.02.18-19.42.45:456][473]LogStaticLightingSystem: Running Lightmass w/ Mapping paddings ENABLED
[2015.02.18-19.42.45:456][473]LogStaticLightingSystem: Running Lightmass w/ Mapping debug paddings DISABLED
[2015.02.18-19.42.45:487][473]LogEditorBuildUtils: Build time 0:00:04
[2015.02.18-19.42.47:253][479]Job is a success!
[2015.02.18-19.42.47:832][480]LogTexture:Display: Building textures: HQ_Lightmap0_1 (AutoDXT)
[2015.02.18-19.42.47:896][480]LogTexture:Display: Building textures: LQ_Lightmap_0_4 (DXT1)
[2015.02.18-19.42.47:899][480]LogTexture:Display: Building textures: HQ_Lightmap0_4 (AutoDXT)
[2015.02.18-19.42.47:903][480]LogTexture:Display: Building textures: LQ_Lightmap_0_3 (DXT1)
[2015.02.18-19.42.47:904][480]LogTexture:Display: Building textures: HQ_Lightmap0_3 (AutoDXT)
[2015.02.18-19.42.47:906][480]LogTexture:Display: Building textures: LQ_Lightmap_0_2 (DXT1)
[2015.02.18-19.42.47:912][480]LogTexture:Display: Building textures: HQ_Lightmap0_2 (AutoDXT)
[2015.02.18-19.42.47:921][480]LogTexture:Display: Building textures: LQ_Lightmap_0_1 (DXT1)
[2015.02.18-19.42.47:965][480]Lightmass on JOHAN-PC: 1.84 sec total, 95 ms importing, 4 ms setup, 256 ms photons, 1.48 sec processing, 0 ms extra exporting [18/18 mappings]. Threads: 10.2 sec total, 2.24 sec processing.
[2015.02.18-19.42.47:985][480]LogStaticLightingSystem:Warning: Illumination: 6.72 sec (144 ms encoding lightmaps)
[2015.02.18-19.42.47:985][480]LogStaticLightingSystem: Lightmap texture memory:  0.4 MB (0.4 MB streaming, 0.0 MB non-streaming), 8 textures
[2015.02.18-19.42.47:986][480]LogStaticLightingSystem: Shadowmap texture memory: 0.0 MB (0.0 MB streaming, 0.0 MB non-streaming), 0 textures
[2015.02.18-19.42.48:471][481]Cmd: MAP CHECK NOTIFYRESULTS
[2015.02.18-19.42.48:471][481]MapCheck: New page: House - Feb 18, 2015, 9:42:48 PM
[2015.02.18-19.42.48:551][481]MapCheck: Info Map check complete: 0 Error(s), 0 Warning(s), took 80.156ms to complete.
[2015.02.18-19.43.44:374][372]Cmd: OBJ SAVEPACKAGE PACKAGE="/Game/Maps/House" FILE="C:/Users/Johan/Documents/SourceTree/ProjectExplorer/ProjectExplorer/Content/Maps/House.umap" SILENT=true AUTOSAVING=false KEEPDIRTY=false
[2015.02.18-19.43.44:592][372]LogSavePackage: Save=176.788437ms
[2015.02.18-19.43.44:592][372]LogSavePackage: Moving 'C:/Users/Johan/Documents/SourceTree/ProjectExplorer/ProjectExplorer/Saved/House2E668FF84CFAD64E4BABD1893F212ED3.tmp' to 'C:/Users/Johan/Documents/SourceTree/ProjectExplorer/ProjectExplorer/Content/Maps/House.umap'
[2015.02.18-19.43.44:655][372]LogFileHelpers: Saving map 'House' took 0.360
[2015.02.18-19.43.56:230][990]Cmd: OBJ SAVEPACKAGE PACKAGE="/Game/Maps/House" FILE="C:/Users/Johan/Documents/SourceTree/ProjectExplorer/ProjectExplorer/Content/Maps/House.umap" SILENT=true AUTOSAVING=false KEEPDIRTY=false
[2015.02.18-19.43.56:431][990]LogSavePackage: Save=177.264465ms
[2015.02.18-19.43.56:431][990]LogSavePackage: Moving 'C:/Users/Johan/Documents/SourceTree/ProjectExplorer/ProjectExplorer/Saved/House0C33DAC642B687AEE3E1B8A24AEB4A55.tmp' to 'C:/Users/Johan/Documents/SourceTree/ProjectExplorer/ProjectExplorer/Content/Maps/House.umap'
[2015.02.18-19.43.56:450][990]LogFileHelpers: Saving map 'House' took 0.303
[2015.02.18-19.43.58:535][151]BlueprintLog: New page: Pre-PIE auto-recompile
[2015.02.18-19.43.58:544][151]LogPlayLevel: [PIE] Compiling House before PIE...
[2015.02.18-19.43.58:601][151]LogPlayLevel: PIE:  Blueprint regeneration took 65 ms (1 blueprints)
[2015.02.18-19.43.58:601][151]PIE: New page: PIE session: House (Feb 18, 2015, 9:43:58 PM)
[2015.02.18-19.43.58:622][151]LogPlayLevel: PIE: StaticDuplicateObject took: (0.020990s)
[2015.02.18-19.43.58:623][151]LogPlayLevel: PIE: World Init took: (0.000847s)
[2015.02.18-19.43.58:623][151]LogPlayLevel: PIE: Created PIE world by copying editor world from /Game/Maps/House.House to /Game/Maps/UEDPIE_0_House.House (0.022080s)
[2015.02.18-19.43.58:650][151]LogWorld: Game class is 'MyGame_C'
[2015.02.18-19.43.58:652][151]LogAIModule: Creating AISystem for world House
[2015.02.18-19.43.58:654][151]LogWorld: Bringing World /Game/Maps/UEDPIE_0_House.House up for play (max tick rate 0) at 2015.02.18-20.43.58
[2015.02.18-19.43.58:655][151]LogWorld: Bringing up level for play took: 0.002524
[2015.02.18-19.43.58:656][151]PIE: Info Play in editor start time for /Game/Maps/UEDPIE_0_House -0.435
[2015.02.18-19.43.59:072][188]LogScript:Warning: Accessed None 'CallFunc_GetAnimInstance_ReturnValue'
	MyCharacter_C /Game/Maps/UEDPIE_0_House.House:PersistentLevel.MyCharacter_C_1
	Function /Game/Blueprints/MyCharacter.MyCharacter_C:ExecuteUbergraph_MyCharacter:03E9
[2015.02.18-19.43.59:072][188]PIE:Error: Error Accessed None 'CallFunc_GetAnimInstance_ReturnValue' from node Construction Script in blueprint MyCharacter
[2015.02.18-19.44.04:687][763]LogParticles: Destroying 0 GPU particle simulations for FXSystem 0x000000001FD70680
[2015.02.18-19.44.16:749][700]BlueprintLog: New page: Pre-PIE auto-recompile
[2015.02.18-19.44.16:756][700]LogPlayLevel: [PIE] Compiling House before PIE...
[2015.02.18-19.44.16:812][700]LogPlayLevel: PIE:  Blueprint regeneration took 63 ms (1 blueprints)
[2015.02.18-19.44.16:812][700]PIE: New page: PIE session: House (Feb 18, 2015, 9:44:16 PM)
[2015.02.18-19.44.16:832][700]LogPlayLevel: PIE: StaticDuplicateObject took: (0.019759s)
[2015.02.18-19.44.16:833][700]LogPlayLevel: PIE: World Init took: (0.000947s)
[2015.02.18-19.44.16:834][700]LogPlayLevel: PIE: Created PIE world by copying editor world from /Game/Maps/House.House to /Game/Maps/UEDPIE_0_House.House (0.020934s)
[2015.02.18-19.44.16:865][700]LogWorld: Game class is 'MyGame_C'
[2015.02.18-19.44.16:867][700]LogAIModule: Creating AISystem for world House
[2015.02.18-19.44.16:869][700]LogWorld: Bringing World /Game/Maps/UEDPIE_0_House.House up for play (max tick rate 0) at 2015.02.18-20.44.16
[2015.02.18-19.44.16:870][700]LogWorld: Bringing up level for play took: 0.002496
[2015.02.18-19.44.16:871][700]PIE: Info Play in editor start time for /Game/Maps/UEDPIE_0_House -0.221
[2015.02.18-19.44.17:919][807]LogScript:Warning: Accessed None 'CallFunc_GetAnimInstance_ReturnValue'
	MyCharacter_C /Game/Maps/UEDPIE_0_House.House:PersistentLevel.MyCharacter_C_2
	Function /Game/Blueprints/MyCharacter.MyCharacter_C:ExecuteUbergraph_MyCharacter:03E9
[2015.02.18-19.44.17:919][807]PIE:Error: Error Accessed None 'CallFunc_GetAnimInstance_ReturnValue' from node Construction Script in blueprint MyCharacter
[2015.02.18-19.44.32:348][278]LogParticles: Destroying 0 GPU particle simulations for FXSystem 0x00000000145EF1A0
[2015.02.18-19.44.58:548][941]Cmd: OBJ SAVEPACKAGE PACKAGE="/Game/Maps/House" FILE="C:/Users/Johan/Documents/SourceTree/ProjectExplorer/ProjectExplorer/Content/Maps/House.umap" SILENT=true AUTOSAVING=false KEEPDIRTY=false
[2015.02.18-19.44.58:745][941]LogSavePackage: Save=174.149017ms
[2015.02.18-19.44.58:745][941]LogSavePackage: Moving 'C:/Users/Johan/Documents/SourceTree/ProjectExplorer/ProjectExplorer/Saved/HouseBCE8361D427C8D4539B2C3BC6497B130.tmp' to 'C:/Users/Johan/Documents/SourceTree/ProjectExplorer/ProjectExplorer/Content/Maps/House.umap'
[2015.02.18-19.44.58:765][941]LogFileHelpers: Saving map 'House' took 0.297
[2015.02.18-19.45.00:834][ 93]BlueprintLog: New page: Pre-PIE auto-recompile
[2015.02.18-19.45.00:841][ 93]LogPlayLevel: [PIE] Compiling House before PIE...
[2015.02.18-19.45.00:896][ 93]LogPlayLevel: PIE:  Blueprint regeneration took 61 ms (1 blueprints)
[2015.02.18-19.45.00:896][ 93]PIE: New page: PIE session: House (Feb 18, 2015, 9:45:00 PM)
[2015.02.18-19.45.00:918][ 93]LogPlayLevel: PIE: StaticDuplicateObject took: (0.022174s)
[2015.02.18-19.45.00:920][ 93]LogPlayLevel: PIE: World Init took: (0.001578s)
[2015.02.18-19.45.00:920][ 93]LogPlayLevel: PIE: Created PIE world by copying editor world from /Game/Maps/House.House to /Game/Maps/UEDPIE_0_House.House (0.024002s)
[2015.02.18-19.45.00:949][ 93]LogWorld: Game class is 'MyGame_C'
[2015.02.18-19.45.00:951][ 93]LogAIModule: Creating AISystem for world House
[2015.02.18-19.45.00:953][ 93]LogWorld: Bringing World /Game/Maps/UEDPIE_0_House.House up for play (max tick rate 0) at 2015.02.18-20.45.00
[2015.02.18-19.45.00:954][ 93]LogWorld: Bringing up level for play took: 0.002493
[2015.02.18-19.45.00:955][ 93]PIE: Info Play in editor start time for /Game/Maps/UEDPIE_0_House -0.137
[2015.02.18-19.45.01:427][134]LogScript:Warning: Accessed None 'CallFunc_GetAnimInstance_ReturnValue'
	MyCharacter_C /Game/Maps/UEDPIE_0_House.House:PersistentLevel.MyCharacter_C_3
	Function /Game/Blueprints/MyCharacter.MyCharacter_C:ExecuteUbergraph_MyCharacter:03E9
[2015.02.18-19.45.01:427][134]PIE:Error: Error Accessed None 'CallFunc_GetAnimInstance_ReturnValue' from node Construction Script in blueprint MyCharacter
[2015.02.18-19.45.04:207][415]LogParticles: Destroying 0 GPU particle simulations for FXSystem 0x000000001FDE6E80
[2015.02.18-19.45.07:171][605]LogEditorViewport: Clicking on Actor (LMB): StaticMeshActor (Building_PrototypeFloor)
[2015.02.18-19.45.07:208][605]LogPropertyNode:Warning: UI Min (0.001) >= UI Max () for Ranged Numeric
[2015.02.18-19.45.09:771][781]LogEditorViewport: Clicking on Actor (LMB): StaticMeshActor (Ceiling)
[2015.02.18-19.45.09:779][781]LogPropertyNode:Warning: UI Min (0.001) >= UI Max () for Ranged Numeric
[2015.02.18-19.45.24:971][ 46]BlueprintLog: New page: Pre-PIE auto-recompile
[2015.02.18-19.45.24:977][ 46]LogPlayLevel: [PIE] Compiling House before PIE...
[2015.02.18-19.45.25:033][ 46]LogPlayLevel: PIE:  Blueprint regeneration took 62 ms (1 blueprints)
[2015.02.18-19.45.25:033][ 46]PIE: New page: PIE session: House (Feb 18, 2015, 9:45:25 PM)
[2015.02.18-19.45.25:053][ 46]LogPlayLevel: PIE: StaticDuplicateObject took: (0.020003s)
[2015.02.18-19.45.25:054][ 46]LogPlayLevel: PIE: World Init took: (0.001002s)
[2015.02.18-19.45.25:054][ 46]LogPlayLevel: PIE: Created PIE world by copying editor world from /Game/Maps/House.House to /Game/Maps/UEDPIE_0_House.House (0.021291s)
[2015.02.18-19.45.25:084][ 46]LogWorld: Game class is 'MyGame_C'
[2015.02.18-19.45.25:086][ 46]LogAIModule: Creating AISystem for world House
[2015.02.18-19.45.25:088][ 46]LogWorld: Bringing World /Game/Maps/UEDPIE_0_House.House up for play (max tick rate 0) at 2015.02.18-20.45.25
[2015.02.18-19.45.25:089][ 46]LogWorld: Bringing up level for play took: 0.002537
[2015.02.18-19.45.25:090][ 46]PIE: Info Play in editor start time for /Game/Maps/UEDPIE_0_House -0.003
[2015.02.18-19.45.25:544][ 87]LogScript:Warning: Accessed None 'CallFunc_GetAnimInstance_ReturnValue'
	MyCharacter_C /Game/Maps/UEDPIE_0_House.House:PersistentLevel.MyCharacter_C_4
	Function /Game/Blueprints/MyCharacter.MyCharacter_C:ExecuteUbergraph_MyCharacter:03E9
[2015.02.18-19.45.25:544][ 87]PIE:Error: Error Accessed None 'CallFunc_GetAnimInstance_ReturnValue' from node Construction Script in blueprint MyCharacter
[2015.02.18-19.45.27:606][292]LogParticles: Destroying 0 GPU particle simulations for FXSystem 0x000000000E74A7A0
[2015.02.18-19.45.32:439][662]BlueprintLog: New page: Pre-PIE auto-recompile
[2015.02.18-19.45.32:445][662]LogPlayLevel: [PIE] Compiling House before PIE...
[2015.02.18-19.45.32:500][662]LogPlayLevel: PIE:  Blueprint regeneration took 60 ms (1 blueprints)
[2015.02.18-19.45.32:500][662]PIE: New page: PIE session: House (Feb 18, 2015, 9:45:32 PM)
[2015.02.18-19.45.32:521][662]LogPlayLevel: PIE: StaticDuplicateObject took: (0.020676s)
[2015.02.18-19.45.32:522][662]LogPlayLevel: PIE: World Init took: (0.000985s)
[2015.02.18-19.45.32:522][662]LogPlayLevel: PIE: Created PIE world by copying editor world from /Game/Maps/House.House to /Game/Maps/UEDPIE_0_House.House (0.021947s)
[2015.02.18-19.45.32:549][662]LogWorld: Game class is 'MyGame_C'
[2015.02.18-19.45.32:551][662]LogAIModule: Creating AISystem for world House
[2015.02.18-19.45.32:553][662]LogWorld: Bringing World /Game/Maps/UEDPIE_0_House.House up for play (max tick rate 0) at 2015.02.18-20.45.32
[2015.02.18-19.45.32:554][662]LogWorld: Bringing up level for play took: 0.002581
[2015.02.18-19.45.32:555][662]PIE: Info Play in editor start time for /Game/Maps/UEDPIE_0_House -0.538
[2015.02.18-19.45.32:907][692]LogScript:Warning: Accessed None 'CallFunc_GetAnimInstance_ReturnValue'
	MyCharacter_C /Game/Maps/UEDPIE_0_House.House:PersistentLevel.MyCharacter_C_5
	Function /Game/Blueprints/MyCharacter.MyCharacter_C:ExecuteUbergraph_MyCharacter:03E9
[2015.02.18-19.45.32:907][692]PIE:Error: Error Accessed None 'CallFunc_GetAnimInstance_ReturnValue' from node Construction Script in blueprint MyCharacter
[2015.02.18-19.45.37:616][148]LogParticles: Destroying 0 GPU particle simulations for FXSystem 0x00000000435F9C60
[2015.02.18-19.45.40:473][368]LogPropertyNode:Warning: UI Min (0.001) >= UI Max () for Ranged Numeric
[2015.02.18-19.45.50:272][129]BlueprintLog: New page: Pre-PIE auto-recompile
[2015.02.18-19.45.50:278][129]LogPlayLevel: [PIE] Compiling House before PIE...
[2015.02.18-19.45.50:333][129]LogPlayLevel: PIE:  Blueprint regeneration took 61 ms (1 blueprints)
[2015.02.18-19.45.50:333][129]PIE: New page: PIE session: House (Feb 18, 2015, 9:45:50 PM)
[2015.02.18-19.45.50:355][129]LogPlayLevel: PIE: StaticDuplicateObject took: (0.021551s)
[2015.02.18-19.45.50:356][129]LogPlayLevel: PIE: World Init took: (0.000957s)
[2015.02.18-19.45.50:356][129]LogPlayLevel: PIE: Created PIE world by copying editor world from /Game/Maps/House.House to /Game/Maps/UEDPIE_0_House.House (0.022773s)
[2015.02.18-19.45.50:384][129]LogWorld: Game class is 'MyGame_C'
[2015.02.18-19.45.50:385][129]LogAIModule: Creating AISystem for world House
[2015.02.18-19.45.50:387][129]LogWorld: Bringing World /Game/Maps/UEDPIE_0_House.House up for play (max tick rate 0) at 2015.02.18-20.45.50
[2015.02.18-19.45.50:388][129]LogWorld: Bringing up level for play took: 0.002506
[2015.02.18-19.45.50:389][129]PIE: Info Play in editor start time for /Game/Maps/UEDPIE_0_House -0.704
[2015.02.18-19.45.50:866][174]LogScript:Warning: Accessed None 'CallFunc_GetAnimInstance_ReturnValue'
	MyCharacter_C /Game/Maps/UEDPIE_0_House.House:PersistentLevel.MyCharacter_C_6
	Function /Game/Blueprints/MyCharacter.MyCharacter_C:ExecuteUbergraph_MyCharacter:03E9
[2015.02.18-19.45.50:866][174]PIE:Error: Error Accessed None 'CallFunc_GetAnimInstance_ReturnValue' from node Construction Script in blueprint MyCharacter
[2015.02.18-19.46.07:981][969]LogParticles: Destroying 0 GPU particle simulations for FXSystem 0x00000000435F9C60
[2015.02.18-19.46.08:872][  8]Cmd: OBJ SAVEPACKAGE PACKAGE="/Game/Maps/House" FILE="C:/Users/Johan/Documents/SourceTree/ProjectExplorer/ProjectExplorer/Content/Maps/House.umap" SILENT=true AUTOSAVING=false KEEPDIRTY=false
[2015.02.18-19.46.09:052][  8]LogSavePackage: Save=157.686707ms
[2015.02.18-19.46.09:053][  8]LogSavePackage: Moving 'C:/Users/Johan/Documents/SourceTree/ProjectExplorer/ProjectExplorer/Saved/HouseF9250B9A496B1200839185B3CD4657E8.tmp' to 'C:/Users/Johan/Documents/SourceTree/ProjectExplorer/ProjectExplorer/Content/Maps/House.umap'
[2015.02.18-19.46.09:069][  8]LogFileHelpers: Saving map 'House' took 0.278
[2015.02.18-19.46.35:070][865]BlueprintLog: New page: Pre-PIE auto-recompile
[2015.02.18-19.46.35:076][865]LogPlayLevel: [PIE] Compiling House before PIE...
[2015.02.18-19.46.35:131][865]LogPlayLevel: PIE:  Blueprint regeneration took 60 ms (1 blueprints)
[2015.02.18-19.46.35:131][865]PIE: New page: PIE session: House (Feb 18, 2015, 9:46:35 PM)
[2015.02.18-19.46.35:150][865]LogPlayLevel: PIE: StaticDuplicateObject took: (0.018952s)
[2015.02.18-19.46.35:151][865]LogPlayLevel: PIE: World Init took: (0.001012s)
[2015.02.18-19.46.35:152][865]LogPlayLevel: PIE: Created PIE world by copying editor world from /Game/Maps/House.House to /Game/Maps/UEDPIE_0_House.House (0.020250s)
[2015.02.18-19.46.35:178][865]LogWorld: Game class is 'MyGame_C'
[2015.02.18-19.46.35:180][865]LogAIModule: Creating AISystem for world House
[2015.02.18-19.46.35:182][865]LogWorld: Bringing World /Game/Maps/UEDPIE_0_House.House up for play (max tick rate 0) at 2015.02.18-20.46.35
[2015.02.18-19.46.35:183][865]LogWorld: Bringing up level for play took: 0.002494
[2015.02.18-19.46.35:184][865]PIE: Info Play in editor start time for /Game/Maps/UEDPIE_0_House 0.09
[2015.02.18-19.46.35:711][916]LogScript:Warning: Accessed None 'CallFunc_GetAnimInstance_ReturnValue'
	MyCharacter_C /Game/Maps/UEDPIE_0_House.House:PersistentLevel.MyCharacter_C_7
	Function /Game/Blueprints/MyCharacter.MyCharacter_C:ExecuteUbergraph_MyCharacter:03E9
[2015.02.18-19.46.35:711][916]PIE:Error: Error Accessed None 'CallFunc_GetAnimInstance_ReturnValue' from node Construction Script in blueprint MyCharacter
[2015.02.18-19.46.49:196][311]LogParticles: Destroying 0 GPU particle simulations for FXSystem 0x000000001FDE60C0
[2015.02.18-19.56.26:523][241]LogSavePackage: Save=186.195480ms
[2015.02.18-19.56.26:523][241]LogSavePackage: Moving 'C:/Users/Johan/Documents/SourceTree/ProjectExplorer/ProjectExplorer/Saved/House_Auto1F41B503E4ED3029C9B5C6EAFEBCB8633.tmp' to 'C:/Users/Johan/Documents/SourceTree/ProjectExplorer/ProjectExplorer/Saved/Autosaves/Game/Maps/House_Auto1.umap'
[2015.02.18-19.56.26:526][241]LogFileHelpers: Editor autosave (incl. sublevels) for '/Game/Maps/House' took 0.260
[2015.02.18-19.56.26:526][241]LogFileHelpers: Editor autosave (incl. sublevels) for all levels took 0.260
[2015.02.18-20.06.27:706][250]LogClass:Warning: Type mismatch in Second of House_C - Previous (FloatProperty) Current(IntProperty) for package:  FObjectReader
[2015.02.18-20.06.27:706][250]LogClass:Warning: Type mismatch in Minute of House_C - Previous (FloatProperty) Current(IntProperty) for package:  FObjectReader
[2015.02.18-20.06.27:706][250]LogClass:Warning: Type mismatch in Hour of House_C - Previous (FloatProperty) Current(IntProperty) for package:  FObjectReader
[2015.02.18-20.06.27:867][250]LogSavePackage: Save=164.699722ms
[2015.02.18-20.06.27:867][250]LogSavePackage: Moving 'C:/Users/Johan/Documents/SourceTree/ProjectExplorer/ProjectExplorer/Saved/House_Auto2859C45BC45368B95A80E93AC1F6E7068.tmp' to 'C:/Users/Johan/Documents/SourceTree/ProjectExplorer/ProjectExplorer/Saved/Autosaves/Game/Maps/House_Auto2.umap'
[2015.02.18-20.06.27:871][250]LogFileHelpers: Editor autosave (incl. sublevels) for '/Game/Maps/House' took 0.272
[2015.02.18-20.06.27:871][250]LogFileHelpers: Editor autosave (incl. sublevels) for all levels took 0.272
[2015.02.18-20.16.42:766][602]LogSavePackage: Save=163.887436ms
[2015.02.18-20.16.42:766][602]LogSavePackage: Moving 'C:/Users/Johan/Documents/SourceTree/ProjectExplorer/ProjectExplorer/Saved/House_Auto30CE364A04555957D83BFB4B6DA04BB22.tmp' to 'C:/Users/Johan/Documents/SourceTree/ProjectExplorer/ProjectExplorer/Saved/Autosaves/Game/Maps/House_Auto3.umap'
[2015.02.18-20.16.42:770][602]LogFileHelpers: Editor autosave (incl. sublevels) for '/Game/Maps/House' took 0.275
[2015.02.18-20.16.42:770][602]LogFileHelpers: Editor autosave (incl. sublevels) for all levels took 0.275
[2015.02.18-20.26.44:139][982]LogSavePackage: Save=169.329895ms
[2015.02.18-20.26.44:139][982]LogSavePackage: Moving 'C:/Users/Johan/Documents/SourceTree/ProjectExplorer/ProjectExplorer/Saved/House_Auto4749C75574C426601CF169DA676D3B789.tmp' to 'C:/Users/Johan/Documents/SourceTree/ProjectExplorer/ProjectExplorer/Saved/Autosaves/Game/Maps/House_Auto4.umap'
[2015.02.18-20.26.44:142][982]LogFileHelpers: Editor autosave (incl. sublevels) for '/Game/Maps/House' took 0.258
[2015.02.18-20.26.44:142][982]LogFileHelpers: Editor autosave (incl. sublevels) for all levels took 0.258
[2015.02.18-20.31.57:493][652]Cmd: OBJ SAVEPACKAGE PACKAGE="/Game/Maps/House" FILE="C:/Users/Johan/Documents/SourceTree/ProjectExplorer/ProjectExplorer/Content/Maps/House.umap" SILENT=true AUTOSAVING=false KEEPDIRTY=false
[2015.02.18-20.31.57:693][652]LogSavePackage: Save=165.619781ms
[2015.02.18-20.31.57:693][652]LogSavePackage: Moving 'C:/Users/Johan/Documents/SourceTree/ProjectExplorer/ProjectExplorer/Saved/House276A2D534861D3407224A2AFE58AAF2E.tmp' to 'C:/Users/Johan/Documents/SourceTree/ProjectExplorer/ProjectExplorer/Content/Maps/House.umap'
[2015.02.18-20.31.57:760][652]LogFileHelpers: Saving map 'House' took 0.357
[2015.02.18-20.32.04:938][286]BlueprintLog: New page: Pre-PIE auto-recompile
[2015.02.18-20.32.04:947][286]LogPlayLevel: [PIE] Compiling House before PIE...
[2015.02.18-20.32.05:011][286]LogPlayLevel: PIE:  Blueprint regeneration took 72 ms (1 blueprints)
[2015.02.18-20.32.05:011][286]PIE: New page: PIE session: House (Feb 18, 2015, 10:32:05 PM)
[2015.02.18-20.32.05:034][286]LogPlayLevel: PIE: StaticDuplicateObject took: (0.022785s)
[2015.02.18-20.32.05:035][286]LogPlayLevel: PIE: World Init took: (0.000800s)
[2015.02.18-20.32.05:035][286]LogPlayLevel: PIE: Created PIE world by copying editor world from /Game/Maps/House.House to /Game/Maps/UEDPIE_0_House.House (0.023870s)
[2015.02.18-20.32.05:062][286]LogWorld: Game class is 'MyGame_C'
[2015.02.18-20.32.05:063][286]LogAIModule: Creating AISystem for world House
[2015.02.18-20.32.05:065][286]LogWorld: Bringing World /Game/Maps/UEDPIE_0_House.House up for play (max tick rate 0) at 2015.02.18-21.32.05
[2015.02.18-20.32.05:066][286]LogWorld: Bringing up level for play took: 0.002616
[2015.02.18-20.32.05:067][286]PIE: Info Play in editor start time for /Game/Maps/UEDPIE_0_House -0.071
[2015.02.18-20.32.05:676][340]LogScript:Warning: Accessed None 'CallFunc_GetAnimInstance_ReturnValue'
	MyCharacter_C /Game/Maps/UEDPIE_0_House.House:PersistentLevel.MyCharacter_C_8
	Function /Game/Blueprints/MyCharacter.MyCharacter_C:ExecuteUbergraph_MyCharacter:03E9
[2015.02.18-20.32.05:677][340]PIE:Error: Error Accessed None 'CallFunc_GetAnimInstance_ReturnValue' from node Construction Script in blueprint MyCharacter
[2015.02.18-20.32.11:589][913]LogParticles: Destroying 0 GPU particle simulations for FXSystem 0x000000001FD73560
[2015.02.18-20.32.45:096][621]Cmd: QUIT_EDITOR
[2015.02.18-20.32.45:970][621]LogExit: Preparing to exit.
[2015.02.18-20.32.47:038][621]LogExit: Editor shut down
[2015.02.18-20.32.47:038][621]LogExit: Transaction tracking system shut down
[2015.02.18-20.32.47:039][621]LogParticles: Destroying 0 GPU particle simulations for FXSystem 0x00000000146B1DA0
[2015.02.18-20.32.47:039][621]LogParticles: Destroying 0 GPU particle simulations for FXSystem 0x000000000C0F96C0
[2015.02.18-20.32.47:039][621]LogParticles: Destroying 0 GPU particle simulations for FXSystem 0x000000000BFC6160
[2015.02.18-20.32.47:041][621]LogParticles: Destroying 0 GPU particle simulations for FXSystem 0x00000000445A4180
[2015.02.18-20.32.47:192][621]LogExit: Object subsystem successfully closed.
[2015.02.18-20.32.47:331][621]LogModuleManager: Shutting down and abandoning module StatsViewer (172)
[2015.02.18-20.32.47:345][621]LogModuleManager: Shutting down and abandoning module AndroidDeviceDetection (171)
[2015.02.18-20.32.47:345][621]LogModuleManager: Shutting down and abandoning module CrashTracker (170)
[2015.02.18-20.32.47:345][621]LogModuleManager: Shutting down and abandoning module SuperSearch (169)
[2015.02.18-20.32.47:345][621]LogModuleManager: Shutting down and abandoning module SceneOutliner (168)
[2015.02.18-20.32.47:345][621]LogModuleManager: Shutting down and abandoning module EditorWidgets (167)
[2015.02.18-20.32.47:345][621]LogModuleManager: Shutting down and abandoning module CollectionManager (166)
[2015.02.18-20.32.47:356][621]LogModuleManager: Shutting down and abandoning module FoliageEdit (165)
[2015.02.18-20.32.47:356][621]LogModuleManager: Shutting down and abandoning module LandscapeEditor (164)
[2015.02.18-20.32.47:366][621]LogModuleManager: Shutting down and abandoning module MeshPaint (163)
[2015.02.18-20.32.47:366][621]LogModuleManager: Shutting down and abandoning module ActorPickerMode (162)
[2015.02.18-20.32.47:366][621]LogModuleManager: Shutting down and abandoning module GeometryMode (161)
[2015.02.18-20.32.47:366][621]LogModuleManager: Shutting down and abandoning module TextureAlignMode (160)
[2015.02.18-20.32.47:366][621]LogModuleManager: Shutting down and abandoning module BspMode (159)
[2015.02.18-20.32.47:366][621]LogModuleManager: Shutting down and abandoning module PlacementMode (158)
[2015.02.18-20.32.47:366][621]LogModuleManager: Shutting down and abandoning module AutomationWorker (157)
[2015.02.18-20.32.47:366][621]LogModuleManager: Shutting down and abandoning module CharacterAI (156)
[2015.02.18-20.32.47:366][621]LogModuleManager: Shutting down and abandoning module GameProjectGeneration (155)
[2015.02.18-20.32.47:373][621]LogModuleManager: Shutting down and abandoning module IntroTutorials (154)
[2015.02.18-20.32.47:373][621]LogModuleManager: Shutting down and abandoning module EditorLiveStreaming (153)
[2015.02.18-20.32.47:373][621]LogModuleManager: Shutting down and abandoning module HardwareTargeting (152)
[2015.02.18-20.32.47:373][621]LogModuleManager: Shutting down and abandoning module DeviceProfileEditor (151)
[2015.02.18-20.32.47:373][621]LogModuleManager: Shutting down and abandoning module UndoHistory (150)
[2015.02.18-20.32.47:373][621]LogModuleManager: Shutting down and abandoning module GameplayTagsEditor (149)
[2015.02.18-20.32.47:373][621]LogModuleManager: Shutting down and abandoning module UserFeedback (148)
[2015.02.18-20.32.47:373][621]LogModuleManager: Shutting down and abandoning module XmlParser (147)
[2015.02.18-20.32.47:373][621]LogModuleManager: Shutting down and abandoning module Blutility (146)
[2015.02.18-20.32.47:373][621]LogModuleManager: Shutting down and abandoning module IOSPlatformEditor (145)
[2015.02.18-20.32.47:373][621]LogModuleManager: Shutting down and abandoning module IOSRuntimeSettings (144)
[2015.02.18-20.32.47:373][621]LogModuleManager: Shutting down and abandoning module AndroidPlatformEditor (143)
[2015.02.18-20.32.47:373][621]LogModuleManager: Shutting down and abandoning module AndroidRuntimeSettings (142)
[2015.02.18-20.32.47:373][621]LogModuleManager: Shutting down and abandoning module ProjectTargetPlatformEditor (141)
[2015.02.18-20.32.47:373][621]LogModuleManager: Shutting down and abandoning module ProjectSettingsViewer (140)
[2015.02.18-20.32.47:373][621]LogModuleManager: Shutting down and abandoning module InputBindingEditor (139)
[2015.02.18-20.32.47:374][621]LogModuleManager: Shutting down and abandoning module EditorSettingsViewer (138)
[2015.02.18-20.32.47:374][621]LogModuleManager: Shutting down and abandoning module SettingsEditor (137)
[2015.02.18-20.32.47:385][621]LogModuleManager: Shutting down and abandoning module ProjectLauncher (136)
[2015.02.18-20.32.47:385][621]LogModuleManager: Shutting down and abandoning module SessionFrontend (135)
[2015.02.18-20.32.47:385][621]LogModuleManager: Shutting down and abandoning module ProfilerClient (134)
[2015.02.18-20.32.47:399][621]LogModuleManager: Shutting down and abandoning module TargetDeviceServices (133)
[2015.02.18-20.32.47:399][621]LogModuleManager: Shutting down and abandoning module DeviceManager (132)
[2015.02.18-20.32.47:399][621]LogModuleManager: Shutting down and abandoning module AutomationController (131)
[2015.02.18-20.32.47:399][621]LogModuleManager: Shutting down and abandoning module AutomationWindow (130)
[2015.02.18-20.32.47:411][621]LogModuleManager: Shutting down and abandoning module Layers (129)
[2015.02.18-20.32.47:427][621]LogModuleManager: Shutting down and abandoning module ComponentVisualizers (128)
[2015.02.18-20.32.47:427][621]LogModuleManager: Shutting down and abandoning module DetailCustomizations (127)
[2015.02.18-20.32.47:427][621]LogModuleManager: Shutting down and abandoning module PackagesDialog (126)
[2015.02.18-20.32.47:428][621]LogModuleManager: Shutting down and abandoning module AssetRegistry (125)
[2015.02.18-20.32.47:439][621]LogModuleManager: Shutting down and abandoning module Persona (124)
[2015.02.18-20.32.47:449][621]LogModuleManager: Shutting down and abandoning module Kismet (123)
[2015.02.18-20.32.47:449][621]LogModuleManager: Shutting down and abandoning module GraphEditor (122)
[2015.02.18-20.32.47:449][621]LogModuleManager: Shutting down and abandoning module ClassViewer (121)
[2015.02.18-20.32.47:449][621]LogModuleManager: Shutting down and abandoning module Toolbox (120)
[2015.02.18-20.32.47:449][621]LogModuleManager: Shutting down and abandoning module ModuleUI (119)
[2015.02.18-20.32.47:454][621]LogModuleManager: Shutting down and abandoning module MovieSceneTools (118)
[2015.02.18-20.32.47:469][621]LogModuleManager: Shutting down and abandoning module OutputLog (117)
[2015.02.18-20.32.47:469][621]LogModuleManager: Shutting down and abandoning module GammaUI (116)
[2015.02.18-20.32.47:473][621]LogModuleManager: Shutting down and abandoning module Documentation (115)
[2015.02.18-20.32.47:473][621]LogModuleManager: Shutting down and abandoning module GameLiveStreaming (114)
[2015.02.18-20.32.47:473][621]LogModuleManager: Shutting down and abandoning module StreamingPauseRendering (113)
[2015.02.18-20.32.47:473][621]LogModuleManager: Shutting down and abandoning module HTTP (112)
[2015.02.18-20.32.47:473][621]LogModuleManager: Shutting down and abandoning module AnalyticsET (111)
[2015.02.18-20.32.47:473][621]LogModuleManager: Shutting down and abandoning module Analytics (110)
[2015.02.18-20.32.47:473][621]LogModuleManager: Shutting down and abandoning module AITestSuite (109)
[2015.02.18-20.32.47:473][621]LogModuleManager: Shutting down and abandoning module AIModule (108)
[2015.02.18-20.32.47:480][621]LogModuleManager: Shutting down and abandoning module ProfilerService (107)
[2015.02.18-20.32.47:622][621]LogModuleManager: Shutting down and abandoning module TaskGraph (106)
[2015.02.18-20.32.47:631][621]LogModuleManager: Shutting down and abandoning module GameplayDebugger (105)
[2015.02.18-20.32.47:631][621]LogModuleManager: Shutting down and abandoning module SlateRemote (104)
[2015.02.18-20.32.47:631][621]LogModuleManager: Shutting down and abandoning module ScriptEditorPlugin (103)
[2015.02.18-20.32.47:631][621]LogModuleManager: Shutting down and abandoning module CustomMeshComponent (102)
[2015.02.18-20.32.47:631][621]LogModuleManager: Shutting down and abandoning module CableComponent (101)
[2015.02.18-20.32.47:631][621]LogModuleManager: Shutting down and abandoning module MessagingDebugger (100)
[2015.02.18-20.32.47:644][621]LogModuleManager: Shutting down and abandoning module MediaPlayerEditor (99)
[2015.02.18-20.32.47:651][621]LogModuleManager: Shutting down and abandoning module SpeedTreeImporter (98)
[2015.02.18-20.32.47:651][621]LogModuleManager: Shutting down and abandoning module PluginsEditor (97)
[2015.02.18-20.32.47:652][621]LogModuleManager: Shutting down and abandoning module EpicSurvey (96)
[2015.02.18-20.32.47:652][621]LogModuleManager: Shutting down and abandoning module DesktopPlatform (95)
[2015.02.18-20.32.47:652][621]LogModuleManager: Shutting down and abandoning module VisualStudioSourceCodeAccess (94)
[2015.02.18-20.32.47:652][621]LogModuleManager: Shutting down and abandoning module UObjectPlugin (93)
[2015.02.18-20.32.47:652][621]LogModuleManager: Shutting down and abandoning module SubversionSourceControl (92)
[2015.02.18-20.32.47:652][621]LogModuleManager: Shutting down and abandoning module SourceControl (91)
[2015.02.18-20.32.47:652][621]LogModuleManager: Shutting down and abandoning module PerforceSourceControl (90)
[2015.02.18-20.32.47:661][621]LogModuleManager: Shutting down and abandoning module BlankPlugin (89)
[2015.02.18-20.32.47:661][621]LogModuleManager: Shutting down and abandoning module SlateReflector (88)
[2015.02.18-20.32.47:661][621]LogModuleManager: Shutting down and abandoning module DirectoryWatcher (87)
[2015.02.18-20.32.47:662][621]LogModuleManager: Shutting down and abandoning module HotReload (86)
[2015.02.18-20.32.47:662][621]LogModuleManager: Shutting down and abandoning module MainFrame (85)
[2015.02.18-20.32.47:662][621]LogModuleManager: Shutting down and abandoning module LevelEditor (84)
[2015.02.18-20.32.47:663][621]LogModuleManager: Shutting down and abandoning module ViewportSnapping (83)
[2015.02.18-20.32.47:663][621]LogModuleManager: Shutting down and abandoning module SmartSnapping (82)
[2015.02.18-20.32.47:663][621]LogModuleManager: Shutting down and abandoning module PaperTiledImporter (81)
[2015.02.18-20.32.47:663][621]LogModuleManager: Shutting down and abandoning module PaperJsonImporter (80)
[2015.02.18-20.32.47:663][621]LogModuleManager: Shutting down and abandoning module ContentBrowser (79)
[2015.02.18-20.32.47:663][621]LogModuleManager: Shutting down and abandoning module Paper2DEditor (78)
[2015.02.18-20.32.47:672][621]LogModuleManager: Shutting down and abandoning module ProjectExplorer (77)
[2015.02.18-20.32.47:672][621]LogModuleManager: Shutting down and abandoning module ScriptPlugin (76)
[2015.02.18-20.32.47:681][621]LogModuleManager: Shutting down and abandoning module UdpMessaging (75)
[2015.02.18-20.32.47:781][621]LogModuleManager: Shutting down and abandoning module Paper2D (74)
[2015.02.18-20.32.47:781][621]LogModuleManager: Shutting down and abandoning module WindowsMoviePlayer (73)
[2015.02.18-20.32.47:783][621]LogModuleManager: Shutting down and abandoning module Media (72)
[2015.02.18-20.32.47:783][621]LogModuleManager: Shutting down and abandoning module WmfMedia (71)
[2015.02.18-20.32.47:783][621]LogModuleManager: Shutting down and abandoning module OnlineBlueprintSupport (70)
[2015.02.18-20.32.47:783][621]LogModuleManager: Shutting down and abandoning module PropertyEditor (69)
[2015.02.18-20.32.47:783][621]LogModuleManager: Shutting down and abandoning module BehaviorTreeEditor (68)
[2015.02.18-20.32.47:799][621]LogModuleManager: Shutting down and abandoning module FunctionalTesting (67)
[2015.02.18-20.32.47:799][621]LogModuleManager: Shutting down and abandoning module CollisionAnalyzer (66)
[2015.02.18-20.32.47:813][621]LogModuleManager: Shutting down and abandoning module WorkspaceMenuStructure (65)
[2015.02.18-20.32.47:813][621]LogModuleManager: Shutting down and abandoning module MessageLog (64)
[2015.02.18-20.32.47:813][621]LogModuleManager: Shutting down and abandoning module Sequencer (63)
[2015.02.18-20.32.47:826][621]LogModuleManager: Shutting down and abandoning module AssetTools (62)
[2015.02.18-20.32.47:850][621]LogModuleManager: Shutting down and abandoning module UMGEditor (61)
[2015.02.18-20.32.47:850][621]LogModuleManager: Shutting down and abandoning module UMG (60)
[2015.02.18-20.32.47:859][621]LogModuleManager: Shutting down and abandoning module Slate (59)
[2015.02.18-20.32.47:859][621]LogModuleManager: Shutting down and abandoning module EditorStyle (58)
[2015.02.18-20.32.47:862][621]LogModuleManager: Shutting down and abandoning module SessionServices (57)
[2015.02.18-20.32.47:862][621]LogModuleManager: Shutting down and abandoning module SourceCodeAccess (56)
[2015.02.18-20.32.47:862][621]LogModuleManager: Shutting down and abandoning module HeadMountedDisplay (55)
[2015.02.18-20.32.47:862][621]LogModuleManager: Shutting down and abandoning module XAudio2 (54)
[2015.02.18-20.32.47:862][621]LogModuleManager: Shutting down and abandoning module Networking (52)
[2015.02.18-20.32.47:862][621]LogModuleManager: Shutting down and abandoning module Core (51)
[2015.02.18-20.32.47:862][621]LogModuleManager: Shutting down and abandoning module KismetCompiler (50)
[2015.02.18-20.32.47:862][621]LogModuleManager: Shutting down and abandoning module PhysXFormats (49)
[2015.02.18-20.32.47:862][621]LogModuleManager: Shutting down and abandoning module MeshUtilities (48)
[2015.02.18-20.32.47:876][621]LogModuleManager: Shutting down and abandoning module DerivedDataCache (47)
[2015.02.18-20.32.47:885][621]LogDerivedDataCache: Shutdown
[2015.02.18-20.32.47:885][621]LogModuleManager: Shutting down and abandoning module ShaderFormatOpenGL (46)
[2015.02.18-20.32.47:896][621]LogModuleManager: Shutting down and abandoning module ShaderFormatD3D (45)
[2015.02.18-20.32.47:896][621]LogModuleManager: Shutting down and abandoning module MetalShaderFormat (44)
[2015.02.18-20.32.47:909][621]LogModuleManager: Shutting down and abandoning module TextureFormatUncompressed (43)
[2015.02.18-20.32.47:909][621]LogModuleManager: Shutting down and abandoning module TextureFormatPVR (42)
[2015.02.18-20.32.47:909][621]LogModuleManager: Shutting down and abandoning module TextureFormatDXT (41)
[2015.02.18-20.32.47:909][621]LogModuleManager: Shutting down and abandoning module TextureFormatAndroid (40)
[2015.02.18-20.32.47:909][621]LogModuleManager: Shutting down and abandoning module AudioFormatOpus (39)
[2015.02.18-20.32.47:909][621]LogModuleManager: Shutting down and abandoning module AudioFormatOgg (38)
[2015.02.18-20.32.47:909][621]LogModuleManager: Shutting down and abandoning module AudioFormatADPCM (37)
[2015.02.18-20.32.47:909][621]LogModuleManager: Shutting down and abandoning module LinuxTargetPlatform (36)
[2015.02.18-20.32.47:909][621]LogModuleManager: Shutting down and abandoning module LinuxServerTargetPlatform (35)
[2015.02.18-20.32.47:909][621]LogModuleManager: Shutting down and abandoning module LinuxNoEditorTargetPlatform (34)
[2015.02.18-20.32.47:909][621]LogModuleManager: Shutting down and abandoning module Messaging (33)
[2015.02.18-20.32.47:909][621]LogModuleManager: Shutting down and abandoning module IOSTargetPlatform (32)
[2015.02.18-20.32.47:909][621]LogModuleManager: Shutting down and abandoning module Android_PVRTCTargetPlatform (31)
[2015.02.18-20.32.47:909][621]LogModuleManager: Shutting down and abandoning module Android_ETC2TargetPlatform (30)
[2015.02.18-20.32.47:909][621]LogModuleManager: Shutting down and abandoning module Android_ETC1TargetPlatform (29)
[2015.02.18-20.32.47:909][621]LogModuleManager: Shutting down and abandoning module Android_DXTTargetPlatform (28)
[2015.02.18-20.32.47:909][621]LogModuleManager: Shutting down and abandoning module Android_ATCTargetPlatform (27)
[2015.02.18-20.32.47:909][621]LogModuleManager: Shutting down and abandoning module AndroidTargetPlatform (26)
[2015.02.18-20.32.47:909][621]LogModuleManager: Shutting down and abandoning module WindowsTargetPlatform (25)
[2015.02.18-20.32.47:909][621]LogModuleManager: Shutting down and abandoning module WindowsServerTargetPlatform (24)
[2015.02.18-20.32.47:909][621]LogModuleManager: Shutting down and abandoning module WindowsNoEditorTargetPlatform (23)
[2015.02.18-20.32.47:909][621]LogModuleManager: Shutting down and abandoning module WindowsClientTargetPlatform (22)
[2015.02.18-20.32.47:909][621]LogModuleManager: Shutting down and abandoning module TargetPlatform (21)
[2015.02.18-20.32.47:909][621]LogModuleManager: Shutting down and abandoning module InputCore (20)
[2015.02.18-20.32.47:909][621]LogModuleManager: Shutting down and abandoning module Settings (19)
[2015.02.18-20.32.47:909][621]LogModuleManager: Shutting down and abandoning module ImageWrapper (18)
[2015.02.18-20.32.47:909][621]LogModuleManager: Shutting down and abandoning module OculusRift (15)
[2015.02.18-20.32.47:909][621]LogModuleManager: Shutting down and abandoning module ExampleDeviceProfileSelector (14)
[2015.02.18-20.32.47:909][621]LogModuleManager: Shutting down and abandoning module TextureCompressor (13)
[2015.02.18-20.32.47:909][621]LogModuleManager: Shutting down and abandoning module ShaderCore (12)
[2015.02.18-20.32.47:909][621]LogModuleManager: Shutting down and abandoning module Landscape (11)
[2015.02.18-20.32.47:909][621]LogModuleManager: Shutting down and abandoning module SlateRHIRenderer (10)
[2015.02.18-20.32.47:911][621]LogModuleManager: Shutting down and abandoning module OpenGLDrv (9)
[2015.02.18-20.32.47:912][621]LogModuleManager: Shutting down and abandoning module D3D11RHI (8)
[2015.02.18-20.32.47:912][621]LogModuleManager: Shutting down and abandoning module Renderer (7)
[2015.02.18-20.32.47:912][621]LogModuleManager: Shutting down and abandoning module Engine (6)
[2015.02.18-20.32.47:912][621]LogModuleManager: Shutting down and abandoning module CoreUObject (5)
[2015.02.18-20.32.47:912][621]LogModuleManager: Shutting down and abandoning module NetworkFile (4)
[2015.02.18-20.32.47:912][621]LogModuleManager: Shutting down and abandoning module StreamingFile (3)
[2015.02.18-20.32.47:912][621]LogModuleManager: Shutting down and abandoning module SandboxFile (2)
[2015.02.18-20.32.47:912][621]LogModuleManager: Shutting down and abandoning module PakFile (1)
[2015.02.18-20.32.47:922][621]LogExit: Exiting.
[2015.02.18-20.32.47:926][621]Log file closed, 02/18/15 21:32:47
