Log file open, 02/12/15 11:32:44
LogInit:Display: Running engine for game: ProjectExplorer
LogInit: Version: 4.6.1-2386410+++depot+UE4-Releases+4.6
LogInit: API Version: 2369412
LogInit: Compiled (64-bit): Dec 11 2014 21:31:39
LogInit: Compiled with Visual C++: 18.00.21005.01
LogInit: Build Configuration: Development
LogInit: Branch Name: ++depot+UE4-Releases+4.6
LogInit: Command line:  
LogInit: Base directory: C:/Program Files/Epic Games/4.6/Engine/Binaries/Win64/
LogInit: Rocket: 1
[2015.02.12-10.32.44:025][  0]LogTaskGraph: Started task graph with 3 named threads and 6 total threads.
[2015.02.12-10.32.44:076][  0]LogOnline:Warning: No default platform service specified for OnlineSubsystem
[2015.02.12-10.32.44:090][  0]LogInit: Presizing for 0 objects not considered by GC, pre-allocating 0 bytes.
[2015.02.12-10.32.44:097][  0]LogInit: Object subsystem initialized
[2015.02.12-10.32.44:098][  0]LogConsoleResponse:Warning: Skipping Unknown console variable: 'UIScaleRule = ShortestSide'
[2015.02.12-10.32.44:098][  0]LogConsoleResponse:Warning:   Found in ini file 'C:/Users/Christoffer/Documents/ProjectExplorer/ProjectExplorer/Saved/Config/Windows/Engine.ini', in section '[/Script/Engine.RendererSettings]'
[2015.02.12-10.32.44:098][  0]LogConsoleResponse:Warning: Skipping Unknown console variable: 'UIScaleCurve = (EditorCurveData=(Keys=),ExternalCurve=None)'
[2015.02.12-10.32.44:098][  0]LogConsoleResponse:Warning:   Found in ini file 'C:/Users/Christoffer/Documents/ProjectExplorer/ProjectExplorer/Saved/Config/Windows/Engine.ini', in section '[/Script/Engine.RendererSettings]'
[2015.02.12-10.32.44:099][  0]LogConsoleManager:Warning: Console variable 'r.MSAA.CompositingSampleCount' wasn't set (Priority ProjectSetting < Scalability)
[2015.02.12-10.32.44:099][  0]LogInit: Selected Device Profile: [Windows]
[2015.02.12-10.32.44:099][  0]LogInit: Applying CVar settings loaded from the selected device profile: [Windows]
[2015.02.12-10.32.44:103][  0]LogInit: Computer: KUKRUNAR
[2015.02.12-10.32.44:103][  0]LogInit: User: Christoffer
[2015.02.12-10.32.44:103][  0]LogInit: CPU Page size=4096, Cores=4
[2015.02.12-10.32.44:103][  0]LogInit: High frequency timer resolution =3.222681 MHz
[2015.02.12-10.32.44:103][  0]LogMemory: Memory total: Physical=8.0GB (8GB approx) Virtual=131072.0GB
[2015.02.12-10.32.44:103][  0]LogMemory: Platform Memory Stats for Windows
[2015.02.12-10.32.44:103][  0]LogMemory: Process Physical Memory: 48.27 MB used, 48.27 MB peak
[2015.02.12-10.32.44:104][  0]LogMemory: Process Virtual Memory: 24.15 MB used, 24.16 MB peak
[2015.02.12-10.32.44:104][  0]LogMemory: Physical Memory: 3221.67 MB used, 8168.95 MB total
[2015.02.12-10.32.44:104][  0]LogMemory: Virtual Memory: 269.83 MB used, 134217728.00 MB total
[2015.02.12-10.32.44:127][  0]LogD3D11RHI: Found D3D11 adapter 0: NVIDIA GeForce GTX 770 (Feature Level 11_0)
[2015.02.12-10.32.44:127][  0]LogD3D11RHI: Adapter has 4011MB of dedicated video memory, 0MB of dedicated system memory, and 4084MB of shared system memory, 1 output[s]
[2015.02.12-10.32.44:128][  0]LogD3D11RHI: Found D3D11 adapter 1: Microsoft Basic Render Driver (Feature Level 11_0)
[2015.02.12-10.32.44:128][  0]LogD3D11RHI: Adapter has 0MB of dedicated video memory, 0MB of dedicated system memory, and 256MB of shared system memory, 0 output[s]
[2015.02.12-10.32.44:128][  0]LogD3D11RHI: Chosen D3D11 Adapter Id = 0
[2015.02.12-10.32.44:131][  0]LogRHI: Texture pool is 1361 MB (70% of 1945 MB)
[2015.02.12-10.32.44:139][  0]LogD3D11RHI: Async texture creation enabled
[2015.02.12-10.32.44:194][  0]LogTextLocalizationManager: The requested culture ('sv_SE') has no localization data; falling back to 'en' for localization and internationalization data.
[2015.02.12-10.32.44:317][  0]LogContentStreaming: Texture pool size is 0.000000MB
[2015.02.12-10.32.48:670][  0]LogTargetPlatformManager:Display: Building Assets For Windows
[2015.02.12-10.32.49:044][  0]LogTargetPlatformManager:Display: Building Assets For Windows
[2015.02.12-10.32.49:084][  0]LogDerivedDataCache:Display: Max Cache Size: 512 MB
[2015.02.12-10.32.49:116][  0]LogDerivedDataCache: Loaded boot cache 0.03s 39MB C:/Users/Christoffer/AppData/Local/UnrealEngine/4.6/DerivedDataCache/Boot.ddc.
[2015.02.12-10.32.49:116][  0]LogDerivedDataCache:Display: Loaded Boot cache: C:/Users/Christoffer/AppData/Local/UnrealEngine/4.6/DerivedDataCache/Boot.ddc
[2015.02.12-10.32.49:116][  0]LogDerivedDataCache: FDerivedDataBackendGraph:  Pak pak cache file ../../../../../../Users/Christoffer/Documents/ProjectExplorer/ProjectExplorer/DerivedDataCache/DDC.ddp not found, will not use a pak cache.
[2015.02.12-10.32.49:116][  0]LogDerivedDataCache: Unable to find inner node Pak for hierarchical cache Hierarchy.
[2015.02.12-10.32.49:168][  0]LogDerivedDataCache:Display: Pak cache opened for reading ../../../Engine/DerivedDataCache/DDC.ddp.
[2015.02.12-10.32.49:180][  0]LogDerivedDataCache: Using Local data cache path C:/Users/Christoffer/AppData/Local/UnrealEngine/Common/DerivedDataCache: Writable
[2015.02.12-10.32.49:287][  0]LogCollisionProfile:Warning: Profile (UI) - Custom Channel Name = 'Weapon' hasn't been found
[2015.02.12-10.32.49:402][  0]LogMeshUtilities: No automatic mesh reduction module available
[2015.02.12-10.32.49:402][  0]LogMeshUtilities: No automatic mesh merging module available
[2015.02.12-10.32.49:703][  0]LogInit: WinSock: version 1.1 (2.2), MaxSocks=32767, MaxUdp=65467
[2015.02.12-10.32.49:748][  0]LogSlate:Warning: Failed to load font data from '../../../Engine/Content/Slate/Fonts/Roboto-Italic.ttf'
[2015.02.12-10.32.50:395][  0]UdpMessaging: Initializing bridge on interface 0.0.0.0:0 to multicast group 230.0.0.1:6666.
[2015.02.12-10.32.50:654][  0]SourceControl: Info Source control is disabled
[2015.02.12-10.32.50:654][  0]SourceControl: Info Source control is disabled
[2015.02.12-10.32.50:660][  0]SourceControl: Info Source control is disabled
[2015.02.12-10.32.50:754][  0]LogObj: 23762 objects as part of root set at end of initial load.
[2015.02.12-10.32.50:754][  0]LogUObjectAllocator: 5176184 out of 0 bytes used by permanent object pool.
[2015.02.12-10.32.50:800][  0]LogEngine: Initializing Engine...
[2015.02.12-10.32.50:915][  0]LogInit: XAudio2 using 'SAMSUNG-4 (NVIDIA High Definition Audio)' : 2 channels at 48 kHz using 16 bits per sample (channel mask 0x3)
[2015.02.12-10.32.50:920][  0]LogInit: FAudioDevice initialized.
[2015.02.12-10.32.50:935][  0]LogAIModule: Creating AISystem for world NewWorld
[2015.02.12-10.32.50:951][  0]LogDerivedDataCache: Saved boot cache 0.02s 39MB C:/Users/Christoffer/AppData/Local/UnrealEngine/4.6/DerivedDataCache/Boot.ddc.
[2015.02.12-10.32.50:956][  0]LogInit: Texture streaming: Enabled
[2015.02.12-10.32.50:977][  0]LogAnalytics: Creating configured Analytics provider AnalyticsET
[2015.02.12-10.32.50:977][  0]LogAnalytics: ET APIKey = Rocket.Release. APIServer = http://et2.epicgames.com/ET2/. AppVersion = 4.6.1-2386410+++depot+UE4-Releases+4.6
[2015.02.12-10.32.50:977][  0]LogAnalytics: SetUserId e46223e1b84009ca22d653c003e667e2
[2015.02.12-10.32.50:977][  0]LogAnalytics: AnalyticsET::StartSession [Rocket.Release]
[2015.02.12-10.32.50:990][  0]LogInit: Transaction tracking system initialized
[2015.02.12-10.32.51:068][  0]BlueprintLog: New page: Editor Load
[2015.02.12-10.32.51:094][  0]LogAssetRegistry: FAssetRegistry took 0.0111 seconds to start up
[2015.02.12-10.32.51:094][  0]LogDirectoryWatcher:Warning: Failed to begin reading directory changes for ../../../Engine/Plugins/Experimental/CharacterAI/Content/. Error: 0
[2015.02.12-10.32.51:495][  0]LogTargetPlatformManager:Display: Building Assets For Windows
[2015.02.12-10.32.51:800][  0]LogTargetPlatformManager:Display: Building Assets For Windows
[2015.02.12-10.32.51:939][  0]LogConsoleResponse:Display: 
[2015.02.12-10.32.51:974][  0]LogLinker:Warning: Asset '../../../Engine/Content/Functions/Engine_MaterialFunctions03/Procedurals/ComputeFilterWidth.uasset' has been saved with empty engine version. The asset will be loaded but may be incompatible.
[2015.02.12-10.32.52:120][  0]SourceControl: Info Source control is disabled
[2015.02.12-10.32.52:120][  0]Cmd: MAP LOAD FILE="../../../../../../Users/Christoffer/Documents/ProjectExplorer/ProjectExplorer/Content/Maps/Example_Map.umap" TEMPLATE=0 SHOWPROGRESS=1
[2015.02.12-10.32.52:121][  0]LogEditorServer:Warning: Can't find file '../../../../../../Users/Christoffer/Documents/ProjectExplorer/ProjectExplorer/Content/Maps/Example_Map.umap'
[2015.02.12-10.32.52:121][  0]Cmd: MAP CHECKDEP
[2015.02.12-10.32.52:121][  0]MapCheck: New page: Untitled_0 - Feb 12, 2015, 12:32:52 PM
[2015.02.12-10.32.52:185][  0]MapCheck: Info Map check complete: 0 Error(s), 0 Warning(s), took 64.246ms to complete.
[2015.02.12-10.32.52:185][  0]LogFileHelpers: Loading map 'Example_Map' took 0.065
[2015.02.12-10.32.52:270][  0]LogCollectionManager: Loaded 0 collections in 0.000791 seconds
[2015.02.12-10.32.52:346][  0]LogCrashTracker: Crashtracker disabled due to settings.
[2015.02.12-10.32.52:351][  0]LogUObjectGlobals:Warning: Failed to find object 'Class None.'
[2015.02.12-10.32.52:377][  0]LogLoad: Full Startup: 10.07 seconds (BP compile: 0.00 seconds)
[2015.02.12-10.32.52:720][  0]LogContentBrowser:Verbose: The content browser source was changed by the sources view to '/Game/Textures/InteriorDoor'
[2015.02.12-10.32.52:831][  0]LogRenderer:Warning: Reallocating scene render targets to support 1152x904.
[2015.02.12-10.32.53:068][  1]LogAssetRegistry: Asset discovery search completed in 1.9852 seconds
[2015.02.12-10.32.54:379][  5]LogEditorViewport: Clicking Background
[2015.02.12-10.32.58:114][410]LogContentBrowser:Verbose: The content browser source was changed by the sources view to '/Game'
[2015.02.12-10.32.59:462][566]LogContentBrowser:Verbose: The content browser source was changed by the sources view to '/Game/Maps'
[2015.02.12-10.33.01:006][683]Cmd: MAP LOAD FILE="../../../../../../Users/Christoffer/Documents/ProjectExplorer/ProjectExplorer/Content/Maps/House.umap" TEMPLATE=0 SHOWPROGRESS=1
[2015.02.12-10.33.01:006][683]LightingResults: New page: Lighting Build
[2015.02.12-10.33.01:034][683]LoadErrors: New page: Loading map: House.umap
[2015.02.12-10.33.01:034][683]MapCheck: New page: Map Check
[2015.02.12-10.33.01:034][683]LightingResults: New page: Lighting Build
[2015.02.12-10.33.01:040][683]LogParticles: Destroying 0 GPU particle simulations for FXSystem 0x000000CA00ECBE20
[2015.02.12-10.33.01:047][683]LogEditorServer: Finished looking for orphan Actors (0.000 secs)
[2015.02.12-10.33.01:047][683]LogAIModule: Creating AISystem for world House
[2015.02.12-10.33.01:069][683]Cmd: MAP CHECKDEP
[2015.02.12-10.33.01:069][683]MapCheck: New page: House - Feb 12, 2015, 12:33:01 PM
[2015.02.12-10.33.01:146][683]MapCheck: Info Map check complete: 0 Error(s), 0 Warning(s), took 77.494ms to complete.
[2015.02.12-10.33.01:146][683]LogFileHelpers: Loading map 'House' took 0.142
[2015.02.12-10.33.08:455][430]Cmd: QUIT_EDITOR
[2015.02.12-10.33.08:860][430]LogExit: Preparing to exit.
[2015.02.12-10.33.09:676][430]LogExit: Editor shut down
[2015.02.12-10.33.09:676][430]LogExit: Transaction tracking system shut down
[2015.02.12-10.33.09:676][430]LogParticles: Destroying 0 GPU particle simulations for FXSystem 0x00000065821F4F40
[2015.02.12-10.33.09:676][430]LogParticles: Destroying 0 GPU particle simulations for FXSystem 0x00000065821F4900
[2015.02.12-10.33.09:676][430]LogParticles: Destroying 0 GPU particle simulations for FXSystem 0x000000658329E0C0
[2015.02.12-10.33.09:969][430]LogParticles: Destroying 0 GPU particle simulations for FXSystem 0x0000006581B7A700
[2015.02.12-10.33.09:969][430]LogExit: Object subsystem successfully closed.
[2015.02.12-10.33.10:063][430]LogModuleManager: Shutting down and abandoning module StatsViewer (172)
[2015.02.12-10.33.10:076][430]LogModuleManager: Shutting down and abandoning module AndroidDeviceDetection (171)
[2015.02.12-10.33.10:076][430]LogModuleManager: Shutting down and abandoning module CrashTracker (170)
[2015.02.12-10.33.10:076][430]LogModuleManager: Shutting down and abandoning module SuperSearch (169)
[2015.02.12-10.33.10:076][430]LogModuleManager: Shutting down and abandoning module SceneOutliner (168)
[2015.02.12-10.33.10:076][430]LogModuleManager: Shutting down and abandoning module EditorWidgets (167)
[2015.02.12-10.33.10:076][430]LogModuleManager: Shutting down and abandoning module CollectionManager (166)
[2015.02.12-10.33.10:098][430]LogModuleManager: Shutting down and abandoning module FoliageEdit (165)
[2015.02.12-10.33.10:098][430]LogModuleManager: Shutting down and abandoning module LandscapeEditor (164)
[2015.02.12-10.33.10:119][430]LogModuleManager: Shutting down and abandoning module MeshPaint (163)
[2015.02.12-10.33.10:119][430]LogModuleManager: Shutting down and abandoning module ActorPickerMode (162)
[2015.02.12-10.33.10:119][430]LogModuleManager: Shutting down and abandoning module GeometryMode (161)
[2015.02.12-10.33.10:119][430]LogModuleManager: Shutting down and abandoning module TextureAlignMode (160)
[2015.02.12-10.33.10:120][430]LogModuleManager: Shutting down and abandoning module BspMode (159)
[2015.02.12-10.33.10:120][430]LogModuleManager: Shutting down and abandoning module PlacementMode (158)
[2015.02.12-10.33.10:120][430]LogModuleManager: Shutting down and abandoning module AutomationWorker (157)
[2015.02.12-10.33.10:120][430]LogModuleManager: Shutting down and abandoning module CharacterAI (156)
[2015.02.12-10.33.10:120][430]LogModuleManager: Shutting down and abandoning module GameProjectGeneration (155)
[2015.02.12-10.33.10:130][430]LogModuleManager: Shutting down and abandoning module IntroTutorials (154)
[2015.02.12-10.33.10:130][430]LogModuleManager: Shutting down and abandoning module EditorLiveStreaming (153)
[2015.02.12-10.33.10:130][430]LogModuleManager: Shutting down and abandoning module HardwareTargeting (152)
[2015.02.12-10.33.10:130][430]LogModuleManager: Shutting down and abandoning module DeviceProfileEditor (151)
[2015.02.12-10.33.10:130][430]LogModuleManager: Shutting down and abandoning module UndoHistory (150)
[2015.02.12-10.33.10:130][430]LogModuleManager: Shutting down and abandoning module GameplayTagsEditor (149)
[2015.02.12-10.33.10:130][430]LogModuleManager: Shutting down and abandoning module UserFeedback (148)
[2015.02.12-10.33.10:130][430]LogModuleManager: Shutting down and abandoning module XmlParser (147)
[2015.02.12-10.33.10:130][430]LogModuleManager: Shutting down and abandoning module Blutility (146)
[2015.02.12-10.33.10:130][430]LogModuleManager: Shutting down and abandoning module IOSPlatformEditor (145)
[2015.02.12-10.33.10:130][430]LogModuleManager: Shutting down and abandoning module IOSRuntimeSettings (144)
[2015.02.12-10.33.10:130][430]LogModuleManager: Shutting down and abandoning module AndroidPlatformEditor (143)
[2015.02.12-10.33.10:130][430]LogModuleManager: Shutting down and abandoning module AndroidRuntimeSettings (142)
[2015.02.12-10.33.10:130][430]LogModuleManager: Shutting down and abandoning module ProjectTargetPlatformEditor (141)
[2015.02.12-10.33.10:130][430]LogModuleManager: Shutting down and abandoning module ProjectSettingsViewer (140)
[2015.02.12-10.33.10:130][430]LogModuleManager: Shutting down and abandoning module InputBindingEditor (139)
[2015.02.12-10.33.10:130][430]LogModuleManager: Shutting down and abandoning module EditorSettingsViewer (138)
[2015.02.12-10.33.10:130][430]LogModuleManager: Shutting down and abandoning module SettingsEditor (137)
[2015.02.12-10.33.10:145][430]LogModuleManager: Shutting down and abandoning module ProjectLauncher (136)
[2015.02.12-10.33.10:145][430]LogModuleManager: Shutting down and abandoning module SessionFrontend (135)
[2015.02.12-10.33.10:145][430]LogModuleManager: Shutting down and abandoning module ProfilerClient (134)
[2015.02.12-10.33.10:162][430]LogModuleManager: Shutting down and abandoning module TargetDeviceServices (133)
[2015.02.12-10.33.10:162][430]LogModuleManager: Shutting down and abandoning module DeviceManager (132)
[2015.02.12-10.33.10:162][430]LogModuleManager: Shutting down and abandoning module AutomationController (131)
[2015.02.12-10.33.10:162][430]LogModuleManager: Shutting down and abandoning module AutomationWindow (130)
[2015.02.12-10.33.10:214][430]LogModuleManager: Shutting down and abandoning module Layers (129)
[2015.02.12-10.33.10:261][430]LogModuleManager: Shutting down and abandoning module ComponentVisualizers (128)
[2015.02.12-10.33.10:262][430]LogModuleManager: Shutting down and abandoning module DetailCustomizations (127)
[2015.02.12-10.33.10:262][430]LogModuleManager: Shutting down and abandoning module PackagesDialog (126)
[2015.02.12-10.33.10:321][430]LogModuleManager: Shutting down and abandoning module AssetRegistry (125)
[2015.02.12-10.33.10:378][430]LogModuleManager: Shutting down and abandoning module Persona (124)
[2015.02.12-10.33.10:422][430]LogModuleManager: Shutting down and abandoning module Kismet (123)
[2015.02.12-10.33.10:431][430]LogModuleManager: Shutting down and abandoning module GraphEditor (122)
[2015.02.12-10.33.10:500][430]LogModuleManager: Shutting down and abandoning module ClassViewer (121)
[2015.02.12-10.33.10:500][430]LogModuleManager: Shutting down and abandoning module Toolbox (120)
[2015.02.12-10.33.10:500][430]LogModuleManager: Shutting down and abandoning module ModuleUI (119)
[2015.02.12-10.33.10:508][430]LogModuleManager: Shutting down and abandoning module MovieSceneTools (118)
[2015.02.12-10.33.10:535][430]LogModuleManager: Shutting down and abandoning module OutputLog (117)
[2015.02.12-10.33.10:535][430]LogModuleManager: Shutting down and abandoning module GammaUI (116)
[2015.02.12-10.33.10:547][430]LogModuleManager: Shutting down and abandoning module Documentation (115)
[2015.02.12-10.33.10:547][430]LogModuleManager: Shutting down and abandoning module GameLiveStreaming (114)
[2015.02.12-10.33.10:547][430]LogModuleManager: Shutting down and abandoning module StreamingPauseRendering (113)
[2015.02.12-10.33.10:547][430]LogModuleManager: Shutting down and abandoning module HTTP (112)
[2015.02.12-10.33.10:547][430]LogModuleManager: Shutting down and abandoning module AnalyticsET (111)
[2015.02.12-10.33.10:547][430]LogModuleManager: Shutting down and abandoning module Analytics (110)
[2015.02.12-10.33.10:547][430]LogModuleManager: Shutting down and abandoning module AITestSuite (109)
[2015.02.12-10.33.10:547][430]LogModuleManager: Shutting down and abandoning module AIModule (108)
[2015.02.12-10.33.10:560][430]LogModuleManager: Shutting down and abandoning module ProfilerService (107)
[2015.02.12-10.33.10:801][430]LogModuleManager: Shutting down and abandoning module TaskGraph (106)
[2015.02.12-10.33.10:851][430]LogModuleManager: Shutting down and abandoning module GameplayDebugger (105)
[2015.02.12-10.33.10:851][430]LogModuleManager: Shutting down and abandoning module SlateRemote (104)
[2015.02.12-10.33.10:851][430]LogModuleManager: Shutting down and abandoning module ScriptEditorPlugin (103)
[2015.02.12-10.33.10:851][430]LogModuleManager: Shutting down and abandoning module CustomMeshComponent (102)
[2015.02.12-10.33.10:851][430]LogModuleManager: Shutting down and abandoning module CableComponent (101)
[2015.02.12-10.33.10:851][430]LogModuleManager: Shutting down and abandoning module MessagingDebugger (100)
[2015.02.12-10.33.10:873][430]LogModuleManager: Shutting down and abandoning module MediaPlayerEditor (99)
[2015.02.12-10.33.10:878][430]LogModuleManager: Shutting down and abandoning module SpeedTreeImporter (98)
[2015.02.12-10.33.10:878][430]LogModuleManager: Shutting down and abandoning module PluginsEditor (97)
[2015.02.12-10.33.10:878][430]LogModuleManager: Shutting down and abandoning module EpicSurvey (96)
[2015.02.12-10.33.10:878][430]LogModuleManager: Shutting down and abandoning module DesktopPlatform (95)
[2015.02.12-10.33.10:878][430]LogModuleManager: Shutting down and abandoning module VisualStudioSourceCodeAccess (94)
[2015.02.12-10.33.10:878][430]LogModuleManager: Shutting down and abandoning module UObjectPlugin (93)
[2015.02.12-10.33.10:878][430]LogModuleManager: Shutting down and abandoning module SubversionSourceControl (92)
[2015.02.12-10.33.10:878][430]LogModuleManager: Shutting down and abandoning module SourceControl (91)
[2015.02.12-10.33.10:878][430]LogModuleManager: Shutting down and abandoning module PerforceSourceControl (90)
[2015.02.12-10.33.10:892][430]LogModuleManager: Shutting down and abandoning module BlankPlugin (89)
[2015.02.12-10.33.10:892][430]LogModuleManager: Shutting down and abandoning module SlateReflector (88)
[2015.02.12-10.33.10:892][430]LogModuleManager: Shutting down and abandoning module DirectoryWatcher (87)
[2015.02.12-10.33.10:892][430]LogModuleManager: Shutting down and abandoning module HotReload (86)
[2015.02.12-10.33.10:893][430]LogModuleManager: Shutting down and abandoning module MainFrame (85)
[2015.02.12-10.33.10:893][430]LogModuleManager: Shutting down and abandoning module LevelEditor (84)
[2015.02.12-10.33.10:893][430]LogModuleManager: Shutting down and abandoning module ViewportSnapping (83)
[2015.02.12-10.33.10:893][430]LogModuleManager: Shutting down and abandoning module SmartSnapping (82)
[2015.02.12-10.33.10:893][430]LogModuleManager: Shutting down and abandoning module PaperTiledImporter (81)
[2015.02.12-10.33.10:893][430]LogModuleManager: Shutting down and abandoning module PaperJsonImporter (80)
[2015.02.12-10.33.10:893][430]LogModuleManager: Shutting down and abandoning module ContentBrowser (79)
[2015.02.12-10.33.10:893][430]LogModuleManager: Shutting down and abandoning module Paper2DEditor (78)
[2015.02.12-10.33.10:896][430]LogModuleManager: Shutting down and abandoning module ProjectExplorer (77)
[2015.02.12-10.33.10:896][430]LogModuleManager: Shutting down and abandoning module ScriptPlugin (76)
[2015.02.12-10.33.10:911][430]LogModuleManager: Shutting down and abandoning module UdpMessaging (75)
[2015.02.12-10.33.11:012][430]LogModuleManager: Shutting down and abandoning module Paper2D (74)
[2015.02.12-10.33.11:012][430]LogModuleManager: Shutting down and abandoning module WindowsMoviePlayer (73)
[2015.02.12-10.33.11:057][430]LogModuleManager: Shutting down and abandoning module Media (72)
[2015.02.12-10.33.11:057][430]LogModuleManager: Shutting down and abandoning module WmfMedia (71)
[2015.02.12-10.33.11:057][430]LogModuleManager: Shutting down and abandoning module OnlineBlueprintSupport (70)
[2015.02.12-10.33.11:057][430]LogModuleManager: Shutting down and abandoning module PropertyEditor (69)
[2015.02.12-10.33.11:057][430]LogModuleManager: Shutting down and abandoning module BehaviorTreeEditor (68)
[2015.02.12-10.33.11:105][430]LogModuleManager: Shutting down and abandoning module FunctionalTesting (67)
[2015.02.12-10.33.11:105][430]LogModuleManager: Shutting down and abandoning module CollisionAnalyzer (66)
[2015.02.12-10.33.11:130][430]LogModuleManager: Shutting down and abandoning module WorkspaceMenuStructure (65)
[2015.02.12-10.33.11:130][430]LogModuleManager: Shutting down and abandoning module MessageLog (64)
[2015.02.12-10.33.11:130][430]LogModuleManager: Shutting down and abandoning module Sequencer (63)
[2015.02.12-10.33.11:146][430]LogModuleManager: Shutting down and abandoning module AssetTools (62)
[2015.02.12-10.33.11:168][430]LogModuleManager: Shutting down and abandoning module UMGEditor (61)
[2015.02.12-10.33.11:168][430]LogModuleManager: Shutting down and abandoning module UMG (60)
[2015.02.12-10.33.11:207][430]LogModuleManager: Shutting down and abandoning module Slate (59)
[2015.02.12-10.33.11:207][430]LogModuleManager: Shutting down and abandoning module EditorStyle (58)
[2015.02.12-10.33.11:210][430]LogModuleManager: Shutting down and abandoning module SessionServices (57)
[2015.02.12-10.33.11:210][430]LogModuleManager: Shutting down and abandoning module SourceCodeAccess (56)
[2015.02.12-10.33.11:210][430]LogModuleManager: Shutting down and abandoning module HeadMountedDisplay (55)
[2015.02.12-10.33.11:210][430]LogModuleManager: Shutting down and abandoning module XAudio2 (54)
[2015.02.12-10.33.11:210][430]LogModuleManager: Shutting down and abandoning module Networking (52)
[2015.02.12-10.33.11:210][430]LogModuleManager: Shutting down and abandoning module Core (51)
[2015.02.12-10.33.11:210][430]LogModuleManager: Shutting down and abandoning module KismetCompiler (50)
[2015.02.12-10.33.11:210][430]LogModuleManager: Shutting down and abandoning module PhysXFormats (49)
[2015.02.12-10.33.11:210][430]LogModuleManager: Shutting down and abandoning module MeshUtilities (48)
[2015.02.12-10.33.11:239][430]LogModuleManager: Shutting down and abandoning module DerivedDataCache (47)
[2015.02.12-10.33.11:741][430]LogDerivedDataCache: Shutdown
[2015.02.12-10.33.11:741][430]LogModuleManager: Shutting down and abandoning module ShaderFormatOpenGL (46)
[2015.02.12-10.33.11:766][430]LogModuleManager: Shutting down and abandoning module ShaderFormatD3D (45)
[2015.02.12-10.33.11:766][430]LogModuleManager: Shutting down and abandoning module MetalShaderFormat (44)
[2015.02.12-10.33.11:781][430]LogModuleManager: Shutting down and abandoning module TextureFormatUncompressed (43)
[2015.02.12-10.33.11:781][430]LogModuleManager: Shutting down and abandoning module TextureFormatPVR (42)
[2015.02.12-10.33.11:781][430]LogModuleManager: Shutting down and abandoning module TextureFormatDXT (41)
[2015.02.12-10.33.11:781][430]LogModuleManager: Shutting down and abandoning module TextureFormatAndroid (40)
[2015.02.12-10.33.11:781][430]LogModuleManager: Shutting down and abandoning module AudioFormatOpus (39)
[2015.02.12-10.33.11:781][430]LogModuleManager: Shutting down and abandoning module AudioFormatOgg (38)
[2015.02.12-10.33.11:781][430]LogModuleManager: Shutting down and abandoning module AudioFormatADPCM (37)
[2015.02.12-10.33.11:781][430]LogModuleManager: Shutting down and abandoning module LinuxTargetPlatform (36)
[2015.02.12-10.33.11:781][430]LogModuleManager: Shutting down and abandoning module LinuxServerTargetPlatform (35)
[2015.02.12-10.33.11:781][430]LogModuleManager: Shutting down and abandoning module LinuxNoEditorTargetPlatform (34)
[2015.02.12-10.33.11:781][430]LogModuleManager: Shutting down and abandoning module Messaging (33)
[2015.02.12-10.33.11:781][430]LogModuleManager: Shutting down and abandoning module IOSTargetPlatform (32)
[2015.02.12-10.33.11:781][430]LogModuleManager: Shutting down and abandoning module Android_PVRTCTargetPlatform (31)
[2015.02.12-10.33.11:781][430]LogModuleManager: Shutting down and abandoning module Android_ETC2TargetPlatform (30)
[2015.02.12-10.33.11:781][430]LogModuleManager: Shutting down and abandoning module Android_ETC1TargetPlatform (29)
[2015.02.12-10.33.11:781][430]LogModuleManager: Shutting down and abandoning module Android_DXTTargetPlatform (28)
[2015.02.12-10.33.11:781][430]LogModuleManager: Shutting down and abandoning module Android_ATCTargetPlatform (27)
[2015.02.12-10.33.11:781][430]LogModuleManager: Shutting down and abandoning module AndroidTargetPlatform (26)
[2015.02.12-10.33.11:781][430]LogModuleManager: Shutting down and abandoning module WindowsTargetPlatform (25)
[2015.02.12-10.33.11:781][430]LogModuleManager: Shutting down and abandoning module WindowsServerTargetPlatform (24)
[2015.02.12-10.33.11:781][430]LogModuleManager: Shutting down and abandoning module WindowsNoEditorTargetPlatform (23)
[2015.02.12-10.33.11:781][430]LogModuleManager: Shutting down and abandoning module WindowsClientTargetPlatform (22)
[2015.02.12-10.33.11:781][430]LogModuleManager: Shutting down and abandoning module TargetPlatform (21)
[2015.02.12-10.33.11:781][430]LogModuleManager: Shutting down and abandoning module InputCore (20)
[2015.02.12-10.33.11:781][430]LogModuleManager: Shutting down and abandoning module Settings (19)
[2015.02.12-10.33.11:781][430]LogModuleManager: Shutting down and abandoning module ImageWrapper (18)
[2015.02.12-10.33.11:781][430]LogModuleManager: Shutting down and abandoning module OculusRift (15)
[2015.02.12-10.33.11:781][430]LogModuleManager: Shutting down and abandoning module ExampleDeviceProfileSelector (14)
[2015.02.12-10.33.11:781][430]LogModuleManager: Shutting down and abandoning module TextureCompressor (13)
[2015.02.12-10.33.11:781][430]LogModuleManager: Shutting down and abandoning module ShaderCore (12)
[2015.02.12-10.33.11:781][430]LogModuleManager: Shutting down and abandoning module Landscape (11)
[2015.02.12-10.33.11:781][430]LogModuleManager: Shutting down and abandoning module SlateRHIRenderer (10)
[2015.02.12-10.33.11:781][430]LogModuleManager: Shutting down and abandoning module OpenGLDrv (9)
[2015.02.12-10.33.11:781][430]LogModuleManager: Shutting down and abandoning module D3D11RHI (8)
[2015.02.12-10.33.11:781][430]LogModuleManager: Shutting down and abandoning module Renderer (7)
[2015.02.12-10.33.11:781][430]LogModuleManager: Shutting down and abandoning module Engine (6)
[2015.02.12-10.33.11:781][430]LogModuleManager: Shutting down and abandoning module CoreUObject (5)
[2015.02.12-10.33.11:781][430]LogModuleManager: Shutting down and abandoning module NetworkFile (4)
[2015.02.12-10.33.11:781][430]LogModuleManager: Shutting down and abandoning module StreamingFile (3)
[2015.02.12-10.33.11:781][430]LogModuleManager: Shutting down and abandoning module SandboxFile (2)
[2015.02.12-10.33.11:781][430]LogModuleManager: Shutting down and abandoning module PakFile (1)
[2015.02.12-10.33.11:782][430]LogExit: Exiting.
[2015.02.12-10.33.11:785][430]Log file closed, 02/12/15 11:33:11
