Log file open, 02/12/15 15:29:49
LogInit:Display: Running engine for game: ProjectExplorer
LogInit: Version: 4.6.1-2386410+++depot+UE4-Releases+4.6
LogInit: API Version: 2369412
LogInit: Compiled (64-bit): Dec 11 2014 21:31:39
LogInit: Compiled with Visual C++: 18.00.21005.01
LogInit: Build Configuration: Development
LogInit: Branch Name: ++depot+UE4-Releases+4.6
LogInit: Command line:  
LogInit: Base directory: C:/Program Files/Epic Games/4.6/Engine/Binaries/Win64/
LogInit: Rocket: 1
[2015.02.12-14.29.49:219][  0]LogTaskGraph: Started task graph with 3 named threads and 6 total threads.
[2015.02.12-14.29.49:270][  0]LogOnline:Warning: No default platform service specified for OnlineSubsystem
[2015.02.12-14.29.49:285][  0]LogInit: Presizing for 0 objects not considered by GC, pre-allocating 0 bytes.
[2015.02.12-14.29.49:291][  0]LogInit: Object subsystem initialized
[2015.02.12-14.29.49:293][  0]LogConsoleResponse:Warning: Skipping Unknown console variable: 'UIScaleRule = ShortestSide'
[2015.02.12-14.29.49:293][  0]LogConsoleResponse:Warning:   Found in ini file 'C:/Users/Christoffer/Documents/ProjectExplorer/ProjectExplorer/Saved/Config/Windows/Engine.ini', in section '[/Script/Engine.RendererSettings]'
[2015.02.12-14.29.49:293][  0]LogConsoleResponse:Warning: Skipping Unknown console variable: 'UIScaleCurve = (EditorCurveData=(Keys=),ExternalCurve=None)'
[2015.02.12-14.29.49:293][  0]LogConsoleResponse:Warning:   Found in ini file 'C:/Users/Christoffer/Documents/ProjectExplorer/ProjectExplorer/Saved/Config/Windows/Engine.ini', in section '[/Script/Engine.RendererSettings]'
[2015.02.12-14.29.49:293][  0]LogConsoleManager:Warning: Console variable 'r.MSAA.CompositingSampleCount' wasn't set (Priority ProjectSetting < Scalability)
[2015.02.12-14.29.49:293][  0]LogInit: Selected Device Profile: [Windows]
[2015.02.12-14.29.49:293][  0]LogInit: Applying CVar settings loaded from the selected device profile: [Windows]
[2015.02.12-14.29.49:298][  0]LogInit: Computer: KUKRUNAR
[2015.02.12-14.29.49:298][  0]LogInit: User: Christoffer
[2015.02.12-14.29.49:298][  0]LogInit: CPU Page size=4096, Cores=4
[2015.02.12-14.29.49:298][  0]LogInit: High frequency timer resolution =3.222681 MHz
[2015.02.12-14.29.49:298][  0]LogMemory: Memory total: Physical=8.0GB (8GB approx) Virtual=131072.0GB
[2015.02.12-14.29.49:298][  0]LogMemory: Platform Memory Stats for Windows
[2015.02.12-14.29.49:298][  0]LogMemory: Process Physical Memory: 48.27 MB used, 48.27 MB peak
[2015.02.12-14.29.49:298][  0]LogMemory: Process Virtual Memory: 24.11 MB used, 24.11 MB peak
[2015.02.12-14.29.49:298][  0]LogMemory: Physical Memory: 4193.65 MB used, 8168.95 MB total
[2015.02.12-14.29.49:298][  0]LogMemory: Virtual Memory: 269.83 MB used, 134217728.00 MB total
[2015.02.12-14.29.49:324][  0]LogD3D11RHI: Found D3D11 adapter 0: NVIDIA GeForce GTX 770 (Feature Level 11_0)
[2015.02.12-14.29.49:324][  0]LogD3D11RHI: Adapter has 4011MB of dedicated video memory, 0MB of dedicated system memory, and 4084MB of shared system memory, 1 output[s]
[2015.02.12-14.29.49:325][  0]LogD3D11RHI: Found D3D11 adapter 1: Microsoft Basic Render Driver (Feature Level 11_0)
[2015.02.12-14.29.49:325][  0]LogD3D11RHI: Adapter has 0MB of dedicated video memory, 0MB of dedicated system memory, and 256MB of shared system memory, 0 output[s]
[2015.02.12-14.29.49:325][  0]LogD3D11RHI: Chosen D3D11 Adapter Id = 0
[2015.02.12-14.29.49:327][  0]LogRHI: Texture pool is 1361 MB (70% of 1945 MB)
[2015.02.12-14.29.49:338][  0]LogD3D11RHI: Async texture creation enabled
[2015.02.12-14.29.49:393][  0]LogTextLocalizationManager: The requested culture ('sv_SE') has no localization data; falling back to 'en' for localization and internationalization data.
[2015.02.12-14.29.49:518][  0]LogContentStreaming: Texture pool size is 0.000000MB
[2015.02.12-14.29.53:895][  0]LogTargetPlatformManager:Display: Building Assets For Windows
[2015.02.12-14.29.54:266][  0]LogTargetPlatformManager:Display: Building Assets For Windows
[2015.02.12-14.29.54:308][  0]LogDerivedDataCache:Display: Max Cache Size: 512 MB
[2015.02.12-14.29.55:046][  0]LogDerivedDataCache: Loaded boot cache 0.74s 39MB C:/Users/Christoffer/AppData/Local/UnrealEngine/4.6/DerivedDataCache/Boot.ddc.
[2015.02.12-14.29.55:046][  0]LogDerivedDataCache:Display: Loaded Boot cache: C:/Users/Christoffer/AppData/Local/UnrealEngine/4.6/DerivedDataCache/Boot.ddc
[2015.02.12-14.29.55:046][  0]LogDerivedDataCache: FDerivedDataBackendGraph:  Pak pak cache file ../../../../../../Users/Christoffer/Documents/ProjectExplorer/ProjectExplorer/DerivedDataCache/DDC.ddp not found, will not use a pak cache.
[2015.02.12-14.29.55:046][  0]LogDerivedDataCache: Unable to find inner node Pak for hierarchical cache Hierarchy.
[2015.02.12-14.29.55:097][  0]LogDerivedDataCache:Display: Pak cache opened for reading ../../../Engine/DerivedDataCache/DDC.ddp.
[2015.02.12-14.29.55:110][  0]LogDerivedDataCache: Using Local data cache path C:/Users/Christoffer/AppData/Local/UnrealEngine/Common/DerivedDataCache: Writable
[2015.02.12-14.29.55:219][  0]LogCollisionProfile:Warning: Profile (UI) - Custom Channel Name = 'Weapon' hasn't been found
[2015.02.12-14.29.55:336][  0]LogMeshUtilities: No automatic mesh reduction module available
[2015.02.12-14.29.55:336][  0]LogMeshUtilities: No automatic mesh merging module available
[2015.02.12-14.29.55:642][  0]LogInit: WinSock: version 1.1 (2.2), MaxSocks=32767, MaxUdp=65467
[2015.02.12-14.29.55:689][  0]LogSlate:Warning: Failed to load font data from '../../../Engine/Content/Slate/Fonts/Roboto-Italic.ttf'
[2015.02.12-14.29.56:339][  0]UdpMessaging: Initializing bridge on interface 0.0.0.0:0 to multicast group 230.0.0.1:6666.
[2015.02.12-14.29.56:601][  0]SourceControl: Info Source control is disabled
[2015.02.12-14.29.56:601][  0]SourceControl: Info Source control is disabled
[2015.02.12-14.29.56:607][  0]SourceControl: Info Source control is disabled
[2015.02.12-14.29.56:704][  0]LogObj: 23762 objects as part of root set at end of initial load.
[2015.02.12-14.29.56:704][  0]LogUObjectAllocator: 5176184 out of 0 bytes used by permanent object pool.
[2015.02.12-14.29.56:751][  0]LogEngine: Initializing Engine...
[2015.02.12-14.29.56:867][  0]LogInit: XAudio2 using 'SAMSUNG-4 (NVIDIA High Definition Audio)' : 2 channels at 48 kHz using 16 bits per sample (channel mask 0x3)
[2015.02.12-14.29.56:872][  0]LogInit: FAudioDevice initialized.
[2015.02.12-14.29.56:888][  0]LogAIModule: Creating AISystem for world NewWorld
[2015.02.12-14.29.56:904][  0]LogDerivedDataCache: Saved boot cache 0.02s 39MB C:/Users/Christoffer/AppData/Local/UnrealEngine/4.6/DerivedDataCache/Boot.ddc.
[2015.02.12-14.29.56:908][  0]LogInit: Texture streaming: Enabled
[2015.02.12-14.29.56:930][  0]LogAnalytics: Creating configured Analytics provider AnalyticsET
[2015.02.12-14.29.56:930][  0]LogAnalytics: ET APIKey = Rocket.Release. APIServer = http://et2.epicgames.com/ET2/. AppVersion = 4.6.1-2386410+++depot+UE4-Releases+4.6
[2015.02.12-14.29.56:931][  0]LogAnalytics: SetUserId e46223e1b84009ca22d653c003e667e2
[2015.02.12-14.29.56:931][  0]LogAnalytics: AnalyticsET::StartSession [Rocket.Release]
[2015.02.12-14.29.56:944][  0]LogInit: Transaction tracking system initialized
[2015.02.12-14.29.57:018][  0]BlueprintLog: New page: Editor Load
[2015.02.12-14.29.57:043][  0]LogAssetRegistry: FAssetRegistry took 0.0106 seconds to start up
[2015.02.12-14.29.57:043][  0]LogDirectoryWatcher:Warning: Failed to begin reading directory changes for ../../../Engine/Plugins/Experimental/CharacterAI/Content/. Error: 0
[2015.02.12-14.29.57:446][  0]LogTargetPlatformManager:Display: Building Assets For Windows
[2015.02.12-14.29.57:756][  0]LogTargetPlatformManager:Display: Building Assets For Windows
[2015.02.12-14.29.57:900][  0]LogConsoleResponse:Display: 
[2015.02.12-14.29.57:939][  0]LogLinker:Warning: Asset '../../../Engine/Content/Functions/Engine_MaterialFunctions03/Procedurals/ComputeFilterWidth.uasset' has been saved with empty engine version. The asset will be loaded but may be incompatible.
[2015.02.12-14.29.58:092][  0]SourceControl: Info Source control is disabled
[2015.02.12-14.29.58:093][  0]Cmd: MAP LOAD FILE="../../../../../../Users/Christoffer/Documents/ProjectExplorer/ProjectExplorer/Content/Maps/Example_Map.umap" TEMPLATE=0 SHOWPROGRESS=1
[2015.02.12-14.29.58:093][  0]LogEditorServer:Warning: Can't find file '../../../../../../Users/Christoffer/Documents/ProjectExplorer/ProjectExplorer/Content/Maps/Example_Map.umap'
[2015.02.12-14.29.58:093][  0]Cmd: MAP CHECKDEP
[2015.02.12-14.29.58:093][  0]MapCheck: New page: Untitled_0 - Feb 12, 2015, 4:29:58 PM
[2015.02.12-14.29.58:157][  0]MapCheck: Info Map check complete: 0 Error(s), 0 Warning(s), took 64.542ms to complete.
[2015.02.12-14.29.58:157][  0]LogFileHelpers: Loading map 'Example_Map' took 0.065
[2015.02.12-14.29.58:238][  0]LogCollectionManager: Loaded 0 collections in 0.000750 seconds
[2015.02.12-14.29.58:316][  0]LogCrashTracker: Crashtracker disabled due to settings.
[2015.02.12-14.29.58:321][  0]LogUObjectGlobals:Warning: Failed to find object 'Class None.'
[2015.02.12-14.29.58:347][  0]LogLoad: Full Startup: 10.87 seconds (BP compile: 0.00 seconds)
[2015.02.12-14.29.58:688][  0]LogContentBrowser:Verbose: The content browser source was changed by the sources view to '/Game/Blueprints'
[2015.02.12-14.29.58:785][  0]LogRenderer:Warning: Reallocating scene render targets to support 1152x904.
[2015.02.12-14.30.25:762][873]LogAssetRegistry: Asset discovery search completed in 28.7308 seconds
[2015.02.12-14.30.27:577][ 14]LogContentBrowser:Verbose: The content browser source was changed by the sources view to '/Game'
[2015.02.12-14.30.28:758][155]LogContentBrowser:Verbose: The content browser source was changed by the sources view to '/Game/Maps'
[2015.02.12-14.30.31:370][391]Cmd: MAP LOAD FILE="../../../../../../Users/Christoffer/Documents/ProjectExplorer/ProjectExplorer/Content/Maps/House.umap" TEMPLATE=0 SHOWPROGRESS=1
[2015.02.12-14.30.31:370][391]LightingResults: New page: Lighting Build
[2015.02.12-14.30.31:398][391]LoadErrors: New page: Loading map: House.umap
[2015.02.12-14.30.31:398][391]MapCheck: New page: Map Check
[2015.02.12-14.30.31:399][391]LightingResults: New page: Lighting Build
[2015.02.12-14.30.31:404][391]LogParticles: Destroying 0 GPU particle simulations for FXSystem 0x00000077C3E35580
[2015.02.12-14.30.31:412][391]LogEditorServer: Finished looking for orphan Actors (0.000 secs)
[2015.02.12-14.30.31:412][391]LogAIModule: Creating AISystem for world House
[2015.02.12-14.30.31:434][391]Cmd: MAP CHECKDEP
[2015.02.12-14.30.31:434][391]MapCheck: New page: House - Feb 12, 2015, 4:30:31 PM
[2015.02.12-14.30.31:514][391]MapCheck: Info Map check complete: 0 Error(s), 0 Warning(s), took 79.585ms to complete.
[2015.02.12-14.30.31:514][391]LogFileHelpers: Loading map 'House' took 0.145
[2015.02.12-14.30.32:800][518]LogContentBrowser:Verbose: The content browser source was changed by the sources view to '/Game'
[2015.02.12-14.30.34:030][663]LogContentBrowser:Verbose: The content browser source was changed by the sources view to '/Game/Meshes'
[2015.02.12-14.30.35:812][873]LogContentBrowser:Verbose: The content browser source was changed by the sources view to '/Game'
[2015.02.12-14.30.46:631][131]LogPlayLevel: PIE:  No blueprints needed recompiling
[2015.02.12-14.30.46:631][131]PIE: New page: PIE session: House (Feb 12, 2015, 4:30:46 PM)
[2015.02.12-14.30.46:690][131]LogPlayLevel: PIE: StaticDuplicateObject took: (0.059184s)
[2015.02.12-14.30.46:691][131]LogPlayLevel: PIE: World Init took: (0.000834s)
[2015.02.12-14.30.46:691][131]LogPlayLevel: PIE: Created PIE world by copying editor world from /Game/Maps/House.House to /Game/Maps/UEDPIE_0_House.House (0.060269s)
[2015.02.12-14.30.46:868][131]BlueprintLog:Warning: Warning Blueprint MyHUD has been migrated and requires re-saving to avoid import errors
[2015.02.12-14.30.46:869][131]BlueprintLog:Warning: Warning Blueprint MyGame has been migrated and requires re-saving to avoid import errors
[2015.02.12-14.30.46:870][131]LogWorld: Game class is 'MyGame_C'
[2015.02.12-14.30.46:871][131]LogAIModule: Creating AISystem for world House
[2015.02.12-14.30.46:873][131]LogWorld: Bringing World /Game/Maps/UEDPIE_0_House.House up for play (max tick rate 0) at 2015.02.12-15.30.46
[2015.02.12-14.30.46:874][131]LogWorld: Bringing up level for play took: 0.002132
[2015.02.12-14.30.46:875][131]PIE: Info Play in editor start time for /Game/Maps/UEDPIE_0_House 0.697
[2015.02.12-14.32.54:126][ 92]LogParticles: Destroying 0 GPU particle simulations for FXSystem 0x00000077BAA4C0E0
[2015.02.12-14.32.56:216][323]LogEditorViewport: Clicking on Actor (LMB): Door_C (Door4)
[2015.02.12-14.33.00:911][776]LogContentBrowser:Verbose: The content browser source was changed by the sources view to '/Game/Blueprints'
[2015.02.12-14.33.57:818][505]BlueprintLog: New page: Pre-PIE auto-recompile
[2015.02.12-14.33.57:821][505]LogPlayLevel: [PIE] Compiling Tutorial_BP_MacroLib before PIE...
[2015.02.12-14.33.57:942][505]LogActorComponent: UnregisterComponent: (/Engine/Transient.ProjectileMovementComponent_0) Not registered. Aborting.
[2015.02.12-14.33.57:942][505]LogActorComponent: UnregisterComponent: (/Engine/Transient.CharacterMovementComponent_0) Not registered. Aborting.
[2015.02.12-14.33.57:963][505]LogPlayLevel: PIE:  Blueprint regeneration took 144 ms (1 blueprints)
[2015.02.12-14.33.57:963][505]PIE: New page: PIE session: House (Feb 12, 2015, 4:33:57 PM)
[2015.02.12-14.33.57:983][505]LogPlayLevel: PIE: StaticDuplicateObject took: (0.019544s)
[2015.02.12-14.33.57:984][505]LogPlayLevel: PIE: World Init took: (0.000780s)
[2015.02.12-14.33.57:984][505]LogPlayLevel: PIE: Created PIE world by copying editor world from /Game/Maps/House.House to /Game/Maps/UEDPIE_0_House.House (0.020490s)
[2015.02.12-14.33.58:026][505]LogWorld: Game class is 'MyGame_C'
[2015.02.12-14.33.58:027][505]LogAIModule: Creating AISystem for world House
[2015.02.12-14.33.58:029][505]LogWorld: Bringing World /Game/Maps/UEDPIE_0_House.House up for play (max tick rate 0) at 2015.02.12-15.33.58
[2015.02.12-14.33.58:030][505]LogWorld: Bringing up level for play took: 0.002036
[2015.02.12-14.33.58:031][505]PIE: Info Play in editor start time for /Game/Maps/UEDPIE_0_House -0.147
[2015.02.12-14.34.02:843][911]LogParticles: Destroying 0 GPU particle simulations for FXSystem 0x00000077BFDA9E40
[2015.02.12-14.34.06:286][159]LogRenderer:Warning: Reallocating scene render targets to support 1304x904.
[2015.02.12-14.34.10:659][500]LogEditorTransaction: Undo Mouse Drag
[2015.02.12-14.34.13:386][687]LogEditorTransaction: Redo Mouse Drag
[2015.02.12-14.34.23:712][478]Cmd: OBJ SAVEPACKAGE PACKAGE="/Game/Maps/House" FILE="../../../../../../Users/Christoffer/Documents/ProjectExplorer/ProjectExplorer/Content/Maps/House.umap" SILENT=true AUTOSAVING=false KEEPDIRTY=false
[2015.02.12-14.34.23:969][478]LogSavePackage: Save=197.437790ms
[2015.02.12-14.34.23:969][478]LogSavePackage: Moving '../../../../../../Users/Christoffer/Documents/ProjectExplorer/ProjectExplorer/Saved/HouseC8C2105F47C28D740B1BA4BCF45E3965.tmp' to '../../../../../../Users/Christoffer/Documents/ProjectExplorer/ProjectExplorer/Content/Maps/House.umap'
[2015.02.12-14.34.24:022][478]LogFileHelpers: Saving map 'House' took 0.435
[2015.02.12-14.34.24:043][478]Cmd: OBJ SAVEPACKAGE PACKAGE="/Game/Blueprints/Door" FILE="../../../../../../Users/Christoffer/Documents/ProjectExplorer/ProjectExplorer/Content/Blueprints/Door.uasset" SILENT=true
[2015.02.12-14.34.24:329][478]LogSavePackage: Save=281.306763ms
[2015.02.12-14.34.24:329][478]LogSavePackage: Moving '../../../../../../Users/Christoffer/Documents/ProjectExplorer/ProjectExplorer/Saved/DoorEB8BD9B14864F2F7A0E6D691DD9871A7.tmp' to '../../../../../../Users/Christoffer/Documents/ProjectExplorer/ProjectExplorer/Content/Blueprints/Door.uasset'
[2015.02.12-14.34.27:437][764]BlueprintLog: New page: Pre-PIE auto-recompile
[2015.02.12-14.34.27:448][764]LogPlayLevel: [PIE] Compiling Door before PIE...
[2015.02.12-14.34.27:555][764]LogPlayLevel: PIE:  Blueprint regeneration took 117 ms (1 blueprints)
[2015.02.12-14.34.27:555][764]PIE: New page: PIE session: House (Feb 12, 2015, 4:34:27 PM)
[2015.02.12-14.34.27:578][764]LogPlayLevel: PIE: StaticDuplicateObject took: (0.022641s)
[2015.02.12-14.34.27:578][764]LogPlayLevel: PIE: World Init took: (0.000649s)
[2015.02.12-14.34.27:578][764]LogPlayLevel: PIE: Created PIE world by copying editor world from /Game/Maps/House.House to /Game/Maps/UEDPIE_0_House.House (0.023445s)
[2015.02.12-14.34.27:622][764]LogWorld: Game class is 'MyGame_C'
[2015.02.12-14.34.27:623][764]LogAIModule: Creating AISystem for world House
[2015.02.12-14.34.27:625][764]LogWorld: Bringing World /Game/Maps/UEDPIE_0_House.House up for play (max tick rate 0) at 2015.02.12-15.34.27
[2015.02.12-14.34.27:626][764]LogWorld: Bringing up level for play took: 0.002047
[2015.02.12-14.34.27:627][764]PIE: Info Play in editor start time for /Game/Maps/UEDPIE_0_House -0.55
[2015.02.12-14.36.52:740][326]LogParticles: Destroying 0 GPU particle simulations for FXSystem 0x00000077D0ACEE80
[2015.02.12-14.36.52:740][326]LogParticles: Destroying 0 GPU particle simulations for FXSystem 0x00000077CA3089A0
[2015.02.12-14.36.53:279][377]LogPlayLevel: PIE:  No blueprints needed recompiling
[2015.02.12-14.36.53:279][377]PIE: New page: PIE session: House (Feb 12, 2015, 4:36:53 PM)
[2015.02.12-14.36.53:298][377]LogPlayLevel: PIE: StaticDuplicateObject took: (0.019023s)
[2015.02.12-14.36.53:299][377]LogPlayLevel: PIE: World Init took: (0.000743s)
[2015.02.12-14.36.53:299][377]LogPlayLevel: PIE: Created PIE world by copying editor world from /Game/Maps/House.House to /Game/Maps/UEDPIE_0_House.House (0.019984s)
[2015.02.12-14.36.53:340][377]LogWorld: Game class is 'MyGame_C'
[2015.02.12-14.36.53:341][377]LogAIModule: Creating AISystem for world House
[2015.02.12-14.36.53:342][377]LogWorld: Bringing World /Game/Maps/UEDPIE_0_House.House up for play (max tick rate 0) at 2015.02.12-15.36.53
[2015.02.12-14.36.53:343][377]LogWorld: Bringing up level for play took: 0.002000
[2015.02.12-14.36.53:344][377]PIE: Info Play in editor start time for /Game/Maps/UEDPIE_0_House -0.834
[2015.02.12-14.37.00:203][183]LogParticles: Destroying 0 GPU particle simulations for FXSystem 0x00000077CF1BEF20
[2015.02.12-14.37.48:970][546]LogContentBrowser:Verbose: The content browser source was changed by the sources view to '/Game'
[2015.02.12-14.37.50:297][682]LogContentBrowser:Verbose: The content browser source was changed by the sources view to '/Game/Textures'
[2015.02.12-14.37.51:711][825]LogContentBrowser:Verbose: The content browser source was changed by the sources view to '/Game/Textures/InteriorDoor'
[2015.02.12-14.38.11:313][162]LogContentBrowser:Verbose: The content browser source was changed by the sources view to '/Game/Textures'
[2015.02.12-14.38.14:250][414]LogActorComponent: UnregisterComponent: (/Engine/Transient.ProjectileMovementComponent_1) Not registered. Aborting.
[2015.02.12-14.38.14:250][414]LogActorComponent: UnregisterComponent: (/Engine/Transient.CharacterMovementComponent_1) Not registered. Aborting.
[2015.02.12-14.38.14:262][414]LogParticles: Destroying 0 GPU particle simulations for FXSystem 0x00000077CDEFB1A0
[2015.02.12-14.38.22:595][664]LogFactory: FactoryCreateBinary: Texture with TextureFactory (0 0 ../../../../../../Users/Christoffer/Documents/Maya/projects/Project_Explorer/scenes/InteriorDoor/Textures/InteriorDoor_D.tga)
[2015.02.12-14.38.23:262][664]0.000028 seconds to analyze Texture2D /Game/Textures/InteriorDoor_D.InteriorDoor_D

[2015.02.12-14.38.23:300][664]LogTexture:Display: Building textures: InteriorDoor_D (AutoDXT)
[2015.02.12-14.38.25:589][664]LogContentBrowser:Verbose: The content browser source was changed by the sources view to 'None'
[2015.02.12-14.38.25:589][664]LogContentBrowser:Verbose: The content browser source was changed by the sources view to '/Game/Textures'
[2015.02.12-14.38.26:396][745]LogContentBrowser:Verbose: The content browser source was changed by the sources view to '/Game/Textures/InteriorDoor'
[2015.02.12-14.38.27:482][836]LogMaterial: Missing cached shader map for material PreviewMaterial_0, compiling.
[2015.02.12-14.38.27:630][836]LogActorComponent: UnregisterComponent: (/Engine/Transient.SkeletalMeshComponent_4) Not registered. Aborting.
[2015.02.12-14.38.27:717][836]LogActorComponent: UnregisterComponent: (/Engine/Transient.SkeletalMeshComponent_4) Not registered. Aborting.
[2015.02.12-14.38.27:717][836]LogActorComponent: RegisterComponentWithWorld: (/Engine/Transient.MaterialEditorMeshComponent_0) Already registered. Aborting.
[2015.02.12-14.38.27:717][836]LogActorComponent: UnregisterComponent: (/Engine/Transient.SkeletalMeshComponent_4) Not registered. Aborting.
[2015.02.12-14.38.27:717][836]LogActorComponent: RegisterComponentWithWorld: (/Engine/Transient.MaterialEditorMeshComponent_0) Already registered. Aborting.
[2015.02.12-14.38.27:733][836]LogMaterial: Missing cached shader map for material PreviewMaterial_0, compiling.
[2015.02.12-14.38.27:801][836]LogMaterial: Missing cached shader map for material FMatExpressionPreview MaterialExpressionTextureSampleParameter2D_6, compiling.
[2015.02.12-14.38.27:810][836]LogMaterial: Missing cached shader map for material FMatExpressionPreview MaterialExpressionTextureSampleParameter2D_9, compiling.
[2015.02.12-14.38.27:812][836]LogMaterial: Missing cached shader map for material FMatExpressionPreview MaterialExpressionTextureSampleParameter2D_10, compiling.
[2015.02.12-14.38.27:847][836]LogMaterial: Missing cached shader map for material FMatExpressionPreview MaterialExpressionTextureSampleParameter2D_1, compiling.
[2015.02.12-14.38.27:991][836]LogMaterial: Missing cached shader map for material FMatExpressionPreview MaterialExpressionTextureSampleParameter2D_7, compiling.
[2015.02.12-14.38.31:834][ 27]MaterialEditorStats: Info Base pass shader with static lighting: 96 instructions
[2015.02.12-14.38.31:834][ 27]MaterialEditorStats: Info Base pass shader with only dynamic lighting: 62 instructions
[2015.02.12-14.38.31:834][ 27]MaterialEditorStats: Info Vertex shader: 33 instructions
[2015.02.12-14.38.31:834][ 27]MaterialEditorStats: Info Texture samplers: 7/16
[2015.02.12-14.38.36:446][310]LogMaterial: Missing cached shader map for material PreviewMaterial_0, compiling.
[2015.02.12-14.38.36:476][310]LogMaterial: Missing cached shader map for material FMatExpressionPreview MaterialExpressionTextureSampleParameter2D_6, compiling.
[2015.02.12-14.38.38:005][402]MaterialEditorStats: Info Base pass shader with static lighting: 96 instructions
[2015.02.12-14.38.38:005][402]MaterialEditorStats: Info Base pass shader with only dynamic lighting: 62 instructions
[2015.02.12-14.38.38:005][402]MaterialEditorStats: Info Vertex shader: 33 instructions
[2015.02.12-14.38.38:005][402]MaterialEditorStats: Info Texture samplers: 7/16
[2015.02.12-14.38.40:830][578]LogMaterialEditor: Applying material InteriorDoorMAT
[2015.02.12-14.38.41:926][578]LogMaterial: Missing cached shader map for material PreviewMaterial_0, compiling.
[2015.02.12-14.38.41:999][578]LogMaterial: Missing cached shader map for material InteriorDoorMAT, compiling.
[2015.02.12-14.38.42:064][578]LogMaterial: Missing cached shader map for material InteriorDoorMAT, compiling.
[2015.02.12-14.38.42:072][578]LogMaterial: 0.001725 seconds spent updating 1 materials, 1 interfaces, 0 instances, 0 with static permutations.
[2015.02.12-14.38.42:592][610]LogMaterialEditor: Saving and Compiling material InteriorDoorMAT
[2015.02.12-14.38.43:753][610]LogMaterial: Missing cached shader map for material PreviewMaterial_0, compiling.
[2015.02.12-14.38.43:883][610]LogMaterial: Missing cached shader map for material InteriorDoorMAT, compiling.
[2015.02.12-14.38.43:905][610]LogMaterial: Missing cached shader map for material InteriorDoorMAT, compiling.
[2015.02.12-14.38.43:914][610]LogMaterial: 0.001728 seconds spent updating 1 materials, 1 interfaces, 0 instances, 0 with static permutations.
[2015.02.12-14.38.46:754][610]LogSavePackage: Save=172.255646ms
[2015.02.12-14.38.46:754][610]LogSavePackage: Moving '../../../../../../Users/Christoffer/Documents/ProjectExplorer/ProjectExplorer/Saved/InteriorDoorMAT14AEFDD1460952B9AEA2728AAED7A1A7.tmp' to '../../../../../../Users/Christoffer/Documents/ProjectExplorer/ProjectExplorer/Content/Textures/InteriorDoor/InteriorDoorMAT.uasset'
[2015.02.12-14.38.46:760][610]MaterialEditorStats: Info Base pass shader with static lighting: 115 instructions
[2015.02.12-14.38.46:760][610]MaterialEditorStats: Info Base pass shader with only dynamic lighting: 81 instructions
[2015.02.12-14.38.46:760][610]MaterialEditorStats: Info Vertex shader: 33 instructions
[2015.02.12-14.38.46:760][610]MaterialEditorStats: Info Texture samplers: 8/16
[2015.02.12-14.38.49:939][846]LogPlayLevel: PIE:  No blueprints needed recompiling
[2015.02.12-14.38.49:939][846]PIE: New page: PIE session: House (Feb 12, 2015, 4:38:49 PM)
[2015.02.12-14.38.49:956][846]LogPlayLevel: PIE: StaticDuplicateObject took: (0.017109s)
[2015.02.12-14.38.49:957][846]LogPlayLevel: PIE: World Init took: (0.000746s)
[2015.02.12-14.38.49:957][846]LogPlayLevel: PIE: Created PIE world by copying editor world from /Game/Maps/House.House to /Game/Maps/UEDPIE_0_House.House (0.018095s)
[2015.02.12-14.38.49:993][846]LogWorld: Game class is 'MyGame_C'
[2015.02.12-14.38.49:994][846]LogAIModule: Creating AISystem for world House
[2015.02.12-14.38.49:996][846]LogWorld: Bringing World /Game/Maps/UEDPIE_0_House.House up for play (max tick rate 0) at 2015.02.12-15.38.49
[2015.02.12-14.38.49:996][846]LogWorld: Bringing up level for play took: 0.002018
[2015.02.12-14.38.49:997][846]PIE: Info Play in editor start time for /Game/Maps/UEDPIE_0_House -0.18
[2015.02.12-14.38.55:670][513]LogParticles: Destroying 0 GPU particle simulations for FXSystem 0x00000077C0B73240
[2015.02.12-14.38.55:671][513]LogParticles: Destroying 0 GPU particle simulations for FXSystem 0x00000077D34D0C20
[2015.02.12-14.38.57:382][678]LogEditorViewport: Clicking on Actor (LMB): Door_C (Door)
[2015.02.12-14.39.05:413][338]Cmd: OBJ SAVEPACKAGE PACKAGE="/Game/Maps/House" FILE="../../../../../../Users/Christoffer/Documents/ProjectExplorer/ProjectExplorer/Content/Maps/House.umap" SILENT=true AUTOSAVING=false KEEPDIRTY=false
[2015.02.12-14.39.05:484][338]LogSavePackage: Save=54.204559ms
[2015.02.12-14.39.05:484][338]LogSavePackage: Moving '../../../../../../Users/Christoffer/Documents/ProjectExplorer/ProjectExplorer/Saved/HouseD0A314664B0C5528B207B49F7680D625.tmp' to '../../../../../../Users/Christoffer/Documents/ProjectExplorer/ProjectExplorer/Content/Maps/House.umap'
[2015.02.12-14.39.05:523][338]LogFileHelpers: Saving map 'House' took 0.200
[2015.02.12-14.39.05:525][338]Cmd: OBJ SAVEPACKAGE PACKAGE="/Game/Blueprints/MyHUD" FILE="../../../../../../Users/Christoffer/Documents/ProjectExplorer/ProjectExplorer/Content/Blueprints/MyHUD.uasset" SILENT=true
[2015.02.12-14.39.05:539][338]LogSavePackage: Save=8.397356ms
[2015.02.12-14.39.05:539][338]LogSavePackage: Moving '../../../../../../Users/Christoffer/Documents/ProjectExplorer/ProjectExplorer/Saved/MyHUD817224184428E7AE3F4592A625A9DAB7.tmp' to '../../../../../../Users/Christoffer/Documents/ProjectExplorer/ProjectExplorer/Content/Blueprints/MyHUD.uasset'
[2015.02.12-14.39.05:581][338]Cmd: OBJ SAVEPACKAGE PACKAGE="/Game/Textures/InteriorDoor_D" FILE="../../../../../../Users/Christoffer/Documents/ProjectExplorer/ProjectExplorer/Content/Textures/InteriorDoor_D.uasset" SILENT=true
[2015.02.12-14.39.15:761][338]LogSavePackage: Save=10179.433594ms
[2015.02.12-14.39.15:761][338]LogSavePackage: Moving '../../../../../../Users/Christoffer/Documents/ProjectExplorer/ProjectExplorer/Saved/InteriorDoor_D1FD67C214E8EDCE17AC50D82025148D2.tmp' to '../../../../../../Users/Christoffer/Documents/ProjectExplorer/ProjectExplorer/Content/Textures/InteriorDoor_D.uasset'
[2015.02.12-14.39.55:607][121]LogTexture:Display: Building textures: InteriorDoor_D (AutoDXT)
[2015.02.12-14.39.58:200][121]LogTexture:Display: Building textures: InteriorDoor_D (AutoDXT)
[2015.02.12-14.40.05:633][435]LogTexture:Display: Building textures: InteriorDoor_D (AutoDXT)
[2015.02.12-14.40.07:891][435]LogTexture:Display: Building textures: InteriorDoor_D (AutoDXT)
[2015.02.12-14.40.16:088][909]Cmd: OBJ SAVEPACKAGE PACKAGE="/Game/Textures/InteriorDoor_D" FILE="../../../../../../Users/Christoffer/Documents/ProjectExplorer/ProjectExplorer/Content/Textures/InteriorDoor_D.uasset" SILENT=true
[2015.02.12-14.40.16:255][909]LogSavePackage: Save=159.204086ms
[2015.02.12-14.40.16:255][909]LogSavePackage: Moving '../../../../../../Users/Christoffer/Documents/ProjectExplorer/ProjectExplorer/Saved/InteriorDoor_DFFFFCCFD477F5190218F2F89A8CED4D9.tmp' to '../../../../../../Users/Christoffer/Documents/ProjectExplorer/ProjectExplorer/Content/Textures/InteriorDoor_D.uasset'
[2015.02.12-14.40.20:851][254]LogPlayLevel: PIE:  No blueprints needed recompiling
[2015.02.12-14.40.20:852][254]PIE: New page: PIE session: House (Feb 12, 2015, 4:40:20 PM)
[2015.02.12-14.40.20:868][254]LogPlayLevel: PIE: StaticDuplicateObject took: (0.016729s)
[2015.02.12-14.40.20:869][254]LogPlayLevel: PIE: World Init took: (0.000951s)
[2015.02.12-14.40.20:870][254]LogPlayLevel: PIE: Created PIE world by copying editor world from /Game/Maps/House.House to /Game/Maps/UEDPIE_0_House.House (0.017928s)
[2015.02.12-14.40.20:905][254]LogWorld: Game class is 'MyGame_C'
[2015.02.12-14.40.20:907][254]LogAIModule: Creating AISystem for world House
[2015.02.12-14.40.20:908][254]LogWorld: Bringing World /Game/Maps/UEDPIE_0_House.House up for play (max tick rate 0) at 2015.02.12-15.40.20
[2015.02.12-14.40.20:909][254]LogWorld: Bringing up level for play took: 0.002066
[2015.02.12-14.40.20:910][254]PIE: Info Play in editor start time for /Game/Maps/UEDPIE_0_House 0.733
[2015.02.12-14.40.26:734][943]LogCharacterMovement: MyCharacter_C_5 is stuck and failed to move!
[2015.02.12-14.42.06:441][936]LogParticles: Destroying 0 GPU particle simulations for FXSystem 0x00000077C3B7D4E0
[2015.02.12-14.42.07:939][ 61]LogEditorViewport: Clicking on Actor (LMB): Door_C (Door)
[2015.02.12-14.42.17:518][720]LogTexture:Display: Building textures: InteriorDoor_D (AutoDXT)
[2015.02.12-14.42.19:960][720]LogTexture:Display: Building textures: InteriorDoor_D (AutoDXT)
[2015.02.12-14.42.24:305][892]LogTexture:Display: Building textures: InteriorDoor_D (AutoDXT)
[2015.02.12-14.42.33:187][432]LogTexture:Display: Building textures: InteriorDoor_D (AutoDXT)
[2015.02.12-14.42.37:880][647]Cmd: OBJ SAVEPACKAGE PACKAGE="/Game/Textures/InteriorDoor_D" FILE="../../../../../../Users/Christoffer/Documents/ProjectExplorer/ProjectExplorer/Content/Textures/InteriorDoor_D.uasset" SILENT=true
[2015.02.12-14.42.38:027][647]LogSavePackage: Save=142.715958ms
[2015.02.12-14.42.38:027][647]LogSavePackage: Moving '../../../../../../Users/Christoffer/Documents/ProjectExplorer/ProjectExplorer/Saved/InteriorDoor_DAE17EE70460B114941D491BF5466875E.tmp' to '../../../../../../Users/Christoffer/Documents/ProjectExplorer/ProjectExplorer/Content/Textures/InteriorDoor_D.uasset'
[2015.02.12-14.42.42:034][981]LogPlayLevel: PIE:  No blueprints needed recompiling
[2015.02.12-14.42.42:034][981]PIE: New page: PIE session: House (Feb 12, 2015, 4:42:42 PM)
[2015.02.12-14.42.42:050][981]LogPlayLevel: PIE: StaticDuplicateObject took: (0.016335s)
[2015.02.12-14.42.42:051][981]LogPlayLevel: PIE: World Init took: (0.000772s)
[2015.02.12-14.42.42:051][981]LogPlayLevel: PIE: Created PIE world by copying editor world from /Game/Maps/House.House to /Game/Maps/UEDPIE_0_House.House (0.017328s)
[2015.02.12-14.42.42:088][981]LogWorld: Game class is 'MyGame_C'
[2015.02.12-14.42.42:090][981]LogAIModule: Creating AISystem for world House
[2015.02.12-14.42.42:091][981]LogWorld: Bringing World /Game/Maps/UEDPIE_0_House.House up for play (max tick rate 0) at 2015.02.12-15.42.42
[2015.02.12-14.42.42:092][981]LogWorld: Bringing up level for play took: 0.002080
[2015.02.12-14.42.42:093][981]PIE: Info Play in editor start time for /Game/Maps/UEDPIE_0_House -0.085
[2015.02.12-14.43.03:169][487]LogParticles: Destroying 0 GPU particle simulations for FXSystem 0x00000077C1F10220
[2015.02.12-14.45.07:512][292]LogEditorFactories: Performing atomic reimport of [C:/Users/Christoffer/Documents/Maya/projects/Project_Explorer/scenes/InteriorDoor/Textures/InteriorDoor_D.tga]
[2015.02.12-14.45.07:512][292]LogFactory: FactoryCreateBinary: Texture2D with ReimportTextureFactory (0 0 C:/Users/Christoffer/Documents/Maya/projects/Project_Explorer/scenes/InteriorDoor/Textures/InteriorDoor_D.tga)
[2015.02.12-14.45.07:601][292]LogTexture:Display: Building textures: InteriorDoor_D (AutoDXT)
[2015.02.12-14.45.10:230][292]LogEditorFactories: -- imported successfully
[2015.02.12-14.45.23:780][959]LogPlayLevel: PIE:  No blueprints needed recompiling
[2015.02.12-14.45.23:780][959]PIE: New page: PIE session: House (Feb 12, 2015, 4:45:23 PM)
[2015.02.12-14.45.23:797][959]LogPlayLevel: PIE: StaticDuplicateObject took: (0.017285s)
[2015.02.12-14.45.23:798][959]LogPlayLevel: PIE: World Init took: (0.000791s)
[2015.02.12-14.45.23:798][959]LogPlayLevel: PIE: Created PIE world by copying editor world from /Game/Maps/House.House to /Game/Maps/UEDPIE_0_House.House (0.018295s)
[2015.02.12-14.45.23:835][959]LogWorld: Game class is 'MyGame_C'
[2015.02.12-14.45.23:837][959]LogAIModule: Creating AISystem for world House
[2015.02.12-14.45.23:838][959]LogWorld: Bringing World /Game/Maps/UEDPIE_0_House.House up for play (max tick rate 0) at 2015.02.12-15.45.23
[2015.02.12-14.45.23:839][959]LogWorld: Bringing up level for play took: 0.002100
[2015.02.12-14.45.23:840][959]PIE: Info Play in editor start time for /Game/Maps/UEDPIE_0_House -0.338
[2015.02.12-14.45.48:621][897]LogParticles: Destroying 0 GPU particle simulations for FXSystem 0x00000077BFDA87C0
[2015.02.12-14.47.10:432][486]LogEditorFactories: Performing atomic reimport of [C:/Users/Christoffer/Documents/Maya/projects/Project_Explorer/scenes/InteriorDoor/Textures/InteriorDoor_D.tga]
[2015.02.12-14.47.10:432][486]LogFactory: FactoryCreateBinary: Texture2D with ReimportTextureFactory (0 0 C:/Users/Christoffer/Documents/Maya/projects/Project_Explorer/scenes/InteriorDoor/Textures/InteriorDoor_D.tga)
[2015.02.12-14.47.10:509][486]LogTexture:Display: Building textures: InteriorDoor_D (AutoDXT)
[2015.02.12-14.47.12:300][486]LogEditorFactories: -- imported successfully
[2015.02.12-14.47.14:764][691]LogPlayLevel: PIE:  No blueprints needed recompiling
[2015.02.12-14.47.14:764][691]PIE: New page: PIE session: House (Feb 12, 2015, 4:47:14 PM)
[2015.02.12-14.47.14:781][691]LogPlayLevel: PIE: StaticDuplicateObject took: (0.016396s)
[2015.02.12-14.47.14:782][691]LogPlayLevel: PIE: World Init took: (0.000732s)
[2015.02.12-14.47.14:782][691]LogPlayLevel: PIE: Created PIE world by copying editor world from /Game/Maps/House.House to /Game/Maps/UEDPIE_0_House.House (0.017309s)
[2015.02.12-14.47.14:820][691]LogWorld: Game class is 'MyGame_C'
[2015.02.12-14.47.14:822][691]LogAIModule: Creating AISystem for world House
[2015.02.12-14.47.14:823][691]LogWorld: Bringing World /Game/Maps/UEDPIE_0_House.House up for play (max tick rate 0) at 2015.02.12-15.47.14
[2015.02.12-14.47.14:824][691]LogWorld: Bringing up level for play took: 0.002046
[2015.02.12-14.47.14:825][691]PIE: Info Play in editor start time for /Game/Maps/UEDPIE_0_House 0.647
[2015.02.12-14.47.53:494][974]LogParticles: Destroying 0 GPU particle simulations for FXSystem 0x00000077D3D300E0
[2015.02.12-14.48.00:155][518]LogTexture:Display: Building textures: InteriorDoor_D (AutoDXT)
[2015.02.12-14.48.05:920][823]LogTexture:Display: Building textures: InteriorDoor_D (AutoDXT)
[2015.02.12-14.48.10:473][ 35]LogTexture:Display: Building textures: InteriorDoor_D (AutoDXT)
[2015.02.12-14.48.20:355][539]LogTexture:Display: Building textures: InteriorDoor_D (AutoDXT)
[2015.02.12-14.48.22:319][539]LogTexture:Display: Building textures: InteriorDoor_D (AutoDXT)
[2015.02.12-14.48.24:301][539]LogTexture:Display: Building textures: InteriorDoor_D (AutoDXT)
[2015.02.12-14.48.28:573][729]LogTexture:Display: Building textures: InteriorDoor_D (AutoDXT)
[2015.02.12-14.48.32:516][897]LogTexture:Display: Building textures: InteriorDoor_D (AutoDXT)
[2015.02.12-14.48.34:413][897]LogTexture:Display: Building textures: InteriorDoor_D (AutoDXT)
[2015.02.12-14.48.38:031][ 38]LogTexture:Display: Building textures: InteriorDoor_D (AutoDXT)
[2015.02.12-14.48.45:753][337]LogTexture:Display: Building textures: InteriorDoor_D (AutoDXT)
[2015.02.12-14.48.51:779][571]LogTexture:Display: Building textures: InteriorDoor_D (AutoDXT)
[2015.02.12-14.49.02:843][990]LogTexture:Display: Building textures: InteriorDoor_D (AutoDXT)
[2015.02.12-14.49.08:166][277]LogTexture:Display: Building textures: InteriorDoor_D (AutoDXT)
[2015.02.12-14.49.15:013][642]LogTexture:Display: Building textures: InteriorDoor_D (AutoDXT)
[2015.02.12-14.49.17:773][716]LogTexture:Display: Building textures: InteriorDoor_D (AutoDXT)
[2015.02.12-14.49.27:314][343]LogTexture:Display: Building textures: InteriorDoor_D (AutoDXT)
[2015.02.12-14.49.32:864][625]LogTexture:Display: Building textures: InteriorDoor_D (AutoDXT)
[2015.02.12-14.49.46:826][471]LogPlayLevel: PIE:  No blueprints needed recompiling
[2015.02.12-14.49.46:826][471]PIE: New page: PIE session: House (Feb 12, 2015, 4:49:46 PM)
[2015.02.12-14.49.46:843][471]LogPlayLevel: PIE: StaticDuplicateObject took: (0.016493s)
[2015.02.12-14.49.46:844][471]LogPlayLevel: PIE: World Init took: (0.000817s)
[2015.02.12-14.49.46:844][471]LogPlayLevel: PIE: Created PIE world by copying editor world from /Game/Maps/House.House to /Game/Maps/UEDPIE_0_House.House (0.017541s)
[2015.02.12-14.49.46:882][471]LogWorld: Game class is 'MyGame_C'
[2015.02.12-14.49.46:883][471]LogAIModule: Creating AISystem for world House
[2015.02.12-14.49.46:884][471]LogWorld: Bringing World /Game/Maps/UEDPIE_0_House.House up for play (max tick rate 0) at 2015.02.12-15.49.46
[2015.02.12-14.49.46:885][471]LogWorld: Bringing up level for play took: 0.002038
[2015.02.12-14.49.46:886][471]PIE: Info Play in editor start time for /Game/Maps/UEDPIE_0_House 0.709
[2015.02.12-14.50.16:126][933]LogParticles: Destroying 0 GPU particle simulations for FXSystem 0x00000077D07ADE40
[2015.02.12-14.50.18:345][123]LogEditorViewport: Clicking on Actor (LMB): Door_C (Door)
[2015.02.12-14.50.53:665][660]LogEditorFactories: Performing atomic reimport of [C:/Users/Christoffer/Documents/Maya/projects/Project_Explorer/scenes/InteriorDoor/Textures/InteriorDoor_D.tga]
[2015.02.12-14.50.53:665][660]LogFactory: FactoryCreateBinary: Texture2D with ReimportTextureFactory (0 0 C:/Users/Christoffer/Documents/Maya/projects/Project_Explorer/scenes/InteriorDoor/Textures/InteriorDoor_D.tga)
[2015.02.12-14.50.53:722][660]LogTexture:Display: Building textures: InteriorDoor_D (AutoDXT)
[2015.02.12-14.50.56:019][660]LogEditorFactories: -- imported successfully
[2015.02.12-14.51.02:336][174]LogTexture:Display: Building textures: InteriorDoor_D (AutoDXT)
[2015.02.12-14.51.08:104][360]Cmd: OBJ SAVEPACKAGE PACKAGE="/Game/Textures/InteriorDoor_D" FILE="../../../../../../Users/Christoffer/Documents/ProjectExplorer/ProjectExplorer/Content/Textures/InteriorDoor_D.uasset" SILENT=true
[2015.02.12-14.51.18:240][360]LogSavePackage: Save=10127.597656ms
[2015.02.12-14.51.18:240][360]LogSavePackage: Moving '../../../../../../Users/Christoffer/Documents/ProjectExplorer/ProjectExplorer/Saved/InteriorDoor_D0E031187437856C8F682EB97333088BE.tmp' to '../../../../../../Users/Christoffer/Documents/ProjectExplorer/ProjectExplorer/Content/Textures/InteriorDoor_D.uasset'
[2015.02.12-14.51.23:775][612]LogPlayLevel: PIE:  No blueprints needed recompiling
[2015.02.12-14.51.23:775][612]PIE: New page: PIE session: House (Feb 12, 2015, 4:51:23 PM)
[2015.02.12-14.51.23:791][612]LogPlayLevel: PIE: StaticDuplicateObject took: (0.016517s)
[2015.02.12-14.51.23:792][612]LogPlayLevel: PIE: World Init took: (0.000752s)
[2015.02.12-14.51.23:792][612]LogPlayLevel: PIE: Created PIE world by copying editor world from /Game/Maps/House.House to /Game/Maps/UEDPIE_0_House.House (0.017444s)
[2015.02.12-14.51.23:834][612]LogWorld: Game class is 'MyGame_C'
[2015.02.12-14.51.23:836][612]LogAIModule: Creating AISystem for world House
[2015.02.12-14.51.23:837][612]LogWorld: Bringing World /Game/Maps/UEDPIE_0_House.House up for play (max tick rate 0) at 2015.02.12-15.51.23
[2015.02.12-14.51.23:838][612]LogWorld: Bringing up level for play took: 0.002070
[2015.02.12-14.51.23:839][612]PIE: Info Play in editor start time for /Game/Maps/UEDPIE_0_House -0.339
[2015.02.12-14.51.39:568][471]LogParticles: Destroying 0 GPU particle simulations for FXSystem 0x00000077BCEB8220
[2015.02.12-14.51.44:234][903]Cmd: QUIT_EDITOR
[2015.02.12-14.51.44:501][903]LogExit: Preparing to exit.
[2015.02.12-14.51.45:715][903]LogExit: Editor shut down
[2015.02.12-14.51.45:715][903]LogExit: Transaction tracking system shut down
[2015.02.12-14.51.45:716][903]LogParticles: Destroying 0 GPU particle simulations for FXSystem 0x00000077BEC1CCC0
[2015.02.12-14.51.45:716][903]LogParticles: Destroying 0 GPU particle simulations for FXSystem 0x00000077BEC1C900
[2015.02.12-14.51.45:716][903]LogParticles: Destroying 0 GPU particle simulations for FXSystem 0x00000077BEC44EA0
[2015.02.12-14.51.45:716][903]LogParticles: Destroying 0 GPU particle simulations for FXSystem 0x00000077C418E5C0
[2015.02.12-14.51.45:755][903]LogExit: Object subsystem successfully closed.
[2015.02.12-14.51.45:803][903]LogModuleManager: Shutting down and abandoning module TextureEditor (174)
[2015.02.12-14.51.45:803][903]LogModuleManager: Shutting down and abandoning module MaterialEditor (173)
[2015.02.12-14.51.45:803][903]LogModuleManager: Shutting down and abandoning module StatsViewer (172)
[2015.02.12-14.51.45:803][903]LogModuleManager: Shutting down and abandoning module AndroidDeviceDetection (171)
[2015.02.12-14.51.45:803][903]LogModuleManager: Shutting down and abandoning module CrashTracker (170)
[2015.02.12-14.51.45:803][903]LogModuleManager: Shutting down and abandoning module SuperSearch (169)
[2015.02.12-14.51.45:803][903]LogModuleManager: Shutting down and abandoning module SceneOutliner (168)
[2015.02.12-14.51.45:803][903]LogModuleManager: Shutting down and abandoning module EditorWidgets (167)
[2015.02.12-14.51.45:803][903]LogModuleManager: Shutting down and abandoning module CollectionManager (166)
[2015.02.12-14.51.45:803][903]LogModuleManager: Shutting down and abandoning module FoliageEdit (165)
[2015.02.12-14.51.45:803][903]LogModuleManager: Shutting down and abandoning module LandscapeEditor (164)
[2015.02.12-14.51.45:803][903]LogModuleManager: Shutting down and abandoning module MeshPaint (163)
[2015.02.12-14.51.45:803][903]LogModuleManager: Shutting down and abandoning module ActorPickerMode (162)
[2015.02.12-14.51.45:803][903]LogModuleManager: Shutting down and abandoning module GeometryMode (161)
[2015.02.12-14.51.45:803][903]LogModuleManager: Shutting down and abandoning module TextureAlignMode (160)
[2015.02.12-14.51.45:803][903]LogModuleManager: Shutting down and abandoning module BspMode (159)
[2015.02.12-14.51.45:803][903]LogModuleManager: Shutting down and abandoning module PlacementMode (158)
[2015.02.12-14.51.45:803][903]LogModuleManager: Shutting down and abandoning module AutomationWorker (157)
[2015.02.12-14.51.45:803][903]LogModuleManager: Shutting down and abandoning module CharacterAI (156)
[2015.02.12-14.51.45:803][903]LogModuleManager: Shutting down and abandoning module GameProjectGeneration (155)
[2015.02.12-14.51.45:803][903]LogModuleManager: Shutting down and abandoning module IntroTutorials (154)
[2015.02.12-14.51.45:803][903]LogModuleManager: Shutting down and abandoning module EditorLiveStreaming (153)
[2015.02.12-14.51.45:803][903]LogModuleManager: Shutting down and abandoning module HardwareTargeting (152)
[2015.02.12-14.51.45:803][903]LogModuleManager: Shutting down and abandoning module DeviceProfileEditor (151)
[2015.02.12-14.51.45:803][903]LogModuleManager: Shutting down and abandoning module UndoHistory (150)
[2015.02.12-14.51.45:803][903]LogModuleManager: Shutting down and abandoning module GameplayTagsEditor (149)
[2015.02.12-14.51.45:803][903]LogModuleManager: Shutting down and abandoning module UserFeedback (148)
[2015.02.12-14.51.45:803][903]LogModuleManager: Shutting down and abandoning module XmlParser (147)
[2015.02.12-14.51.45:803][903]LogModuleManager: Shutting down and abandoning module Blutility (146)
[2015.02.12-14.51.45:803][903]LogModuleManager: Shutting down and abandoning module IOSPlatformEditor (145)
[2015.02.12-14.51.45:803][903]LogModuleManager: Shutting down and abandoning module IOSRuntimeSettings (144)
[2015.02.12-14.51.45:803][903]LogModuleManager: Shutting down and abandoning module AndroidPlatformEditor (143)
[2015.02.12-14.51.45:803][903]LogModuleManager: Shutting down and abandoning module AndroidRuntimeSettings (142)
[2015.02.12-14.51.45:803][903]LogModuleManager: Shutting down and abandoning module ProjectTargetPlatformEditor (141)
[2015.02.12-14.51.45:803][903]LogModuleManager: Shutting down and abandoning module ProjectSettingsViewer (140)
[2015.02.12-14.51.45:803][903]LogModuleManager: Shutting down and abandoning module InputBindingEditor (139)
[2015.02.12-14.51.45:803][903]LogModuleManager: Shutting down and abandoning module EditorSettingsViewer (138)
[2015.02.12-14.51.45:803][903]LogModuleManager: Shutting down and abandoning module SettingsEditor (137)
[2015.02.12-14.51.45:803][903]LogModuleManager: Shutting down and abandoning module ProjectLauncher (136)
[2015.02.12-14.51.45:803][903]LogModuleManager: Shutting down and abandoning module SessionFrontend (135)
[2015.02.12-14.51.45:803][903]LogModuleManager: Shutting down and abandoning module ProfilerClient (134)
[2015.02.12-14.51.45:803][903]LogModuleManager: Shutting down and abandoning module TargetDeviceServices (133)
[2015.02.12-14.51.45:803][903]LogModuleManager: Shutting down and abandoning module DeviceManager (132)
[2015.02.12-14.51.45:803][903]LogModuleManager: Shutting down and abandoning module AutomationController (131)
[2015.02.12-14.51.45:803][903]LogModuleManager: Shutting down and abandoning module AutomationWindow (130)
[2015.02.12-14.51.45:803][903]LogModuleManager: Shutting down and abandoning module Layers (129)
[2015.02.12-14.51.45:804][903]LogModuleManager: Shutting down and abandoning module ComponentVisualizers (128)
[2015.02.12-14.51.45:804][903]LogModuleManager: Shutting down and abandoning module DetailCustomizations (127)
[2015.02.12-14.51.45:804][903]LogModuleManager: Shutting down and abandoning module PackagesDialog (126)
[2015.02.12-14.51.45:804][903]LogModuleManager: Shutting down and abandoning module AssetRegistry (125)
[2015.02.12-14.51.45:885][903]LogModuleManager: Shutting down and abandoning module Persona (124)
[2015.02.12-14.51.45:885][903]LogModuleManager: Shutting down and abandoning module Kismet (123)
[2015.02.12-14.51.45:885][903]LogModuleManager: Shutting down and abandoning module GraphEditor (122)
[2015.02.12-14.51.45:885][903]LogModuleManager: Shutting down and abandoning module ClassViewer (121)
[2015.02.12-14.51.45:885][903]LogModuleManager: Shutting down and abandoning module Toolbox (120)
[2015.02.12-14.51.45:885][903]LogModuleManager: Shutting down and abandoning module ModuleUI (119)
[2015.02.12-14.51.45:885][903]LogModuleManager: Shutting down and abandoning module MovieSceneTools (118)
[2015.02.12-14.51.45:885][903]LogModuleManager: Shutting down and abandoning module OutputLog (117)
[2015.02.12-14.51.45:885][903]LogModuleManager: Shutting down and abandoning module GammaUI (116)
[2015.02.12-14.51.45:885][903]LogModuleManager: Shutting down and abandoning module Documentation (115)
[2015.02.12-14.51.45:885][903]LogModuleManager: Shutting down and abandoning module GameLiveStreaming (114)
[2015.02.12-14.51.45:885][903]LogModuleManager: Shutting down and abandoning module StreamingPauseRendering (113)
[2015.02.12-14.51.45:885][903]LogModuleManager: Shutting down and abandoning module HTTP (112)
[2015.02.12-14.51.45:885][903]LogModuleManager: Shutting down and abandoning module AnalyticsET (111)
[2015.02.12-14.51.45:885][903]LogModuleManager: Shutting down and abandoning module Analytics (110)
[2015.02.12-14.51.45:885][903]LogModuleManager: Shutting down and abandoning module AITestSuite (109)
[2015.02.12-14.51.45:885][903]LogModuleManager: Shutting down and abandoning module AIModule (108)
[2015.02.12-14.51.45:885][903]LogModuleManager: Shutting down and abandoning module ProfilerService (107)
[2015.02.12-14.51.46:119][903]LogModuleManager: Shutting down and abandoning module TaskGraph (106)
[2015.02.12-14.51.46:119][903]LogModuleManager: Shutting down and abandoning module GameplayDebugger (105)
[2015.02.12-14.51.46:119][903]LogModuleManager: Shutting down and abandoning module SlateRemote (104)
[2015.02.12-14.51.46:119][903]LogModuleManager: Shutting down and abandoning module ScriptEditorPlugin (103)
[2015.02.12-14.51.46:119][903]LogModuleManager: Shutting down and abandoning module CustomMeshComponent (102)
[2015.02.12-14.51.46:119][903]LogModuleManager: Shutting down and abandoning module CableComponent (101)
[2015.02.12-14.51.46:119][903]LogModuleManager: Shutting down and abandoning module MessagingDebugger (100)
[2015.02.12-14.51.46:119][903]LogModuleManager: Shutting down and abandoning module MediaPlayerEditor (99)
[2015.02.12-14.51.46:119][903]LogModuleManager: Shutting down and abandoning module SpeedTreeImporter (98)
[2015.02.12-14.51.46:119][903]LogModuleManager: Shutting down and abandoning module PluginsEditor (97)
[2015.02.12-14.51.46:119][903]LogModuleManager: Shutting down and abandoning module EpicSurvey (96)
[2015.02.12-14.51.46:119][903]LogModuleManager: Shutting down and abandoning module DesktopPlatform (95)
[2015.02.12-14.51.46:119][903]LogModuleManager: Shutting down and abandoning module VisualStudioSourceCodeAccess (94)
[2015.02.12-14.51.46:119][903]LogModuleManager: Shutting down and abandoning module UObjectPlugin (93)
[2015.02.12-14.51.46:119][903]LogModuleManager: Shutting down and abandoning module SubversionSourceControl (92)
[2015.02.12-14.51.46:119][903]LogModuleManager: Shutting down and abandoning module SourceControl (91)
[2015.02.12-14.51.46:119][903]LogModuleManager: Shutting down and abandoning module PerforceSourceControl (90)
[2015.02.12-14.51.46:119][903]LogModuleManager: Shutting down and abandoning module BlankPlugin (89)
[2015.02.12-14.51.46:119][903]LogModuleManager: Shutting down and abandoning module SlateReflector (88)
[2015.02.12-14.51.46:119][903]LogModuleManager: Shutting down and abandoning module DirectoryWatcher (87)
[2015.02.12-14.51.46:119][903]LogModuleManager: Shutting down and abandoning module HotReload (86)
[2015.02.12-14.51.46:119][903]LogModuleManager: Shutting down and abandoning module MainFrame (85)
[2015.02.12-14.51.46:119][903]LogModuleManager: Shutting down and abandoning module LevelEditor (84)
[2015.02.12-14.51.46:120][903]LogModuleManager: Shutting down and abandoning module ViewportSnapping (83)
[2015.02.12-14.51.46:120][903]LogModuleManager: Shutting down and abandoning module SmartSnapping (82)
[2015.02.12-14.51.46:120][903]LogModuleManager: Shutting down and abandoning module PaperTiledImporter (81)
[2015.02.12-14.51.46:120][903]LogModuleManager: Shutting down and abandoning module PaperJsonImporter (80)
[2015.02.12-14.51.46:120][903]LogModuleManager: Shutting down and abandoning module ContentBrowser (79)
[2015.02.12-14.51.46:120][903]LogModuleManager: Shutting down and abandoning module Paper2DEditor (78)
[2015.02.12-14.51.46:120][903]LogModuleManager: Shutting down and abandoning module ProjectExplorer (77)
[2015.02.12-14.51.46:120][903]LogModuleManager: Shutting down and abandoning module ScriptPlugin (76)
[2015.02.12-14.51.46:120][903]LogModuleManager: Shutting down and abandoning module UdpMessaging (75)
[2015.02.12-14.51.46:221][903]LogModuleManager: Shutting down and abandoning module Paper2D (74)
[2015.02.12-14.51.46:221][903]LogModuleManager: Shutting down and abandoning module WindowsMoviePlayer (73)
[2015.02.12-14.51.46:222][903]LogModuleManager: Shutting down and abandoning module Media (72)
[2015.02.12-14.51.46:222][903]LogModuleManager: Shutting down and abandoning module WmfMedia (71)
[2015.02.12-14.51.46:222][903]LogModuleManager: Shutting down and abandoning module OnlineBlueprintSupport (70)
[2015.02.12-14.51.46:222][903]LogModuleManager: Shutting down and abandoning module PropertyEditor (69)
[2015.02.12-14.51.46:222][903]LogModuleManager: Shutting down and abandoning module BehaviorTreeEditor (68)
[2015.02.12-14.51.46:222][903]LogModuleManager: Shutting down and abandoning module FunctionalTesting (67)
[2015.02.12-14.51.46:222][903]LogModuleManager: Shutting down and abandoning module CollisionAnalyzer (66)
[2015.02.12-14.51.46:222][903]LogModuleManager: Shutting down and abandoning module WorkspaceMenuStructure (65)
[2015.02.12-14.51.46:222][903]LogModuleManager: Shutting down and abandoning module MessageLog (64)
[2015.02.12-14.51.46:223][903]LogModuleManager: Shutting down and abandoning module Sequencer (63)
[2015.02.12-14.51.46:223][903]LogModuleManager: Shutting down and abandoning module AssetTools (62)
[2015.02.12-14.51.46:223][903]LogModuleManager: Shutting down and abandoning module UMGEditor (61)
[2015.02.12-14.51.46:223][903]LogModuleManager: Shutting down and abandoning module UMG (60)
[2015.02.12-14.51.46:223][903]LogModuleManager: Shutting down and abandoning module Slate (59)
[2015.02.12-14.51.46:223][903]LogModuleManager: Shutting down and abandoning module EditorStyle (58)
[2015.02.12-14.51.46:226][903]LogModuleManager: Shutting down and abandoning module SessionServices (57)
[2015.02.12-14.51.46:226][903]LogModuleManager: Shutting down and abandoning module SourceCodeAccess (56)
[2015.02.12-14.51.46:226][903]LogModuleManager: Shutting down and abandoning module HeadMountedDisplay (55)
[2015.02.12-14.51.46:226][903]LogModuleManager: Shutting down and abandoning module XAudio2 (54)
[2015.02.12-14.51.46:226][903]LogModuleManager: Shutting down and abandoning module Networking (52)
[2015.02.12-14.51.46:226][903]LogModuleManager: Shutting down and abandoning module Core (51)
[2015.02.12-14.51.46:226][903]LogModuleManager: Shutting down and abandoning module KismetCompiler (50)
[2015.02.12-14.51.46:226][903]LogModuleManager: Shutting down and abandoning module PhysXFormats (49)
[2015.02.12-14.51.46:226][903]LogModuleManager: Shutting down and abandoning module MeshUtilities (48)
[2015.02.12-14.51.46:226][903]LogModuleManager: Shutting down and abandoning module DerivedDataCache (47)
[2015.02.12-14.51.46:258][903]LogDerivedDataCache: Shutdown
[2015.02.12-14.51.46:258][903]LogModuleManager: Shutting down and abandoning module ShaderFormatOpenGL (46)
[2015.02.12-14.51.46:258][903]LogModuleManager: Shutting down and abandoning module ShaderFormatD3D (45)
[2015.02.12-14.51.46:258][903]LogModuleManager: Shutting down and abandoning module MetalShaderFormat (44)
[2015.02.12-14.51.46:258][903]LogModuleManager: Shutting down and abandoning module TextureFormatUncompressed (43)
[2015.02.12-14.51.46:258][903]LogModuleManager: Shutting down and abandoning module TextureFormatPVR (42)
[2015.02.12-14.51.46:258][903]LogModuleManager: Shutting down and abandoning module TextureFormatDXT (41)
[2015.02.12-14.51.46:258][903]LogModuleManager: Shutting down and abandoning module TextureFormatAndroid (40)
[2015.02.12-14.51.46:258][903]LogModuleManager: Shutting down and abandoning module AudioFormatOpus (39)
[2015.02.12-14.51.46:258][903]LogModuleManager: Shutting down and abandoning module AudioFormatOgg (38)
[2015.02.12-14.51.46:258][903]LogModuleManager: Shutting down and abandoning module AudioFormatADPCM (37)
[2015.02.12-14.51.46:258][903]LogModuleManager: Shutting down and abandoning module LinuxTargetPlatform (36)
[2015.02.12-14.51.46:258][903]LogModuleManager: Shutting down and abandoning module LinuxServerTargetPlatform (35)
[2015.02.12-14.51.46:258][903]LogModuleManager: Shutting down and abandoning module LinuxNoEditorTargetPlatform (34)
[2015.02.12-14.51.46:258][903]LogModuleManager: Shutting down and abandoning module Messaging (33)
[2015.02.12-14.51.46:258][903]LogModuleManager: Shutting down and abandoning module IOSTargetPlatform (32)
[2015.02.12-14.51.46:258][903]LogModuleManager: Shutting down and abandoning module Android_PVRTCTargetPlatform (31)
[2015.02.12-14.51.46:258][903]LogModuleManager: Shutting down and abandoning module Android_ETC2TargetPlatform (30)
[2015.02.12-14.51.46:258][903]LogModuleManager: Shutting down and abandoning module Android_ETC1TargetPlatform (29)
[2015.02.12-14.51.46:258][903]LogModuleManager: Shutting down and abandoning module Android_DXTTargetPlatform (28)
[2015.02.12-14.51.46:258][903]LogModuleManager: Shutting down and abandoning module Android_ATCTargetPlatform (27)
[2015.02.12-14.51.46:258][903]LogModuleManager: Shutting down and abandoning module AndroidTargetPlatform (26)
[2015.02.12-14.51.46:258][903]LogModuleManager: Shutting down and abandoning module WindowsTargetPlatform (25)
[2015.02.12-14.51.46:258][903]LogModuleManager: Shutting down and abandoning module WindowsServerTargetPlatform (24)
[2015.02.12-14.51.46:258][903]LogModuleManager: Shutting down and abandoning module WindowsNoEditorTargetPlatform (23)
[2015.02.12-14.51.46:258][903]LogModuleManager: Shutting down and abandoning module WindowsClientTargetPlatform (22)
[2015.02.12-14.51.46:258][903]LogModuleManager: Shutting down and abandoning module TargetPlatform (21)
[2015.02.12-14.51.46:258][903]LogModuleManager: Shutting down and abandoning module InputCore (20)
[2015.02.12-14.51.46:258][903]LogModuleManager: Shutting down and abandoning module Settings (19)
[2015.02.12-14.51.46:258][903]LogModuleManager: Shutting down and abandoning module ImageWrapper (18)
[2015.02.12-14.51.46:258][903]LogModuleManager: Shutting down and abandoning module OculusRift (15)
[2015.02.12-14.51.46:258][903]LogModuleManager: Shutting down and abandoning module ExampleDeviceProfileSelector (14)
[2015.02.12-14.51.46:258][903]LogModuleManager: Shutting down and abandoning module TextureCompressor (13)
[2015.02.12-14.51.46:258][903]LogModuleManager: Shutting down and abandoning module ShaderCore (12)
[2015.02.12-14.51.46:258][903]LogModuleManager: Shutting down and abandoning module Landscape (11)
[2015.02.12-14.51.46:258][903]LogModuleManager: Shutting down and abandoning module SlateRHIRenderer (10)
[2015.02.12-14.51.46:259][903]LogModuleManager: Shutting down and abandoning module OpenGLDrv (9)
[2015.02.12-14.51.46:259][903]LogModuleManager: Shutting down and abandoning module D3D11RHI (8)
[2015.02.12-14.51.46:259][903]LogModuleManager: Shutting down and abandoning module Renderer (7)
[2015.02.12-14.51.46:259][903]LogModuleManager: Shutting down and abandoning module Engine (6)
[2015.02.12-14.51.46:259][903]LogModuleManager: Shutting down and abandoning module CoreUObject (5)
[2015.02.12-14.51.46:259][903]LogModuleManager: Shutting down and abandoning module NetworkFile (4)
[2015.02.12-14.51.46:259][903]LogModuleManager: Shutting down and abandoning module StreamingFile (3)
[2015.02.12-14.51.46:259][903]LogModuleManager: Shutting down and abandoning module SandboxFile (2)
[2015.02.12-14.51.46:259][903]LogModuleManager: Shutting down and abandoning module PakFile (1)
[2015.02.12-14.51.46:260][903]LogExit: Exiting.
[2015.02.12-14.51.46:273][903]Log file closed, 02/12/15 15:51:46
