Log file open, 02/11/15 12:51:38
LogInit:Display: Running engine for game: ProjectExplorer
LogInit:Warning: Incompatible or missing module: UE4Editor-ProjectExplorer.dll
Running C:/Program Files/Epic Games/4.6/Engine/Binaries/DotNET/UnrealBuildTool.exe ProjectExplorer Development Win64 -project="C:/Users/Christoffer/Documents/ProjectExplorer/ProjectExplorer/ProjectExplorer.uproject" -rocket -editorrecompile -progress
Performing 8 actions (4 in parallel)
[3/8] Resource ProjectExplorer.rc
[2/8] Resource ModuleVersionResource.rc.inl
PCH.ProjectExplorer.ProjectExplorer.h.cpp
ProjectExplorer.cpp
Door.cpp
AutoStartupModuleListGetter.generated.cpp
ProjectExplorer.generated.cpp
[8/8] Link UE4Editor-ProjectExplorer.dll
   Creating library C:\Users\Christoffer\Documents\ProjectExplorer\ProjectExplorer\Intermediate\Build\Win64\ProjectExplorerEditor\Development\UE4Editor-ProjectExplorer.lib and object C:\Users\Christoffer\Documents\ProjectExplorer\ProjectExplorer\Intermediate\Build\Win64\ProjectExplorerEditor\Development\UE4Editor-ProjectExplorer.exp
-------- End Detailed Actions Stats -----------------------------------------------------------
Cumulative action seconds (4 processors): 0,00 building projects, 85,13 compiling, 0,00 creating app bundles, 0,00 generating debug info, 5,14 linking, 0,00 other
UBT execution time: 109,67 seconds
LogInit: Version: 4.6.1-2386410+++depot+UE4-Releases+4.6
LogInit: API Version: 2369412
LogInit: Compiled (64-bit): Dec 11 2014 21:31:39
LogInit: Compiled with Visual C++: 18.00.21005.01
LogInit: Build Configuration: Development
LogInit: Branch Name: ++depot+UE4-Releases+4.6
LogInit: Command line:  
LogInit: Base directory: C:/Program Files/Epic Games/4.6/Engine/Binaries/Win64/
LogInit: Rocket: 1
[2015.02.11-11.53.46:228][  0]LogTaskGraph: Started task graph with 3 named threads and 6 total threads.
[2015.02.11-11.53.46:406][  0]LogOnline:Warning: No default platform service specified for OnlineSubsystem
[2015.02.11-11.53.47:091][  0]LogInit: Presizing for 0 objects not considered by GC, pre-allocating 0 bytes.
[2015.02.11-11.53.47:706][  0]LogInit: Object subsystem initialized
[2015.02.11-11.53.48:304][  0]LogConsoleResponse:Warning: Skipping Unknown console variable: 'UIScaleRule = ShortestSide'
[2015.02.11-11.53.48:304][  0]LogConsoleResponse:Warning:   Found in ini file 'C:/Users/Christoffer/Documents/ProjectExplorer/ProjectExplorer/Saved/Config/Windows/Engine.ini', in section '[/Script/Engine.RendererSettings]'
[2015.02.11-11.53.48:304][  0]LogConsoleResponse:Warning: Skipping Unknown console variable: 'UIScaleCurve = (EditorCurveData=(Keys=),ExternalCurve=None)'
[2015.02.11-11.53.48:304][  0]LogConsoleResponse:Warning:   Found in ini file 'C:/Users/Christoffer/Documents/ProjectExplorer/ProjectExplorer/Saved/Config/Windows/Engine.ini', in section '[/Script/Engine.RendererSettings]'
[2015.02.11-11.53.48:350][  0]LogConsoleManager:Warning: Console variable 'r.MSAA.CompositingSampleCount' wasn't set (Priority ProjectSetting < Scalability)
[2015.02.11-11.53.48:357][  0]LogInit: Selected Device Profile: [Windows]
[2015.02.11-11.53.48:363][  0]LogInit: Applying CVar settings loaded from the selected device profile: [Windows]
[2015.02.11-11.53.48:748][  0]LogInit: Computer: KUKRUNAR
[2015.02.11-11.53.48:748][  0]LogInit: User: Christoffer
[2015.02.11-11.53.48:748][  0]LogInit: CPU Page size=4096, Cores=4
[2015.02.11-11.53.48:748][  0]LogInit: High frequency timer resolution =3.222682 MHz
[2015.02.11-11.53.48:930][  0]LogMemory: Memory total: Physical=8.0GB (8GB approx) Virtual=131072.0GB
[2015.02.11-11.53.48:944][  0]LogMemory: Platform Memory Stats for Windows
[2015.02.11-11.53.48:944][  0]LogMemory: Process Physical Memory: 50.82 MB used, 50.82 MB peak
[2015.02.11-11.53.48:944][  0]LogMemory: Process Virtual Memory: 24.43 MB used, 24.43 MB peak
[2015.02.11-11.53.48:944][  0]LogMemory: Physical Memory: 3135.38 MB used, 8168.95 MB total
[2015.02.11-11.53.48:944][  0]LogMemory: Virtual Memory: 286.42 MB used, 134217728.00 MB total
[2015.02.11-11.53.49:590][  0]LogD3D11RHI: Found D3D11 adapter 0: NVIDIA GeForce GTX 770 (Feature Level 11_0)
[2015.02.11-11.53.49:590][  0]LogD3D11RHI: Adapter has 4011MB of dedicated video memory, 0MB of dedicated system memory, and 4084MB of shared system memory, 1 output[s]
[2015.02.11-11.53.49:600][  0]LogD3D11RHI: Found D3D11 adapter 1: Microsoft Basic Render Driver (Feature Level 11_0)
[2015.02.11-11.53.49:600][  0]LogD3D11RHI: Adapter has 0MB of dedicated video memory, 0MB of dedicated system memory, and 256MB of shared system memory, 0 output[s]
[2015.02.11-11.53.49:625][  0]LogD3D11RHI: Chosen D3D11 Adapter Id = 0
[2015.02.11-11.53.49:645][  0]LogRHI: Texture pool is 1361 MB (70% of 1945 MB)
[2015.02.11-11.53.49:656][  0]LogD3D11RHI: Async texture creation enabled
[2015.02.11-11.53.56:976][  0]LogTextLocalizationManager: The requested culture ('sv_SE') has no localization data; falling back to 'en' for localization and internationalization data.
[2015.02.11-11.53.58:455][  0]LogContentStreaming: Texture pool size is 0.000000MB
[2015.02.11-11.54.10:743][  0]LogTargetPlatformManager:Display: Building Assets For Windows
[2015.02.11-11.54.11:771][  0]LogTargetPlatformManager:Display: Building Assets For Windows
[2015.02.11-11.54.11:917][  0]LogDerivedDataCache:Display: Max Cache Size: 512 MB
[2015.02.11-11.54.12:520][  0]LogDerivedDataCache: Loaded boot cache 0.59s 39MB C:/Users/Christoffer/AppData/Local/UnrealEngine/4.6/DerivedDataCache/Boot.ddc.
[2015.02.11-11.54.12:520][  0]LogDerivedDataCache:Display: Loaded Boot cache: C:/Users/Christoffer/AppData/Local/UnrealEngine/4.6/DerivedDataCache/Boot.ddc
[2015.02.11-11.54.12:520][  0]LogDerivedDataCache: FDerivedDataBackendGraph:  Pak pak cache file ../../../../../../Users/Christoffer/Documents/ProjectExplorer/ProjectExplorer/DerivedDataCache/DDC.ddp not found, will not use a pak cache.
[2015.02.11-11.54.12:520][  0]LogDerivedDataCache: Unable to find inner node Pak for hierarchical cache Hierarchy.
[2015.02.11-11.54.12:611][  0]LogDerivedDataCache:Display: Pak cache opened for reading ../../../Engine/DerivedDataCache/DDC.ddp.
[2015.02.11-11.54.12:653][  0]LogDerivedDataCache: Using Local data cache path C:/Users/Christoffer/AppData/Local/UnrealEngine/Common/DerivedDataCache: Writable
[2015.02.11-11.54.22:066][  0]LogCollisionProfile:Warning: Profile (UI) - Custom Channel Name = 'Weapon' hasn't been found
[2015.02.11-11.54.24:583][  0]LogMeshUtilities: No automatic mesh reduction module available
[2015.02.11-11.54.24:583][  0]LogMeshUtilities: No automatic mesh merging module available
[2015.02.11-11.54.33:989][  0]LogInit: WinSock: version 1.1 (2.2), MaxSocks=32767, MaxUdp=65467
[2015.02.11-11.54.34:474][  0]LogSlate:Warning: Failed to load font data from '../../../Engine/Content/Slate/Fonts/Roboto-Italic.ttf'
[2015.02.11-11.55.13:696][  0]UdpMessaging: Initializing bridge on interface 0.0.0.0:0 to multicast group 230.0.0.1:6666.
[2015.02.11-11.55.16:226][  0]SourceControl: Info Source control is disabled
[2015.02.11-11.55.16:226][  0]SourceControl: Info Source control is disabled
[2015.02.11-11.55.16:231][  0]SourceControl: Info Source control is disabled
[2015.02.11-11.55.17:235][  0]LogObj: 23762 objects as part of root set at end of initial load.
[2015.02.11-11.55.17:235][  0]LogUObjectAllocator: 5176184 out of 0 bytes used by permanent object pool.
[2015.02.11-11.55.18:030][  0]LogEngine: Initializing Engine...
[2015.02.11-11.55.19:554][  0]LogInit: XAudio2 using 'SAMSUNG-4 (NVIDIA High Definition Audio)' : 2 channels at 48 kHz using 16 bits per sample (channel mask 0x3)
[2015.02.11-11.55.20:083][  0]LogInit: FAudioDevice initialized.
[2015.02.11-11.55.20:749][  0]LogAIModule: Creating AISystem for world NewWorld
[2015.02.11-11.55.20:869][  0]LogDerivedDataCache: Saved boot cache 0.02s 39MB C:/Users/Christoffer/AppData/Local/UnrealEngine/4.6/DerivedDataCache/Boot.ddc.
[2015.02.11-11.55.20:873][  0]LogInit: Texture streaming: Enabled
[2015.02.11-11.55.20:945][  0]LogAnalytics: Creating configured Analytics provider AnalyticsET
[2015.02.11-11.55.20:945][  0]LogAnalytics: ET APIKey = Rocket.Release. APIServer = http://et2.epicgames.com/ET2/. AppVersion = 4.6.1-2386410+++depot+UE4-Releases+4.6
[2015.02.11-11.55.20:946][  0]LogAnalytics: SetUserId e46223e1b84009ca22d653c003e667e2
[2015.02.11-11.55.20:946][  0]LogAnalytics: AnalyticsET::StartSession [Rocket.Release]
[2015.02.11-11.55.21:735][  0]LogInit: Transaction tracking system initialized
[2015.02.11-11.55.23:115][  0]BlueprintLog: New page: Editor Load
[2015.02.11-11.55.23:306][  0]LogAssetRegistry: FAssetRegistry took 0.0457 seconds to start up
[2015.02.11-11.55.23:307][  0]LogDirectoryWatcher:Warning: Failed to begin reading directory changes for ../../../Engine/Plugins/Experimental/CharacterAI/Content/. Error: 0
[2015.02.11-11.55.36:644][  0]LogTargetPlatformManager:Display: Building Assets For Windows
[2015.02.11-11.55.37:556][  0]LogTargetPlatformManager:Display: Building Assets For Windows
[2015.02.11-11.55.41:810][  0]LogConsoleResponse:Display: 
[2015.02.11-11.55.44:320][  0]LogLinker:Warning: Asset '../../../Engine/Content/Functions/Engine_MaterialFunctions03/Procedurals/ComputeFilterWidth.uasset' has been saved with empty engine version. The asset will be loaded but may be incompatible.
[2015.02.11-11.55.50:638][  0]SourceControl: Info Source control is disabled
[2015.02.11-11.55.50:823][  0]Cmd: MAP LOAD FILE="../../../../../../Users/Christoffer/Documents/ProjectExplorer/ProjectExplorer/Content/Maps/Example_Map.umap" TEMPLATE=0 SHOWPROGRESS=1
[2015.02.11-11.55.50:823][  0]LogEditorServer:Warning: Can't find file '../../../../../../Users/Christoffer/Documents/ProjectExplorer/ProjectExplorer/Content/Maps/Example_Map.umap'
[2015.02.11-11.55.50:870][  0]Cmd: MAP CHECKDEP
[2015.02.11-11.55.50:923][  0]MapCheck: New page: Untitled_0 - Feb 11, 2015, 1:55:50 PM
[2015.02.11-11.55.51:140][  0]MapCheck: Info Map check complete: 0 Error(s), 0 Warning(s), took 268.915ms to complete.
[2015.02.11-11.55.51:140][  0]LogFileHelpers: Loading map 'Example_Map' took 0.408
[2015.02.11-11.55.55:559][  0]LogCollectionManager: Loaded 0 collections in 0.000982 seconds
[2015.02.11-11.56.08:149][  0]LogCrashTracker: Crashtracker disabled due to settings.
[2015.02.11-11.56.09:192][  0]LogUObjectGlobals:Warning: Failed to find object 'Class None.'
[2015.02.11-11.56.09:446][  0]LogLoad: Full Startup: 282.84 seconds (BP compile: 0.33 seconds)
[2015.02.11-11.56.10:127][  0]LogContentBrowser:Verbose: The content browser source was changed by the sources view to '/Game/Maps'
[2015.02.11-11.56.16:993][  6]LogRenderer:Warning: Reallocating scene render targets to support 1152x904.
[2015.02.11-11.56.32:948][444]LogAssetRegistry: Asset discovery search completed in 69.6876 seconds
[2015.02.11-11.56.43:891][906]Cmd: MAP LOAD FILE="../../../../../../Users/Christoffer/Documents/ProjectExplorer/ProjectExplorer/Content/Maps/House.umap" TEMPLATE=0 SHOWPROGRESS=1
[2015.02.11-11.56.43:892][906]LightingResults: New page: Lighting Build
[2015.02.11-11.56.44:042][906]LoadErrors: New page: Loading map: House.umap
[2015.02.11-11.56.44:213][906]MapCheck: New page: Map Check
[2015.02.11-11.56.44:213][906]LightingResults: New page: Lighting Build
[2015.02.11-11.56.44:287][906]LogParticles: Destroying 0 GPU particle simulations for FXSystem 0x000000300DDBD580
[2015.02.11-11.56.44:742][906]LogEditorServer: Finished looking for orphan Actors (0.000 secs)
[2015.02.11-11.56.44:742][906]LogAIModule: Creating AISystem for world House
[2015.02.11-11.56.44:821][906]Cmd: MAP CHECKDEP
[2015.02.11-11.56.44:821][906]MapCheck: New page: House - Feb 11, 2015, 1:56:44 PM
[2015.02.11-11.56.44:901][906]MapCheck: Info Map check complete: 0 Error(s), 0 Warning(s), took 79.998ms to complete.
[2015.02.11-11.56.44:901][906]LogFileHelpers: Loading map 'House' took 1.022
[2015.02.11-11.56.52:730][644]LogPlayLevel: PIE:  No blueprints needed recompiling
[2015.02.11-11.56.52:737][644]PIE: New page: PIE session: House (Feb 11, 2015, 1:56:52 PM)
[2015.02.11-11.56.52:794][644]LogPlayLevel: PIE: StaticDuplicateObject took: (0.046561s)
[2015.02.11-11.56.52:795][644]LogPlayLevel: PIE: World Init took: (0.000604s)
[2015.02.11-11.56.52:811][644]LogPlayLevel: PIE: Created PIE world by copying editor world from /Game/Maps/House.House to /Game/Maps/UEDPIE_0_House.House (0.063316s)
[2015.02.11-11.56.53:572][644]BlueprintLog:Warning: Warning Blueprint MyHUD has been migrated and requires re-saving to avoid import errors
[2015.02.11-11.56.53:573][644]BlueprintLog:Warning: Warning Blueprint MyGame has been migrated and requires re-saving to avoid import errors
[2015.02.11-11.56.53:575][644]LogWorld: Game class is 'MyGame_C'
[2015.02.11-11.56.53:681][644]LogAIModule: Creating AISystem for world House
[2015.02.11-11.56.53:692][644]LogWorld: Bringing World /Game/Maps/UEDPIE_0_House.House up for play (max tick rate 0) at 2015.02.11-12.56.53
[2015.02.11-11.56.53:818][644]LogWorld: Bringing up level for play took: 0.137051
[2015.02.11-11.56.53:990][644]PIE: Info Play in editor start time for /Game/Maps/UEDPIE_0_House 0.822
[2015.02.11-11.59.24:251][463]LogParticles: Destroying 0 GPU particle simulations for FXSystem 0x000000300D125580
[2015.02.11-11.59.26:607][707]LogEditorViewport: Clicking on Actor (LMB): Door_C (Door)
[2015.02.11-11.59.26:845][707]LogEditorViewport: Clicking on Actor (double click): Door_C (Door)
[2015.02.11-11.59.56:179][210]LogEditorViewport: Clicking on Actor (LMB): Door_C (Door)
[2015.02.11-12.00.00:162][672]LogEditorViewport: Clicking on Actor (LMB): Door_C (Door)
[2015.02.11-12.00.00:229][677]LogEditorViewport: Clicking on Actor (double click): Door_C (Door)
[2015.02.11-12.07.04:838][668]LogEditorViewport: Clicking on Actor (LMB): Door_C (Door)
[2015.02.11-12.07.04:932][677]LogEditorViewport: Clicking on Actor (double click): Door_C (Door)
[2015.02.11-12.07.10:548][294]LogContentBrowser:Verbose: The content browser source was changed by the sources view to '/Game/Meshes'
[2015.02.11-12.07.14:540][742]LogContentBrowser:Verbose: The content browser source was changed by the sources view to '/Game/Meshes/InteriorDoor'
[2015.02.11-12.07.35:845][415]LogSavePackage: Save=440.423523ms
[2015.02.11-12.07.35:845][415]LogSavePackage: Moving '../../../../../../Users/Christoffer/Documents/ProjectExplorer/ProjectExplorer/Saved/InteriorDoor_InteriorDoor605A563B641F685898179D6BF95172011.tmp' to '../../../../../../Users/Christoffer/Documents/ProjectExplorer/ProjectExplorer/Content/Meshes/InteriorDoor/InteriorDoor_InteriorDoor6.uasset'
[2015.02.11-12.07.52:204][696]LogSavePackage: Save=272.275391ms
[2015.02.11-12.07.52:204][696]LogSavePackage: Moving '../../../../../../Users/Christoffer/Documents/ProjectExplorer/ProjectExplorer/Saved/InteriorDoor_InteriorDoorRoughE852A69B412F5EE32AEE89AEC508237D.tmp' to '../../../../../../Users/Christoffer/Documents/ProjectExplorer/ProjectExplorer/Content/Meshes/InteriorDoor/InteriorDoor_InteriorDoorRough.uasset'
[2015.02.11-12.08.02:857][799]LogActorFactory: Actor Factory created InteriorDoor_InteriorDoor6
[2015.02.11-12.08.03:519][865]LogActorFactory: Actor Factory created InteriorDoor_InteriorDoor6
[2015.02.11-12.08.03:708][865]LogPropertyNode:Warning: UI Min (0.001) >= UI Max () for Ranged Numeric
[2015.02.11-12.08.04:086][865]LogPropertyNode:Warning: UI Min (0.001) >= UI Max () for Ranged Numeric
[2015.02.11-12.08.11:111][599]LogContentBrowser:Verbose: The content browser source was changed by the sources view to '/Game/Meshes'
[2015.02.11-12.08.13:126][828]LogContentBrowser:Verbose: The content browser source was changed by the sources view to '/Game/Meshes/InteriorDoor'
[2015.02.11-12.08.14:245][932]LogContentBrowser:Verbose: The content browser source was changed by the sources view to '/Game'
[2015.02.11-12.08.16:305][164]LogContentBrowser:Verbose: The content browser source was changed by the sources view to '/Game/Textures'
[2015.02.11-12.08.18:993][460]LogContentBrowser:Verbose: The content browser source was changed by the sources view to '/Game/Textures/InteriorDoor'
[2015.02.11-12.08.30:404][648]LogEditorViewport: Clicking on Actor (LMB): StaticMeshActor (InteriorDoor_InteriorDoor6)
[2015.02.11-12.08.30:411][648]LogPropertyNode:Warning: UI Min (0.001) >= UI Max () for Ranged Numeric
[2015.02.11-12.08.40:912][697]LogUnrealMath: Expression Error : Unrecognized Operator
[2015.02.11-12.08.40:912][697]LogUnrealMath: Expression Error : Unrecognized Operator
[2015.02.11-12.08.52:930][844]LogEditorViewport: Clicking on Actor (LMB): StaticMeshActor (Building_PrototypeFloor)
[2015.02.11-12.08.52:937][844]LogPropertyNode:Warning: UI Min (0.001) >= UI Max () for Ranged Numeric
[2015.02.11-12.09.03:026][806]LogEditorViewport: Clicking on Actor (LMB): StaticMeshActor (Building_polySurface41)
[2015.02.11-12.09.03:033][806]LogPropertyNode:Warning: UI Min (0.001) >= UI Max () for Ranged Numeric
[2015.02.11-12.09.03:435][838]LogEditorViewport: Clicking on Actor (LMB): StaticMeshActor (InteriorDoor_InteriorDoor6)
[2015.02.11-12.09.03:441][838]LogPropertyNode:Warning: UI Min (0.001) >= UI Max () for Ranged Numeric
[2015.02.11-12.09.03:881][877]Cmd: DELETE
[2015.02.11-12.09.03:881][877]Cmd: ACTOR DELETE
[2015.02.11-12.09.04:085][877]LogEditorActor: Deleted Actor: StaticMeshActor
[2015.02.11-12.09.04:143][877]LogParticles: Destroying 0 GPU particle simulations for FXSystem 0x000000301BC68CC0
[2015.02.11-12.09.04:145][877]LogParticles: Destroying 0 GPU particle simulations for FXSystem 0x000000300D1265C0
[2015.02.11-12.09.04:145][877]LogEditorActor: Deleted 1 Actors (0.069 secs)
[2015.02.11-12.09.14:784][ 32]LogSavePackage: Save=209.298965ms
[2015.02.11-12.09.14:784][ 32]LogSavePackage: Moving '../../../../../../Users/Christoffer/Documents/ProjectExplorer/ProjectExplorer/Saved/House_Auto1D97DE0394F9B985F77F297955B757E4F.tmp' to '../../../../../../Users/Christoffer/Documents/ProjectExplorer/ProjectExplorer/Saved/Autosaves/Game/Maps/House_Auto1.umap'
[2015.02.11-12.09.14:789][ 32]LogFileHelpers: Editor autosave (incl. sublevels) for '/Game/Maps/House' took 0.329
[2015.02.11-12.09.14:790][ 32]LogFileHelpers: Editor autosave (incl. sublevels) for all levels took 0.329
[2015.02.11-12.09.19:091][449]LogPlayLevel: PIE:  No blueprints needed recompiling
[2015.02.11-12.09.19:091][449]PIE: New page: PIE session: House (Feb 11, 2015, 2:09:19 PM)
[2015.02.11-12.09.19:146][449]LogPlayLevel: PIE: StaticDuplicateObject took: (0.054349s)
[2015.02.11-12.09.19:147][449]LogPlayLevel: PIE: World Init took: (0.000591s)
[2015.02.11-12.09.19:147][449]LogPlayLevel: PIE: Created PIE world by copying editor world from /Game/Maps/House.House to /Game/Maps/UEDPIE_0_House.House (0.055083s)
[2015.02.11-12.09.19:179][449]LogWorld: Game class is 'MyGame_C'
[2015.02.11-12.09.19:180][449]LogAIModule: Creating AISystem for world House
[2015.02.11-12.09.19:181][449]LogWorld: Bringing World /Game/Maps/UEDPIE_0_House.House up for play (max tick rate 0) at 2015.02.11-13.09.19
[2015.02.11-12.09.19:182][449]LogWorld: Bringing up level for play took: 0.002013
[2015.02.11-12.09.19:183][449]PIE: Info Play in editor start time for /Game/Maps/UEDPIE_0_House 0.015
[2015.02.11-12.09.28:049][493]LogParticles: Destroying 0 GPU particle simulations for FXSystem 0x000000300D236480
[2015.02.11-12.11.07:834][191]LogTexture:Display: Building textures: InteriorDoor_D (AutoDXT)
[2015.02.11-12.11.21:873][949]LogTexture:Display: Building textures: InteriorDoor_D (AutoDXT)
[2015.02.11-12.11.28:130][217]LogTexture:Display: Building textures: InteriorDoor_D (AutoDXT)
[2015.02.11-12.11.30:786][217]LogTexture:Display: Building textures: InteriorDoor_D (AutoDXT)
[2015.02.11-12.12.04:366][915]LogTexture:Display: Building textures: InteriorDoor_D (AutoDXT)
[2015.02.11-12.12.30:110][901]LogEditorViewport: Clicking on Actor (LMB): Door_C (Door)
[2015.02.11-12.13.02:282][506]LogContentBrowser:Verbose: The content browser source was changed by the sources view to '/Game/Textures'
[2015.02.11-12.13.07:684][ 46]LogContentBrowser:Verbose: The content browser source was changed by the sources view to '/Game/Textures/InteriorDoor'
[2015.02.11-12.13.20:477][324]LogEditorViewport: Clicking on Actor (LMB): StaticMeshActor (Building_PrototypeFloor)
[2015.02.11-12.13.20:484][324]LogPropertyNode:Warning: UI Min (0.001) >= UI Max () for Ranged Numeric
[2015.02.11-12.13.23:173][594]LogEditorViewport: Clicking on Actor (LMB): BP_Sky_Sphere_C (SkySphereBlueprint)
[2015.02.11-12.14.03:134][918]Cmd: OBJ SAVEPACKAGE PACKAGE="/Game/Maps/House" FILE="../../../../../../Users/Christoffer/Documents/ProjectExplorer/ProjectExplorer/Content/Maps/House.umap" SILENT=true AUTOSAVING=false KEEPDIRTY=false
[2015.02.11-12.14.03:201][918]LogSavePackage: Save=50.166290ms
[2015.02.11-12.14.03:201][918]LogSavePackage: Moving '../../../../../../Users/Christoffer/Documents/ProjectExplorer/ProjectExplorer/Saved/House578B35CF43B44228CC353990A2AEAC1D.tmp' to '../../../../../../Users/Christoffer/Documents/ProjectExplorer/ProjectExplorer/Content/Maps/House.umap'
[2015.02.11-12.14.03:244][918]LogFileHelpers: Saving map 'House' took 0.199
[2015.02.11-12.14.03:439][918]LogSavePackage: Save=148.906097ms
[2015.02.11-12.14.03:439][918]LogSavePackage: Moving '../../../../../../Users/Christoffer/Documents/ProjectExplorer/ProjectExplorer/Saved/InteriorDoor_DA264738F41DAEF130C56EA98EC55FC84.tmp' to '../../../../../../Users/Christoffer/Documents/ProjectExplorer/ProjectExplorer/Content/Textures/InteriorDoor/InteriorDoor_D.uasset'
[2015.02.11-12.14.09:326][427]LogPlayLevel: PIE:  No blueprints needed recompiling
[2015.02.11-12.14.09:326][427]PIE: New page: PIE session: House (Feb 11, 2015, 2:14:09 PM)
[2015.02.11-12.14.09:344][427]LogPlayLevel: PIE: StaticDuplicateObject took: (0.017999s)
[2015.02.11-12.14.09:345][427]LogPlayLevel: PIE: World Init took: (0.000801s)
[2015.02.11-12.14.09:345][427]LogPlayLevel: PIE: Created PIE world by copying editor world from /Game/Maps/House.House to /Game/Maps/UEDPIE_0_House.House (0.019024s)
[2015.02.11-12.14.09:385][427]LogWorld: Game class is 'MyGame_C'
[2015.02.11-12.14.09:386][427]LogAIModule: Creating AISystem for world House
[2015.02.11-12.14.09:387][427]LogWorld: Bringing World /Game/Maps/UEDPIE_0_House.House up for play (max tick rate 0) at 2015.02.11-13.14.09
[2015.02.11-12.14.09:388][427]LogWorld: Bringing up level for play took: 0.002069
[2015.02.11-12.14.09:389][427]PIE: Info Play in editor start time for /Game/Maps/UEDPIE_0_House 0.221
[2015.02.11-12.14.23:762][129]LogParticles: Destroying 0 GPU particle simulations for FXSystem 0x000000301953B880
[2015.02.11-12.14.33:343][963]LogSavePackage: Save=55.550316ms
[2015.02.11-12.14.33:343][963]LogSavePackage: Moving '../../../../../../Users/Christoffer/Documents/ProjectExplorer/ProjectExplorer/Saved/InteriorDoor_AOAFE7B97C4501E42290F8A79F5763BD37.tmp' to '../../../../../../Users/Christoffer/Documents/ProjectExplorer/ProjectExplorer/Content/Textures/InteriorDoor/InteriorDoor_AO.uasset'
[2015.02.11-12.14.40:481][528]LogSavePackage: Save=125.682587ms
[2015.02.11-12.14.40:481][528]LogSavePackage: Moving '../../../../../../Users/Christoffer/Documents/ProjectExplorer/ProjectExplorer/Saved/InteriorDoor_GD3350C6B4F655D0E4AC1BF9924C49CB2.tmp' to '../../../../../../Users/Christoffer/Documents/ProjectExplorer/ProjectExplorer/Content/Textures/InteriorDoor/InteriorDoor_G.uasset'
[2015.02.11-12.14.49:065][220]LogSavePackage: Save=109.312370ms
[2015.02.11-12.14.49:065][220]LogSavePackage: Moving '../../../../../../Users/Christoffer/Documents/ProjectExplorer/ProjectExplorer/Saved/InteriorDoor_N8D6E0FB44BFF184377CFDF8CE639F0BC.tmp' to '../../../../../../Users/Christoffer/Documents/ProjectExplorer/ProjectExplorer/Content/Textures/InteriorDoor/InteriorDoor_N.uasset'
[2015.02.11-12.14.56:906][867]LogSavePackage: Save=11.245913ms
[2015.02.11-12.14.56:906][867]LogSavePackage: Moving '../../../../../../Users/Christoffer/Documents/ProjectExplorer/ProjectExplorer/Saved/InteriorDoor_M5F0EA09449689F7023BE3A93EBCBC980.tmp' to '../../../../../../Users/Christoffer/Documents/ProjectExplorer/ProjectExplorer/Content/Textures/InteriorDoor/InteriorDoor_M.uasset'
[2015.02.11-12.15.01:301][241]LogPlayLevel: PIE:  No blueprints needed recompiling
[2015.02.11-12.15.01:301][241]PIE: New page: PIE session: House (Feb 11, 2015, 2:15:01 PM)
[2015.02.11-12.15.01:318][241]LogPlayLevel: PIE: StaticDuplicateObject took: (0.017032s)
[2015.02.11-12.15.01:319][241]LogPlayLevel: PIE: World Init took: (0.000817s)
[2015.02.11-12.15.01:319][241]LogPlayLevel: PIE: Created PIE world by copying editor world from /Game/Maps/House.House to /Game/Maps/UEDPIE_0_House.House (0.018077s)
[2015.02.11-12.15.01:362][241]LogWorld: Game class is 'MyGame_C'
[2015.02.11-12.15.01:363][241]LogAIModule: Creating AISystem for world House
[2015.02.11-12.15.01:365][241]LogWorld: Bringing World /Game/Maps/UEDPIE_0_House.House up for play (max tick rate 0) at 2015.02.11-13.15.01
[2015.02.11-12.15.01:365][241]LogWorld: Bringing up level for play took: 0.002023
[2015.02.11-12.15.01:366][241]PIE: Info Play in editor start time for /Game/Maps/UEDPIE_0_House 0.198
[2015.02.11-12.15.30:595][705]LogParticles: Destroying 0 GPU particle simulations for FXSystem 0x000000301801AFC0
[2015.02.11-12.15.43:967][933]Cmd: QUIT_EDITOR
[2015.02.11-12.15.44:578][933]LogExit: Preparing to exit.
[2015.02.11-12.15.45:132][933]LogExit: Editor shut down
[2015.02.11-12.15.45:132][933]LogExit: Transaction tracking system shut down
[2015.02.11-12.15.45:133][933]LogParticles: Destroying 0 GPU particle simulations for FXSystem 0x000000300D237880
[2015.02.11-12.15.45:133][933]LogParticles: Destroying 0 GPU particle simulations for FXSystem 0x000000300739CF40
[2015.02.11-12.15.45:133][933]LogParticles: Destroying 0 GPU particle simulations for FXSystem 0x000000300B2D8680
[2015.02.11-12.15.45:133][933]LogParticles: Destroying 0 GPU particle simulations for FXSystem 0x0000003007C1B7E0
[2015.02.11-12.15.46:411][933]LogExit: Object subsystem successfully closed.
[2015.02.11-12.15.47:318][933]LogModuleManager: Shutting down and abandoning module TextureEditor (174)
[2015.02.11-12.15.47:331][933]LogModuleManager: Shutting down and abandoning module StaticMeshEditor (173)
[2015.02.11-12.15.47:331][933]LogModuleManager: Shutting down and abandoning module StatsViewer (172)
[2015.02.11-12.15.47:333][933]LogModuleManager: Shutting down and abandoning module AndroidDeviceDetection (171)
[2015.02.11-12.15.47:333][933]LogModuleManager: Shutting down and abandoning module CrashTracker (170)
[2015.02.11-12.15.47:333][933]LogModuleManager: Shutting down and abandoning module SuperSearch (169)
[2015.02.11-12.15.47:333][933]LogModuleManager: Shutting down and abandoning module SceneOutliner (168)
[2015.02.11-12.15.47:333][933]LogModuleManager: Shutting down and abandoning module EditorWidgets (167)
[2015.02.11-12.15.47:333][933]LogModuleManager: Shutting down and abandoning module CollectionManager (166)
[2015.02.11-12.15.47:354][933]LogModuleManager: Shutting down and abandoning module FoliageEdit (165)
[2015.02.11-12.15.47:375][933]LogModuleManager: Shutting down and abandoning module LandscapeEditor (164)
[2015.02.11-12.15.47:397][933]LogModuleManager: Shutting down and abandoning module MeshPaint (163)
[2015.02.11-12.15.47:415][933]LogModuleManager: Shutting down and abandoning module ActorPickerMode (162)
[2015.02.11-12.15.47:415][933]LogModuleManager: Shutting down and abandoning module GeometryMode (161)
[2015.02.11-12.15.47:415][933]LogModuleManager: Shutting down and abandoning module TextureAlignMode (160)
[2015.02.11-12.15.47:415][933]LogModuleManager: Shutting down and abandoning module BspMode (159)
[2015.02.11-12.15.47:415][933]LogModuleManager: Shutting down and abandoning module PlacementMode (158)
[2015.02.11-12.15.47:415][933]LogModuleManager: Shutting down and abandoning module AutomationWorker (157)
[2015.02.11-12.15.47:415][933]LogModuleManager: Shutting down and abandoning module CharacterAI (156)
[2015.02.11-12.15.47:415][933]LogModuleManager: Shutting down and abandoning module GameProjectGeneration (155)
[2015.02.11-12.15.47:444][933]LogModuleManager: Shutting down and abandoning module IntroTutorials (154)
[2015.02.11-12.15.47:453][933]LogModuleManager: Shutting down and abandoning module EditorLiveStreaming (153)
[2015.02.11-12.15.47:453][933]LogModuleManager: Shutting down and abandoning module HardwareTargeting (152)
[2015.02.11-12.15.47:453][933]LogModuleManager: Shutting down and abandoning module DeviceProfileEditor (151)
[2015.02.11-12.15.47:453][933]LogModuleManager: Shutting down and abandoning module UndoHistory (150)
[2015.02.11-12.15.47:465][933]LogModuleManager: Shutting down and abandoning module GameplayTagsEditor (149)
[2015.02.11-12.15.47:465][933]LogModuleManager: Shutting down and abandoning module UserFeedback (148)
[2015.02.11-12.15.47:465][933]LogModuleManager: Shutting down and abandoning module XmlParser (147)
[2015.02.11-12.15.47:479][933]LogModuleManager: Shutting down and abandoning module Blutility (146)
[2015.02.11-12.15.47:479][933]LogModuleManager: Shutting down and abandoning module IOSPlatformEditor (145)
[2015.02.11-12.15.47:479][933]LogModuleManager: Shutting down and abandoning module IOSRuntimeSettings (144)
[2015.02.11-12.15.47:479][933]LogModuleManager: Shutting down and abandoning module AndroidPlatformEditor (143)
[2015.02.11-12.15.47:496][933]LogModuleManager: Shutting down and abandoning module AndroidRuntimeSettings (142)
[2015.02.11-12.15.47:496][933]LogModuleManager: Shutting down and abandoning module ProjectTargetPlatformEditor (141)
[2015.02.11-12.15.47:508][933]LogModuleManager: Shutting down and abandoning module ProjectSettingsViewer (140)
[2015.02.11-12.15.47:508][933]LogModuleManager: Shutting down and abandoning module InputBindingEditor (139)
[2015.02.11-12.15.47:521][933]LogModuleManager: Shutting down and abandoning module EditorSettingsViewer (138)
[2015.02.11-12.15.47:521][933]LogModuleManager: Shutting down and abandoning module SettingsEditor (137)
[2015.02.11-12.15.47:534][933]LogModuleManager: Shutting down and abandoning module ProjectLauncher (136)
[2015.02.11-12.15.47:554][933]LogModuleManager: Shutting down and abandoning module SessionFrontend (135)
[2015.02.11-12.15.47:568][933]LogModuleManager: Shutting down and abandoning module ProfilerClient (134)
[2015.02.11-12.15.47:584][933]LogModuleManager: Shutting down and abandoning module TargetDeviceServices (133)
[2015.02.11-12.15.47:584][933]LogModuleManager: Shutting down and abandoning module DeviceManager (132)
[2015.02.11-12.15.47:601][933]LogModuleManager: Shutting down and abandoning module AutomationController (131)
[2015.02.11-12.15.47:627][933]LogModuleManager: Shutting down and abandoning module AutomationWindow (130)
[2015.02.11-12.15.47:652][933]LogModuleManager: Shutting down and abandoning module Layers (129)
[2015.02.11-12.15.47:676][933]LogModuleManager: Shutting down and abandoning module ComponentVisualizers (128)
[2015.02.11-12.15.47:676][933]LogModuleManager: Shutting down and abandoning module DetailCustomizations (127)
[2015.02.11-12.15.47:676][933]LogModuleManager: Shutting down and abandoning module PackagesDialog (126)
[2015.02.11-12.15.47:686][933]LogModuleManager: Shutting down and abandoning module AssetRegistry (125)
[2015.02.11-12.15.47:707][933]LogModuleManager: Shutting down and abandoning module Persona (124)
[2015.02.11-12.15.47:726][933]LogModuleManager: Shutting down and abandoning module Kismet (123)
[2015.02.11-12.15.47:752][933]LogModuleManager: Shutting down and abandoning module GraphEditor (122)
[2015.02.11-12.15.47:769][933]LogModuleManager: Shutting down and abandoning module ClassViewer (121)
[2015.02.11-12.15.47:786][933]LogModuleManager: Shutting down and abandoning module Toolbox (120)
[2015.02.11-12.15.47:786][933]LogModuleManager: Shutting down and abandoning module ModuleUI (119)
[2015.02.11-12.15.47:806][933]LogModuleManager: Shutting down and abandoning module MovieSceneTools (118)
[2015.02.11-12.15.47:840][933]LogModuleManager: Shutting down and abandoning module OutputLog (117)
[2015.02.11-12.15.47:840][933]LogModuleManager: Shutting down and abandoning module GammaUI (116)
[2015.02.11-12.15.47:853][933]LogModuleManager: Shutting down and abandoning module Documentation (115)
[2015.02.11-12.15.47:853][933]LogModuleManager: Shutting down and abandoning module GameLiveStreaming (114)
[2015.02.11-12.15.47:881][933]LogModuleManager: Shutting down and abandoning module StreamingPauseRendering (113)
[2015.02.11-12.15.47:882][933]LogModuleManager: Shutting down and abandoning module HTTP (112)
[2015.02.11-12.15.47:897][933]LogModuleManager: Shutting down and abandoning module AnalyticsET (111)
[2015.02.11-12.15.47:897][933]LogModuleManager: Shutting down and abandoning module Analytics (110)
[2015.02.11-12.15.47:897][933]LogModuleManager: Shutting down and abandoning module AITestSuite (109)
[2015.02.11-12.15.47:920][933]LogModuleManager: Shutting down and abandoning module AIModule (108)
[2015.02.11-12.15.47:965][933]LogModuleManager: Shutting down and abandoning module ProfilerService (107)
[2015.02.11-12.15.48:167][933]LogModuleManager: Shutting down and abandoning module TaskGraph (106)
[2015.02.11-12.15.48:202][933]LogModuleManager: Shutting down and abandoning module GameplayDebugger (105)
[2015.02.11-12.15.48:202][933]LogModuleManager: Shutting down and abandoning module SlateRemote (104)
[2015.02.11-12.15.48:202][933]LogModuleManager: Shutting down and abandoning module ScriptEditorPlugin (103)
[2015.02.11-12.15.48:202][933]LogModuleManager: Shutting down and abandoning module CustomMeshComponent (102)
[2015.02.11-12.15.48:202][933]LogModuleManager: Shutting down and abandoning module CableComponent (101)
[2015.02.11-12.15.48:202][933]LogModuleManager: Shutting down and abandoning module MessagingDebugger (100)
[2015.02.11-12.15.48:301][933]LogModuleManager: Shutting down and abandoning module MediaPlayerEditor (99)
[2015.02.11-12.15.48:340][933]LogModuleManager: Shutting down and abandoning module SpeedTreeImporter (98)
[2015.02.11-12.15.48:340][933]LogModuleManager: Shutting down and abandoning module PluginsEditor (97)
[2015.02.11-12.15.48:340][933]LogModuleManager: Shutting down and abandoning module EpicSurvey (96)
[2015.02.11-12.15.48:340][933]LogModuleManager: Shutting down and abandoning module VisualStudioSourceCodeAccess (95)
[2015.02.11-12.15.48:395][933]LogModuleManager: Shutting down and abandoning module UObjectPlugin (94)
[2015.02.11-12.15.48:395][933]LogModuleManager: Shutting down and abandoning module SubversionSourceControl (93)
[2015.02.11-12.15.48:448][933]LogModuleManager: Shutting down and abandoning module SourceControl (92)
[2015.02.11-12.15.48:448][933]LogModuleManager: Shutting down and abandoning module PerforceSourceControl (91)
[2015.02.11-12.15.48:465][933]LogModuleManager: Shutting down and abandoning module BlankPlugin (90)
[2015.02.11-12.15.48:465][933]LogModuleManager: Shutting down and abandoning module SlateReflector (89)
[2015.02.11-12.15.48:481][933]LogModuleManager: Shutting down and abandoning module DirectoryWatcher (88)
[2015.02.11-12.15.48:481][933]LogModuleManager: Shutting down and abandoning module HotReload (87)
[2015.02.11-12.15.48:488][933]LogModuleManager: Shutting down and abandoning module MainFrame (86)
[2015.02.11-12.15.48:488][933]LogModuleManager: Shutting down and abandoning module LevelEditor (85)
[2015.02.11-12.15.48:497][933]LogModuleManager: Shutting down and abandoning module ViewportSnapping (84)
[2015.02.11-12.15.48:497][933]LogModuleManager: Shutting down and abandoning module SmartSnapping (83)
[2015.02.11-12.15.48:515][933]LogModuleManager: Shutting down and abandoning module PaperTiledImporter (82)
[2015.02.11-12.15.48:515][933]LogModuleManager: Shutting down and abandoning module PaperJsonImporter (81)
[2015.02.11-12.15.48:515][933]LogModuleManager: Shutting down and abandoning module ContentBrowser (80)
[2015.02.11-12.15.48:515][933]LogModuleManager: Shutting down and abandoning module Paper2DEditor (79)
[2015.02.11-12.15.48:520][933]LogModuleManager: Shutting down and abandoning module ProjectExplorer (78)
[2015.02.11-12.15.48:520][933]LogModuleManager: Shutting down and abandoning module ScriptPlugin (77)
[2015.02.11-12.15.48:534][933]LogModuleManager: Shutting down and abandoning module UdpMessaging (76)
[2015.02.11-12.15.48:635][933]LogModuleManager: Shutting down and abandoning module Paper2D (75)
[2015.02.11-12.15.48:649][933]LogModuleManager: Shutting down and abandoning module WindowsMoviePlayer (74)
[2015.02.11-12.15.48:679][933]LogModuleManager: Shutting down and abandoning module Media (73)
[2015.02.11-12.15.48:679][933]LogModuleManager: Shutting down and abandoning module WmfMedia (72)
[2015.02.11-12.15.48:679][933]LogModuleManager: Shutting down and abandoning module OnlineBlueprintSupport (71)
[2015.02.11-12.15.48:679][933]LogModuleManager: Shutting down and abandoning module PropertyEditor (70)
[2015.02.11-12.15.48:679][933]LogModuleManager: Shutting down and abandoning module BehaviorTreeEditor (69)
[2015.02.11-12.15.48:745][933]LogModuleManager: Shutting down and abandoning module FunctionalTesting (68)
[2015.02.11-12.15.48:745][933]LogModuleManager: Shutting down and abandoning module CollisionAnalyzer (67)
[2015.02.11-12.15.48:770][933]LogModuleManager: Shutting down and abandoning module WorkspaceMenuStructure (66)
[2015.02.11-12.15.48:770][933]LogModuleManager: Shutting down and abandoning module MessageLog (65)
[2015.02.11-12.15.48:770][933]LogModuleManager: Shutting down and abandoning module Sequencer (64)
[2015.02.11-12.15.48:819][933]LogModuleManager: Shutting down and abandoning module AssetTools (63)
[2015.02.11-12.15.48:832][933]LogModuleManager: Shutting down and abandoning module UMGEditor (62)
[2015.02.11-12.15.48:857][933]LogModuleManager: Shutting down and abandoning module UMG (61)
[2015.02.11-12.15.48:887][933]LogModuleManager: Shutting down and abandoning module Slate (60)
[2015.02.11-12.15.48:887][933]LogModuleManager: Shutting down and abandoning module EditorStyle (59)
[2015.02.11-12.15.48:891][933]LogModuleManager: Shutting down and abandoning module SessionServices (58)
[2015.02.11-12.15.48:891][933]LogModuleManager: Shutting down and abandoning module SourceCodeAccess (57)
[2015.02.11-12.15.48:891][933]LogModuleManager: Shutting down and abandoning module HeadMountedDisplay (56)
[2015.02.11-12.15.48:891][933]LogModuleManager: Shutting down and abandoning module XAudio2 (55)
[2015.02.11-12.15.48:891][933]LogModuleManager: Shutting down and abandoning module Networking (53)
[2015.02.11-12.15.48:891][933]LogModuleManager: Shutting down and abandoning module Core (52)
[2015.02.11-12.15.48:891][933]LogModuleManager: Shutting down and abandoning module KismetCompiler (51)
[2015.02.11-12.15.48:891][933]LogModuleManager: Shutting down and abandoning module PhysXFormats (50)
[2015.02.11-12.15.48:891][933]LogModuleManager: Shutting down and abandoning module MeshUtilities (49)
[2015.02.11-12.15.48:920][933]LogModuleManager: Shutting down and abandoning module DerivedDataCache (48)
[2015.02.11-12.15.48:929][933]LogDerivedDataCache: Shutdown
[2015.02.11-12.15.48:929][933]LogModuleManager: Shutting down and abandoning module ShaderFormatOpenGL (47)
[2015.02.11-12.15.48:947][933]LogModuleManager: Shutting down and abandoning module ShaderFormatD3D (46)
[2015.02.11-12.15.48:947][933]LogModuleManager: Shutting down and abandoning module MetalShaderFormat (45)
[2015.02.11-12.15.48:962][933]LogModuleManager: Shutting down and abandoning module TextureFormatUncompressed (44)
[2015.02.11-12.15.48:962][933]LogModuleManager: Shutting down and abandoning module TextureFormatPVR (43)
[2015.02.11-12.15.48:962][933]LogModuleManager: Shutting down and abandoning module TextureFormatDXT (42)
[2015.02.11-12.15.48:962][933]LogModuleManager: Shutting down and abandoning module TextureFormatAndroid (41)
[2015.02.11-12.15.48:962][933]LogModuleManager: Shutting down and abandoning module AudioFormatOpus (40)
[2015.02.11-12.15.48:974][933]LogModuleManager: Shutting down and abandoning module AudioFormatOgg (39)
[2015.02.11-12.15.48:974][933]LogModuleManager: Shutting down and abandoning module AudioFormatADPCM (38)
[2015.02.11-12.15.48:974][933]LogModuleManager: Shutting down and abandoning module LinuxTargetPlatform (37)
[2015.02.11-12.15.48:974][933]LogModuleManager: Shutting down and abandoning module LinuxServerTargetPlatform (36)
[2015.02.11-12.15.48:974][933]LogModuleManager: Shutting down and abandoning module LinuxNoEditorTargetPlatform (35)
[2015.02.11-12.15.48:974][933]LogModuleManager: Shutting down and abandoning module Messaging (34)
[2015.02.11-12.15.48:974][933]LogModuleManager: Shutting down and abandoning module IOSTargetPlatform (33)
[2015.02.11-12.15.48:974][933]LogModuleManager: Shutting down and abandoning module Android_PVRTCTargetPlatform (32)
[2015.02.11-12.15.48:974][933]LogModuleManager: Shutting down and abandoning module Android_ETC2TargetPlatform (31)
[2015.02.11-12.15.48:974][933]LogModuleManager: Shutting down and abandoning module Android_ETC1TargetPlatform (30)
[2015.02.11-12.15.48:974][933]LogModuleManager: Shutting down and abandoning module Android_DXTTargetPlatform (29)
[2015.02.11-12.15.48:974][933]LogModuleManager: Shutting down and abandoning module Android_ATCTargetPlatform (28)
[2015.02.11-12.15.48:974][933]LogModuleManager: Shutting down and abandoning module AndroidTargetPlatform (27)
[2015.02.11-12.15.48:974][933]LogModuleManager: Shutting down and abandoning module WindowsTargetPlatform (26)
[2015.02.11-12.15.48:974][933]LogModuleManager: Shutting down and abandoning module WindowsServerTargetPlatform (25)
[2015.02.11-12.15.48:974][933]LogModuleManager: Shutting down and abandoning module WindowsNoEditorTargetPlatform (24)
[2015.02.11-12.15.48:974][933]LogModuleManager: Shutting down and abandoning module WindowsClientTargetPlatform (23)
[2015.02.11-12.15.48:974][933]LogModuleManager: Shutting down and abandoning module TargetPlatform (22)
[2015.02.11-12.15.48:974][933]LogModuleManager: Shutting down and abandoning module InputCore (21)
[2015.02.11-12.15.48:974][933]LogModuleManager: Shutting down and abandoning module Settings (20)
[2015.02.11-12.15.48:974][933]LogModuleManager: Shutting down and abandoning module ImageWrapper (19)
[2015.02.11-12.15.48:974][933]LogModuleManager: Shutting down and abandoning module OculusRift (16)
[2015.02.11-12.15.48:993][933]LogModuleManager: Shutting down and abandoning module ExampleDeviceProfileSelector (15)
[2015.02.11-12.15.48:993][933]LogModuleManager: Shutting down and abandoning module DesktopPlatform (14)
[2015.02.11-12.15.49:010][933]LogModuleManager: Shutting down and abandoning module TextureCompressor (13)
[2015.02.11-12.15.49:032][933]LogModuleManager: Shutting down and abandoning module ShaderCore (12)
[2015.02.11-12.15.49:032][933]LogModuleManager: Shutting down and abandoning module Landscape (11)
[2015.02.11-12.15.49:032][933]LogModuleManager: Shutting down and abandoning module SlateRHIRenderer (10)
[2015.02.11-12.15.49:063][933]LogModuleManager: Shutting down and abandoning module OpenGLDrv (9)
[2015.02.11-12.15.49:063][933]LogModuleManager: Shutting down and abandoning module D3D11RHI (8)
[2015.02.11-12.15.49:063][933]LogModuleManager: Shutting down and abandoning module Renderer (7)
[2015.02.11-12.15.49:063][933]LogModuleManager: Shutting down and abandoning module Engine (6)
[2015.02.11-12.15.49:063][933]LogModuleManager: Shutting down and abandoning module CoreUObject (5)
[2015.02.11-12.15.49:063][933]LogModuleManager: Shutting down and abandoning module NetworkFile (4)
[2015.02.11-12.15.49:088][933]LogModuleManager: Shutting down and abandoning module StreamingFile (3)
[2015.02.11-12.15.49:088][933]LogModuleManager: Shutting down and abandoning module SandboxFile (2)
[2015.02.11-12.15.49:108][933]LogModuleManager: Shutting down and abandoning module PakFile (1)
[2015.02.11-12.15.49:129][933]LogExit: Exiting.
[2015.02.11-12.15.49:142][933]Log file closed, 02/11/15 13:15:49
